*** Error compiling 'cctbx/adp_restraints/tst_ext.py'...
  File "cctbx/adp_restraints/tst_ext.py", line 150
    print "Skipping exercise_rigid_bond_test(): input file not available"
                                                                        ^
SyntaxError: invalid syntax

*** Error compiling 'cctbx/adptbx/boost_python/tst_adptbx.py'...
  File "cctbx/adptbx/boost_python/tst_adptbx.py", line 103
    except RuntimeError, e: assert str(e).endswith("Index out of range.")
                       ^
SyntaxError: invalid syntax

*** Error compiling 'cctbx/array_family/boost_python/tst_flex.py'...
  File "cctbx/array_family/boost_python/tst_flex.py", line 283
    print "OK"
             ^
SyntaxError: Missing parentheses in call to 'print'. Did you mean print(t "OK")?

*** Error compiling 'cctbx/command_line/brehm_diederichs.py'...
  File "cctbx/command_line/brehm_diederichs.py", line 120
    print "reindexing %s" %file_name
                        ^
SyntaxError: Missing parentheses in call to 'print'. Did you mean print(print "reindexing %s" %file_name)?

*** Error compiling 'cctbx/command_line/eltbx.show_fp_fdp.py'...
  File "cctbx/command_line/eltbx.show_fp_fdp.py", line 19
    print "Source: %s" % options.xray_source
                     ^
SyntaxError: Missing parentheses in call to 'print'. Did you mean print(int "Source: %s" % options.xray_source)?

*** Error compiling 'cctbx/command_line/euclidean_model_matching.py'...
  File "cctbx/command_line/euclidean_model_matching.py", line 42
    print "Reference model:"
                           ^
SyntaxError: Missing parentheses in call to 'print'. Did you mean print(t "Reference model:")?

*** Error compiling 'cctbx/command_line/find_reticular_twin_laws.py'...
  File "cctbx/command_line/find_reticular_twin_laws.py", line 28
    print "----- Input symmetry -----"
                                     ^
SyntaxError: Missing parentheses in call to 'print'. Did you mean print(t "----- Input symmetry -----")?

*** Error compiling 'cctbx/command_line/form_factor_query.py'...
  File "cctbx/command_line/form_factor_query.py", line 62
    print "Information from %s table about %s (Z = %s) at %s %s" % (
                                                               ^
SyntaxError: invalid syntax

*** Error compiling 'cctbx/command_line/space_group_info.py'...
  File "cctbx/command_line/space_group_info.py", line 26
    print "  Crystal system:", gr.crystal_system()
                            ^
SyntaxError: invalid syntax

*** Error compiling 'cctbx/command_line/structure_factor_timings.py'...
  File "cctbx/command_line/structure_factor_timings.py", line 32
    print "d_min:", d_min
                 ^
SyntaxError: Missing parentheses in call to 'print'. Did you mean print(t "d_min:", d_min)?

*** Error compiling 'cctbx/command_line/version.py'...
  File "cctbx/command_line/version.py", line 16
    print version
                ^
SyntaxError: Missing parentheses in call to 'print'. Did you mean print(t version)?

*** Error compiling 'cctbx/command_line/wavelength_units.py'...
  File "cctbx/command_line/wavelength_units.py", line 22
    print "%.5f A = %.5f keV" % (a, k)
                            ^
SyntaxError: invalid syntax

*** Error compiling 'cctbx/covariance/tests/tst_covariance.py'...
  File "cctbx/covariance/tests/tst_covariance.py", line 62
    print "OK"
             ^
SyntaxError: Missing parentheses in call to 'print'. Did you mean print(t "OK")?

*** Error compiling 'cctbx/crystal/burzlaff_zimmermann_dewolff.py'...
  File "cctbx/crystal/burzlaff_zimmermann_dewolff.py", line 163
    print key, self.metric_tests[key], [
            ^
SyntaxError: Missing parentheses in call to 'print'. Did you mean print(print key, self.metric_tests[key], [)?

*** Error compiling 'cctbx/crystal/coordination_sequences.py'...
  File "cctbx/crystal/coordination_sequences.py", line 74
    print scatterer.label, list(terms),
                  ^
SyntaxError: invalid syntax

*** Error compiling 'cctbx/crystal/find_best_cell.py'...
  File "cctbx/crystal/find_best_cell.py", line 237
    print "Space group : ", sgi
                         ^
SyntaxError: Missing parentheses in call to 'print'. Did you mean print(int "Space group : ", sgi)?

*** Error compiling 'cctbx/crystal/tst_distance_based_connectivity.py'...
  File "cctbx/crystal/tst_distance_based_connectivity.py", line 54
    print "OK"
             ^
SyntaxError: Missing parentheses in call to 'print'. Did you mean print(t "OK")?

*** Error compiling 'cctbx/crystal/tst_ext.py'...
  File "cctbx/crystal/tst_ext.py", line 439
    print str([i_seq, j_seq, j_sym]) + ","
            ^
SyntaxError: invalid syntax

*** Error compiling 'cctbx/development/cl_template/cl_app.py'...
  File "cctbx/development/cl_template/cl_app.py", line 43
    print "In parent, running parse_cl"
                                      ^
SyntaxError: Missing parentheses in call to 'print'. Did you mean print(int "In parent, running parse_cl")?

*** Error compiling 'cctbx/development/cns_density_modification.py'...
  File "cctbx/development/cns_density_modification.py", line 81
    print cmd
            ^
SyntaxError: Missing parentheses in call to 'print'. Did you mean print(t cmd)?

*** Error compiling 'cctbx/development/debug_utils.py'...
  File "cctbx/development/debug_utils.py", line 60
    print "** Warning: multi-threaded space-group looping disabled **"
                                                                     ^
SyntaxError: Missing parentheses in call to 'print'. Did you mean print(int "** Warning: multi-threaded space-group looping disabled **")?

*** Error compiling 'cctbx/development/direct_or_fft.py'...
  File "cctbx/development/direct_or_fft.py", line 48
    print "%6d %6d %10.3f direct=%10.3f fft=%10.3f" % (
                                                  ^
SyntaxError: invalid syntax

*** Error compiling 'cctbx/development/electron_density_sampling.py'...
  File "cctbx/development/electron_density_sampling.py", line 8
    print "wing_cutoff for following fft calculations: %3.1e"%wing_cutoff
                                                            ^
SyntaxError: Missing parentheses in call to 'print'. Did you mean print(t "wing_cutoff for following fft calculations: %3.1e"%wing_cutoff)?

*** Error compiling 'cctbx/development/make_cns_input.py'...
  File "cctbx/development/make_cns_input.py", line 13
    print "Skipping tests: cns not available."
                                             ^
SyntaxError: Missing parentheses in call to 'print'. Did you mean print(int "Skipping tests: cns not available.")?

*** Error compiling 'cctbx/development/make_settings.py'...
  File "cctbx/development/make_settings.py", line 27
    print "# n_built =", n_built
                      ^
SyntaxError: Missing parentheses in call to 'print'. Did you mean print(t "# n_built =", n_built)?

*** Error compiling 'cctbx/development/random_structure.py'...
  File "cctbx/development/random_structure.py", line 198
    raise RuntimeError, "Cannot find sites matching all constraints."
                      ^
SyntaxError: invalid syntax

*** Error compiling 'cctbx/development/run_shelx.py'...
  File "cctbx/development/run_shelx.py", line 102
    raise RuntimeError, "Cannot handle more than 99 scatterer."
                      ^
SyntaxError: invalid syntax

*** Error compiling 'cctbx/development/run_shelx76.py'...
  File "cctbx/development/run_shelx76.py", line 170
    print "Skipping space group: centre of inversion is not at origin."
                                                                      ^
SyntaxError: Missing parentheses in call to 'print'. Did you mean print(int "Skipping space group: centre of inversion is not at origin.")?

*** Error compiling 'cctbx/development/structure_factor_utils.py'...
  File "cctbx/development/structure_factor_utils.py", line 13
    print label, "correlation: %.4f slope: %.3f" % (
              ^
SyntaxError: invalid syntax

*** Error compiling 'cctbx/development/tst_cns_epsilon.py'...
  File "cctbx/development/tst_cns_epsilon.py", line 47
    except AssertionError, exc:
                         ^
SyntaxError: invalid syntax

*** Error compiling 'cctbx/development/tst_cns_hl.py'...
  File "cctbx/development/tst_cns_hl.py", line 24
    print "Error:", h, cns_pi, miller_pi
                 ^
SyntaxError: Missing parentheses in call to 'print'. Did you mean print(print "Error:", h, cns_pi, miller_pi)?

*** Error compiling 'cctbx/dmtbx/boost_python/tst_dmtbx.py'...
  File "cctbx/dmtbx/boost_python/tst_dmtbx.py", line 69
    print "OK"
             ^
SyntaxError: Missing parentheses in call to 'print'. Did you mean print(t "OK")?

*** Error compiling 'cctbx/eltbx/development/combine_fits.py'...
  File "cctbx/eltbx/development/combine_fits.py", line 105
    print "%-4s n_terms=%d %4.2f %4.2f %s" % (
                                         ^
SyntaxError: invalid syntax

*** Error compiling 'cctbx/eltbx/development/e_scattering_plots.py'...
  File "cctbx/eltbx/development/e_scattering_plots.py", line 33
    print "plots written to file: all.pdf"
                                         ^
SyntaxError: Missing parentheses in call to 'print'. Did you mean print(t "plots written to file: all.pdf")?

*** Error compiling 'cctbx/eltbx/development/format_gaussian_fits.py'...
  File "cctbx/eltbx/development/format_gaussian_fits.py", line 54
    print "# %s:" % k, v
                ^
SyntaxError: Missing parentheses in call to 'print'. Did you mean print(int "# %s:" % k, v)?

*** Error compiling 'cctbx/eltbx/development/hydrogen_plots.py'...
  File "cctbx/eltbx/development/hydrogen_plots.py", line 72
    print "@with g0"
                   ^
SyntaxError: Missing parentheses in call to 'print'. Did you mean print(t "@with g0")?

*** Error compiling 'cctbx/eltbx/development/itvc_approx.py'...
  File "cctbx/eltbx/development/itvc_approx.py", line 22
    print "Warning: missing scatterer:", label
                                      ^
SyntaxError: Missing parentheses in call to 'print'. Did you mean print(print "Warning: missing scatterer:", label)?

*** Error compiling 'cctbx/eltbx/development/itvc_cross_validation.py'...
  File "cctbx/eltbx/development/itvc_cross_validation.py", line 8
    print "Different:", label
                     ^
SyntaxError: Missing parentheses in call to 'print'. Did you mean print(int "Different:", label)?

*** Error compiling 'cctbx/eltbx/development/itvc_fits.py'...
  File "cctbx/eltbx/development/itvc_fits.py", line 24
    print "No plots because target directory does not exist (mkdir %s)." % \
                                                                       ^
SyntaxError: invalid syntax

*** Error compiling 'cctbx/eltbx/development/itvc_kissel.py'...
  File "cctbx/eltbx/development/itvc_kissel.py", line 50
    print "Element:", ktab.element, "max_delta=%.4f, max_tol_del=%.4f" % (
                   ^
SyntaxError: invalid syntax

*** Error compiling 'cctbx/eltbx/development/itvc_section61_io.py'...
  File "cctbx/eltbx/development/itvc_section61_io.py", line 85
    except ValueError, e: raise ValueError(line)
                     ^
SyntaxError: invalid syntax

*** Error compiling 'cctbx/eltbx/development/kissel_fits.py'...
  File "cctbx/eltbx/development/kissel_fits.py", line 24
    print "No plots because target directory does not exist (mkdir %s)." % \
                                                                       ^
SyntaxError: invalid syntax

*** Error compiling 'cctbx/eltbx/development/kissel_io.py'...
  File "cctbx/eltbx/development/kissel_io.py", line 89
    print tab.element, tab.atomic_number,
            ^
SyntaxError: Missing parentheses in call to 'print'. Did you mean print(int tab.element, tab.atomic_number, end=" ")?

*** Error compiling 'cctbx/eltbx/development/rez_rez_grant.py'...
  File "cctbx/eltbx/development/rez_rez_grant.py", line 76
    print "max error:", flex.max(gaussian_fit.significant_relative_errors())
                     ^
SyntaxError: invalid syntax

*** Error compiling 'cctbx/eltbx/gaussian_fit.py'...
  File "cctbx/eltbx/gaussian_fit.py", line 32
    print "%24s: %s n_terms=%-4s stol=%.2f, d_min=%.2f, e=%.4f" % (
                                                              ^
SyntaxError: invalid syntax

*** Error compiling 'cctbx/eltbx/tests/tst_attenuation_coefficient.py'...
  File "cctbx/eltbx/tests/tst_attenuation_coefficient.py", line 32
    print 'OK'
             ^
SyntaxError: Missing parentheses in call to 'print'. Did you mean print(t 'OK')?

*** Error compiling 'cctbx/eltbx/tests/tst_chemical_elements.py'...
  File "cctbx/eltbx/tests/tst_chemical_elements.py", line 23
    print "OK"
             ^
SyntaxError: Missing parentheses in call to 'print'. Did you mean print(t "OK")?

*** Error compiling 'cctbx/eltbx/tests/tst_covalent_radii.py'...
  File "cctbx/eltbx/tests/tst_covalent_radii.py", line 23
    print "OK"
             ^
SyntaxError: Missing parentheses in call to 'print'. Did you mean print(t "OK")?

*** Error compiling 'cctbx/eltbx/tests/tst_formula.py'...
  File "cctbx/eltbx/tests/tst_formula.py", line 23
    print 'OK'
             ^
SyntaxError: Missing parentheses in call to 'print'. Did you mean print(t 'OK')?

*** Error compiling 'cctbx/eltbx/tests/tst_henke.py'...
  File "cctbx/eltbx/tests/tst_henke.py", line 42
    print "OK"
             ^
SyntaxError: Missing parentheses in call to 'print'. Did you mean print(t "OK")?

*** Error compiling 'cctbx/eltbx/tests/tst_icsd_radii.py'...
  File "cctbx/eltbx/tests/tst_icsd_radii.py", line 22
    print "OK"
             ^
SyntaxError: Missing parentheses in call to 'print'. Did you mean print(t "OK")?

*** Error compiling 'cctbx/eltbx/tests/tst_neutron.py'...
  File "cctbx/eltbx/tests/tst_neutron.py", line 24
    except ValueError, e:
                     ^
SyntaxError: invalid syntax

*** Error compiling 'cctbx/eltbx/tests/tst_sasaki.py'...
  File "cctbx/eltbx/tests/tst_sasaki.py", line 49
    print "OK"
             ^
SyntaxError: Missing parentheses in call to 'print'. Did you mean print(t "OK")?

*** Error compiling 'cctbx/eltbx/tests/tst_tiny_pse.py'...
  File "cctbx/eltbx/tests/tst_tiny_pse.py", line 25
    print "OK"
             ^
SyntaxError: Missing parentheses in call to 'print'. Did you mean print(t "OK")?

*** Error compiling 'cctbx/eltbx/tests/tst_wavelengths.py'...
  File "cctbx/eltbx/tests/tst_wavelengths.py", line 22
    print "OK"
             ^
SyntaxError: Missing parentheses in call to 'print'. Did you mean print(t "OK")?

*** Error compiling 'cctbx/eltbx/tests/tst_xray_scattering.py'...
  File "cctbx/eltbx/tests/tst_xray_scattering.py", line 29
    except ValueError, e:
                     ^
SyntaxError: invalid syntax

*** Error compiling 'cctbx/examples/adp_symmetry_constraints.py'...
  File "cctbx/examples/adp_symmetry_constraints.py", line 87
    print "OK"
             ^
SyntaxError: Missing parentheses in call to 'print'. Did you mean print(t "OK")?

*** Error compiling 'cctbx/examples/all_axes.py'...
  File "cctbx/examples/all_axes.py", line 47
    print "Rotation type, Axis direction, Intrinsic part, Origin shift"
                                                                      ^
SyntaxError: Missing parentheses in call to 'print'. Did you mean print(t "Rotation type, Axis direction, Intrinsic part, Origin shift")?

*** Error compiling 'cctbx/examples/analyze_adp.py'...
  File "cctbx/examples/analyze_adp.py", line 21
    print "Input Ucif:", u_cif
                      ^
SyntaxError: Missing parentheses in call to 'print'. Did you mean print(t "Input Ucif:", u_cif)?

*** Error compiling 'cctbx/examples/change_hand_p31.py'...
  File "cctbx/examples/change_hand_p31.py", line 15
    print __doc__
                ^
SyntaxError: Missing parentheses in call to 'print'. Did you mean print(t __doc__)?

*** Error compiling 'cctbx/examples/convert_ccp4_symop_lib.py'...
  File "cctbx/examples/convert_ccp4_symop_lib.py", line 21
    print nspgrp, nsym, flds[2] # print it all
               ^
SyntaxError: Missing parentheses in call to 'print'. Did you mean print(int nspgrp, nsym, flds[2] # print it all)?

*** Error compiling 'cctbx/examples/cr2o3_consistency_checks.py'...
  File "cctbx/examples/cr2o3_consistency_checks.py", line 43
    print "Coordination sequences for", label, "structure"
                                     ^
SyntaxError: Missing parentheses in call to 'print'. Did you mean print(int "Coordination sequences for", label, "structure")?

*** Error compiling 'cctbx/examples/cr2o3_primitive_cell.py'...
  File "cctbx/examples/cr2o3_primitive_cell.py", line 36
    print "OK"
             ^
SyntaxError: Missing parentheses in call to 'print'. Did you mean print(t "OK")?

*** Error compiling 'cctbx/examples/f_model_example.py'...
  File "cctbx/examples/f_model_example.py", line 122
    print "OK"
             ^
SyntaxError: Missing parentheses in call to 'print'. Did you mean print(t "OK")?

*** Error compiling 'cctbx/examples/fft_map_electron_density_around_atom.py'...
  File "cctbx/examples/fft_map_electron_density_around_atom.py", line 92
    "%3.1f %4.2f %-12s %5d %5d | %6.3f %6.3f | %6.3f %6.3f | %4.2f %5.1f" % (
                                                                        ^
SyntaxError: invalid syntax

*** Error compiling 'cctbx/examples/find_distances_using_cpp_objects.py'...
  File "cctbx/examples/find_distances_using_cpp_objects.py", line 54
    print "i:", i
             ^
SyntaxError: Missing parentheses in call to 'print'. Did you mean print(int "i:", i)?

*** Error compiling 'cctbx/examples/find_sys_abs_equiv_space_groups.py'...
  File "cctbx/examples/find_sys_abs_equiv_space_groups.py", line 54
    print cluster
                ^
SyntaxError: Missing parentheses in call to 'print'. Did you mean print(print cluster)?

*** Error compiling 'cctbx/examples/g_exp_i_partial_derivatives.py'...
  File "cctbx/examples/g_exp_i_partial_derivatives.py", line 48
    print "OK"
             ^
SyntaxError: Missing parentheses in call to 'print'. Did you mean print(t "OK")?

*** Error compiling 'cctbx/examples/getting_started.py'...
  File "cctbx/examples/getting_started.py", line 9
    for s in symmetry.space_group(): print s
                                           ^
SyntaxError: invalid syntax

*** Error compiling 'cctbx/examples/hirshfeld_test.py'...
  File "cctbx/examples/hirshfeld_test.py", line 25
    print "%s <-> %s: %.3g" % (sc_1.label, sc_2.label, delta)
                          ^
SyntaxError: invalid syntax

*** Error compiling 'cctbx/examples/le_page_1982_vs_lebedev_2005.py'...
  File "cctbx/examples/le_page_1982_vs_lebedev_2005.py", line 61
    print "OK"
             ^
SyntaxError: Missing parentheses in call to 'print'. Did you mean print(t "OK")?

*** Error compiling 'cctbx/examples/lebedev_2005_perturbation.py'...
  File "cctbx/examples/lebedev_2005_perturbation.py", line 206
    print s.mathematica_form(label="s", one_row_per_line=True)
          ^
SyntaxError: invalid syntax

*** Error compiling 'cctbx/examples/list_non_principal_continuous_shifts.py'...
  File "cctbx/examples/list_non_principal_continuous_shifts.py", line 18
    print str(sgi)
            ^
SyntaxError: invalid syntax

*** Error compiling 'cctbx/examples/location_part.py'...
  File "cctbx/examples/location_part.py", line 27
    print self.space_group_printout
             ^
SyntaxError: Missing parentheses in call to 'print'. Did you mean print(print self.space_group_printout)?

*** Error compiling 'cctbx/examples/map_skewness.py'...
  File "cctbx/examples/map_skewness.py", line 52
    print "fudge factor, phase difference, map skewness:",
                                                        ^
SyntaxError: Missing parentheses in call to 'print'. Did you mean print(int "fudge factor, phase difference, map skewness:", end=" ")?

*** Error compiling 'cctbx/examples/maximum_subgroups.py'...
  File "cctbx/examples/maximum_subgroups.py", line 62
    print "Subgroups of input space groups which can be constructed by introducing one single operator (and group completion) in the subgroup:"
                                                                                                                                              ^
SyntaxError: invalid syntax

*** Error compiling 'cctbx/examples/merging/data_subset.py'...
  File "cctbx/examples/merging/data_subset.py", line 75
    print "DONE UNMAPPING HERE"
                              ^
SyntaxError: Missing parentheses in call to 'print'. Did you mean print(print "DONE UNMAPPING HERE")?

*** Error compiling 'cctbx/examples/merging/data_utilities.py'...
  File "cctbx/examples/merging/data_utilities.py", line 52
    print message,LC.coefficient(),"on %d values"%LC.n()
                ^
SyntaxError: invalid syntax

*** Error compiling 'cctbx/examples/merging/samosa/join.py'...
  File "cctbx/examples/merging/samosa/join.py", line 111
    print "Allocating intensities"
                                 ^
SyntaxError: Missing parentheses in call to 'print'. Did you mean print(int "Allocating intensities")?

*** Error compiling 'cctbx/examples/merging/samosa/scale.py'...
  File "cctbx/examples/merging/samosa/scale.py", line 26
    print "Read in %d observations"%(len(obs["observed_intensity"]))
                                  ^
SyntaxError: invalid syntax

*** Error compiling 'cctbx/examples/merging/sigma_correction.py'...
  File "cctbx/examples/merging/sigma_correction.py", line 32
    print "\nA mean %7.4f std %7.4f"%(stats_a.mean(),stats_a.unweighted_sample_standard_deviation())
                                   ^
SyntaxError: invalid syntax

*** Error compiling 'cctbx/examples/merging/task4.py'...
  File "cctbx/examples/merging/task4.py", line 41
    print "<I> / <sigma>", (mean_signal/ mean_sigma)
                        ^
SyntaxError: invalid syntax

*** Error compiling 'cctbx/examples/merging/test1.py'...
  File "cctbx/examples/merging/test1.py", line 18
    print "OK"
             ^
SyntaxError: Missing parentheses in call to 'print'. Did you mean print(int "OK")?

*** Error compiling 'cctbx/examples/merging/test_cc_half.py'...
  File "cctbx/examples/merging/test_cc_half.py", line 44
    print "OK"
             ^
SyntaxError: Missing parentheses in call to 'print'. Did you mean print(print "OK")?

*** Error compiling 'cctbx/examples/merging/test_levenberg_sparse.py'...
  File "cctbx/examples/merging/test_levenberg_sparse.py", line 83
    print "# structure factors:",self.N_I, "# frames:",self.N_G, "(Visited set; refined parameters)"
                               ^
SyntaxError: invalid syntax

*** Error compiling 'cctbx/examples/merging/tst_permutations.py'...
  File "cctbx/examples/merging/tst_permutations.py", line 11
    print trial(x,y),
              ^
SyntaxError: invalid syntax

*** Error compiling 'cctbx/examples/miller_common_sets.py'...
  File "cctbx/examples/miller_common_sets.py", line 35
    print "asu a:", h
                 ^
SyntaxError: Missing parentheses in call to 'print'. Did you mean print(int "asu a:", h)?

*** Error compiling 'cctbx/examples/miller_transform.py'...
  File "cctbx/examples/miller_transform.py", line 38
    print 'OK'
             ^
SyntaxError: Missing parentheses in call to 'print'. Did you mean print(t 'OK')?

*** Error compiling 'cctbx/examples/quartz_structure.py'...
  File "cctbx/examples/quartz_structure.py", line 36
    print "%s:" % scatterer.label, "%8.4f %8.4f %8.4f" % scatterer.site
              ^
SyntaxError: Missing parentheses in call to 'print'. Did you mean print(int "%s:" % scatterer.label, "%8.4f %8.4f %8.4f" % scatterer.site)?

*** Error compiling 'cctbx/examples/random_f_calc.py'...
  File "cctbx/examples/random_f_calc.py", line 30
    print "Writing file: map_coeff.pickle"
                                         ^
SyntaxError: Missing parentheses in call to 'print'. Did you mean print(t "Writing file: map_coeff.pickle")?

*** Error compiling 'cctbx/examples/random_puckers.py'...
  File "cctbx/examples/random_puckers.py", line 115
    except RuntimeError, e:
                       ^
SyntaxError: invalid syntax

*** Error compiling 'cctbx/examples/reduced_cell_two_folds.py'...
  File "cctbx/examples/reduced_cell_two_folds.py", line 17
    print elements, r.info().ev(), r.transpose().info().ev()
                 ^
SyntaxError: invalid syntax

*** Error compiling 'cctbx/examples/site_symmetry_constraints.py'...
  File "cctbx/examples/site_symmetry_constraints.py", line 29
    print "special position operator:", site_symmetry.special_op()
                                     ^
SyntaxError: invalid syntax

*** Error compiling 'cctbx/examples/site_symmetry_table.py'...
  File "cctbx/examples/site_symmetry_table.py", line 48
    print site_symmetry_table.get(i_seq=i_seq).special_op()
                            ^
SyntaxError: invalid syntax

*** Error compiling 'cctbx/examples/space_group_matrices.py'...
  File "cctbx/examples/space_group_matrices.py", line 11
    print " ", list(rt.r) + list(rt.t)
            ^
SyntaxError: invalid syntax

*** Error compiling 'cctbx/examples/space_subgroups.py'...
  File "cctbx/examples/space_subgroups.py", line 29
    except RuntimeError, e:
                       ^
SyntaxError: invalid syntax

*** Error compiling 'cctbx/examples/steve_collins.py'...
  File "cctbx/examples/steve_collins.py", line 8
    print s # in "xyz" notation
          ^
SyntaxError: Missing parentheses in call to 'print'. Did you mean print(int s # in "xyz" notation)?

*** Error compiling 'cctbx/examples/structure_factor_calculus/site_derivatives.py'...
  File "cctbx/examples/structure_factor_calculus/site_derivatives.py", line 96
    print "OK"
             ^
SyntaxError: Missing parentheses in call to 'print'. Did you mean print(t "OK")?

*** Error compiling 'cctbx/examples/structure_factor_calculus/sites_derivatives.py'...
  File "cctbx/examples/structure_factor_calculus/sites_derivatives.py", line 111
    print "OK"
             ^
SyntaxError: Missing parentheses in call to 'print'. Did you mean print(t "OK")?

*** Error compiling 'cctbx/examples/structure_factor_calculus/sites_least_squares_derivatives.py'...
  File "cctbx/examples/structure_factor_calculus/sites_least_squares_derivatives.py", line 149
    print "OK"
             ^
SyntaxError: Missing parentheses in call to 'print'. Did you mean print(t "OK")?

*** Error compiling 'cctbx/examples/structure_factor_calculus/u_star_derivatives.py'...
  File "cctbx/examples/structure_factor_calculus/u_star_derivatives.py", line 114
    print "OK"
             ^
SyntaxError: Missing parentheses in call to 'print'. Did you mean print(t "OK")?

*** Error compiling 'cctbx/examples/sub_group_graph.py'...
  File "cctbx/examples/sub_group_graph.py", line 30
    print "Command for dot (graphviz package) to show relations between groups: "
                                                                                ^
SyntaxError: invalid syntax

*** Error compiling 'cctbx/examples/symops_530.py'...
  File "cctbx/examples/symops_530.py", line 26
    print symbol
               ^
SyntaxError: Missing parentheses in call to 'print'. Did you mean print(int symbol)?

*** Error compiling 'cctbx/examples/trigonal_r_vs_tetragonal_i.py'...
  File "cctbx/examples/trigonal_r_vs_tetragonal_i.py", line 30
    print 'This is the "tetragonal I" setting humans like:'
                                                          ^
SyntaxError: Missing parentheses in call to 'print'. Did you mean print(t 'This is the "tetragonal I" setting humans like:')?

*** Error compiling 'cctbx/examples/tst_exp_i_alpha_derivatives.py'...
  File "cctbx/examples/tst_exp_i_alpha_derivatives.py", line 98
    print "OK"
             ^
SyntaxError: Missing parentheses in call to 'print'. Did you mean print(t "OK")?

*** Error compiling 'cctbx/examples/tst_g_exp_i_alpha_derivatives.py'...
  File "cctbx/examples/tst_g_exp_i_alpha_derivatives.py", line 91
    print "OK"
             ^
SyntaxError: Missing parentheses in call to 'print'. Did you mean print(t "OK")?

*** Error compiling 'cctbx/examples/tst_phase_o_phrenia.py'...
  File "cctbx/examples/tst_phase_o_phrenia.py", line 19
    print "%.6g" % peak.height, "%8.5f %8.5f %8.5f" % peak.site
               ^
SyntaxError: Missing parentheses in call to 'print'. Did you mean print(int "%.6g" % peak.height, "%8.5f %8.5f %8.5f" % peak.site)?

*** Error compiling 'cctbx/examples/tst_space_subgroups.py'...
  File "cctbx/examples/tst_space_subgroups.py", line 11
    print "OK"
             ^
SyntaxError: Missing parentheses in call to 'print'. Did you mean print(t "OK")?

*** Error compiling 'cctbx/examples/tst_structure_factor_derivatives.py'...
  File "cctbx/examples/tst_structure_factor_derivatives.py", line 99
    print "OK"
             ^
SyntaxError: Missing parentheses in call to 'print'. Did you mean print(t "OK")?

*** Error compiling 'cctbx/examples/tst_structure_factor_derivatives_2.py'...
  File "cctbx/examples/tst_structure_factor_derivatives_2.py", line 123
    print "OK"
             ^
SyntaxError: Missing parentheses in call to 'print'. Did you mean print(t "OK")?

*** Error compiling 'cctbx/examples/unit_cell_minimizers.py'...
  File "cctbx/examples/unit_cell_minimizers.py", line 76
    print "plot_legend:", self.plot_legend
                       ^
SyntaxError: Missing parentheses in call to 'print'. Did you mean print(print "plot_legend:", self.plot_legend)?

*** Error compiling 'cctbx/examples/unit_cell_refinement.py'...
  File "cctbx/examples/unit_cell_refinement.py", line 89
    print "functional: %12.6g" % f, "gradient norm: %12.6g" % g.norm()
                             ^
SyntaxError: invalid syntax

*** Error compiling 'cctbx/examples/view_fft_map.py'...
  File "cctbx/examples/view_fft_map.py", line 16
    print "Loading module:", __name__
                          ^
SyntaxError: Missing parentheses in call to 'print'. Did you mean print("Loading module:", __name__)?

*** Error compiling 'cctbx/geometry/tests/tst_geometry.py'...
  File "cctbx/geometry/tests/tst_geometry.py", line 309
    print "OK"
             ^
SyntaxError: Missing parentheses in call to 'print'. Did you mean print(t "OK")?

*** Error compiling 'cctbx/geometry_restraints/auto_linking_types.py'...
  File "cctbx/geometry_restraints/auto_linking_types.py", line 54
    print bond_origin_ids
                        ^
SyntaxError: Missing parentheses in call to 'print'. Did you mean print(t bond_origin_ids)?

*** Error compiling 'cctbx/geometry_restraints/distance_least_squares.py'...
  File "cctbx/geometry_restraints/distance_least_squares.py", line 257
    except RuntimeError, lbfgs_error:
                       ^
SyntaxError: invalid syntax

*** Error compiling 'cctbx/geometry_restraints/linking_class.py'...
  File "cctbx/geometry_restraints/linking_class.py", line 28
    print lc
           ^
SyntaxError: Missing parentheses in call to 'print'. Did you mean print(t lc)?

*** Error compiling 'cctbx/geometry_restraints/nonbonded_overlaps.py'...
  File "cctbx/geometry_restraints/nonbonded_overlaps.py", line 96
    print e
          ^
SyntaxError: Missing parentheses in call to 'print'. Did you mean print(print e)?

*** Error compiling 'cctbx/geometry_restraints/tst_angle_derivs.py'...
  File "cctbx/geometry_restraints/tst_angle_derivs.py", line 163
    print "OK"
             ^
SyntaxError: Missing parentheses in call to 'print'. Did you mean print(t "OK")?

*** Error compiling 'cctbx/geometry_restraints/tst_ext.py'...
  File "cctbx/geometry_restraints/tst_ext.py", line 2383
    print "Normal:", planarity.normal()
                  ^
SyntaxError: invalid syntax

*** Error compiling 'cctbx/geometry_restraints/tst_motif.py'...
  File "cctbx/geometry_restraints/tst_motif.py", line 292
    except RuntimeError, e:
                       ^
SyntaxError: invalid syntax

*** Error compiling 'cctbx/geometry_restraints/tst_nonbonded_overlaps.py'...
  File "cctbx/geometry_restraints/tst_nonbonded_overlaps.py", line 921
    print 'current _dir',os.getcwd()
                       ^
SyntaxError: invalid syntax

*** Error compiling 'cctbx/geometry_restraints/tst_proxy_registry.py'...
  File "cctbx/geometry_restraints/tst_proxy_registry.py", line 52
    print "OK"
             ^
SyntaxError: Missing parentheses in call to 'print'. Did you mean print(t "OK")?

*** Error compiling 'cctbx/macro_mol/rotation_parameters.py'...
  File "cctbx/macro_mol/rotation_parameters.py", line 104
    raise ArgumentError, "Either parameters or matrix required."
                       ^
SyntaxError: invalid syntax

*** Error compiling 'cctbx/maptbx/__init__.py'...
  File "cctbx/maptbx/__init__.py", line 1435
    print "d_fsc_model:", d_fsc_model
                       ^
SyntaxError: Missing parentheses in call to 'print'. Did you mean print(t "d_fsc_model:", d_fsc_model)?

*** Error compiling 'cctbx/maptbx/boost_python/time_grid_indices_around_sites.py'...
  File "cctbx/maptbx/boost_python/time_grid_indices_around_sites.py", line 14
    print "number of pdb atoms:", pdb_inp.atoms().size()
                               ^
SyntaxError: invalid syntax

*** Error compiling 'cctbx/maptbx/boost_python/tst_maptbx.py'...
  File "cctbx/maptbx/boost_python/tst_maptbx.py", line 520
    if (timing): print msg
                         ^
SyntaxError: invalid syntax

*** Error compiling 'cctbx/maptbx/minimization.py'...
  File "cctbx/maptbx/minimization.py", line 15
    print "%8.3f - %8.3f: %5d" % (lc_1,hc_1,n_1)
                             ^
SyntaxError: invalid syntax

*** Error compiling 'cctbx/maptbx/refine_sharpening.py'...
  File "cctbx/maptbx/refine_sharpening.py", line 58
    print "Norms:"
                 ^
SyntaxError: Missing parentheses in call to 'print'. Did you mean print(print "Norms:")?

*** Error compiling 'cctbx/maptbx/resolution_from_map_and_model.py'...
  File "cctbx/maptbx/resolution_from_map_and_model.py", line 56
    print "%5d %10.6f %10.6f"%(i_bin, dm,  math.log(m))
                            ^
SyntaxError: invalid syntax

*** Error compiling 'cctbx/maptbx/segment_and_split_map.py'...
  File "cctbx/maptbx/segment_and_split_map.py", line 2481
    except Exception,e:
                    ^
SyntaxError: invalid syntax

*** Error compiling 'cctbx/maptbx/tst_asymmetric_map.py'...
  File "cctbx/maptbx/tst_asymmetric_map.py", line 12
    print "\n=="
               ^
SyntaxError: Missing parentheses in call to 'print'. Did you mean print(t "\n==")?

*** Error compiling 'cctbx/maptbx/tst_atom_curves.py'...
  File "cctbx/maptbx/tst_atom_curves.py", line 41
    print "OK"
             ^
SyntaxError: Missing parentheses in call to 'print'. Did you mean print(t "OK")?

*** Error compiling 'cctbx/maptbx/tst_atom_radius_as_central_peak_width.py'...
  File "cctbx/maptbx/tst_atom_radius_as_central_peak_width.py", line 15
    print "OK"
             ^
SyntaxError: Missing parentheses in call to 'print'. Did you mean print(t "OK")?

*** Error compiling 'cctbx/maptbx/tst_ccp.py'...
  File "cctbx/maptbx/tst_ccp.py", line 1441
    print "Original (sigma-scaled):"
                                   ^
SyntaxError: invalid syntax

*** Error compiling 'cctbx/maptbx/tst_get_percentile_cutoffs.py'...
  File "cctbx/maptbx/tst_get_percentile_cutoffs.py", line 111
    print "Time: %6.4f" % (time.time()-t0)
                      ^
SyntaxError: invalid syntax

*** Error compiling 'cctbx/maptbx/tst_interpolation.py'...
  File "cctbx/maptbx/tst_interpolation.py", line 93
    print fmt%(O.step[0], tl,gxl,gyl,gzl, tq,gxq,gyq,gzq, tt,gxt,gyt,gzt)
            ^
SyntaxError: invalid syntax

*** Error compiling 'cctbx/maptbx/tst_interpolation_2.py'...
  File "cctbx/maptbx/tst_interpolation_2.py", line 91
    print "Time: %6.2f"%(time.time()-t0)
                      ^
SyntaxError: invalid syntax

*** Error compiling 'cctbx/maptbx/tst_mask.py'...
  File "cctbx/maptbx/tst_mask.py", line 272
    print "file %d solvent_raius: %3.1f"%(i_pdb, solvent_radius)
                                       ^
SyntaxError: invalid syntax

*** Error compiling 'cctbx/maptbx/tst_peak_volume_estimate.py'...
  File "cctbx/maptbx/tst_peak_volume_estimate.py", line 41
    print result.min_max_mean().as_tuple() # XXX why they are so different ?
               ^
SyntaxError: invalid syntax

*** Error compiling 'cctbx/maptbx/tst_real_space_refinement_simple.py'...
  File "cctbx/maptbx/tst_real_space_refinement_simple.py", line 86
    print format_cpu_times()
                         ^
SyntaxError: invalid syntax

*** Error compiling 'cctbx/maptbx/tst_resolution_from_map_and_model.py'...
  File "cctbx/maptbx/tst_resolution_from_map_and_model.py", line 480
    print b, d_min, "<>", b_result, result, d_fsc_model
          ^
SyntaxError: Missing parentheses in call to 'print'. Did you mean print(print b, d_min, "<>", b_result, result, d_fsc_model)?

*** Error compiling 'cctbx/masks/tests/tst_flood_fill.py'...
  File "cctbx/masks/tests/tst_flood_fill.py", line 71
    print "OK"
             ^
SyntaxError: Missing parentheses in call to 'print'. Did you mean print(t "OK")?

*** Error compiling 'cctbx/math/boost_python/tst_math.py'...
  File "cctbx/math/boost_python/tst_math.py", line 14
    print "OK"
             ^
SyntaxError: Missing parentheses in call to 'print'. Did you mean print(t "OK")?

*** Error compiling 'cctbx/merging/brehm_diederichs.py'...
  File "cctbx/merging/brehm_diederichs.py", line 49
    if self.verbose: print twin_law.operator.r().as_hkl()
                                  ^
SyntaxError: invalid syntax

*** Error compiling 'cctbx/miller/__init__.py'...
  File "cctbx/miller/__init__.py", line 76
    print "BIN: %s  COUNTS: %s " %(j_bin,self.count(j_bin))
                               ^
SyntaxError: invalid syntax

*** Error compiling 'cctbx/miller/boost_python/tst_miller.py'...
  File "cctbx/miller/boost_python/tst_miller.py", line 477
    cd0 = [ complex(a,b) for (a,b) in (1,1),(2,0),(3.5,-1.5),(5, -3),(-8,5.4) ]
                                           ^
SyntaxError: invalid syntax

*** Error compiling 'cctbx/miller/display.py'...
  File "cctbx/miller/display.py", line 312
    print "No systematic absences found!"
                                        ^
SyntaxError: Missing parentheses in call to 'print'. Did you mean print(print "No systematic absences found!")?

*** Error compiling 'cctbx/miller/tst_map_to_asu_isym.py'...
  File "cctbx/miller/tst_map_to_asu_isym.py", line 73
    print 'OK'
             ^
SyntaxError: Missing parentheses in call to 'print'. Did you mean print(t 'OK')?

*** Error compiling 'cctbx/miller/tst_reindexing.py'...
  File "cctbx/miller/tst_reindexing.py", line 150
    print "OK"
             ^
SyntaxError: Missing parentheses in call to 'print'. Did you mean print(t "OK")?

*** Error compiling 'cctbx/multipolar/regression/tst_multipolar.py'...
  File "cctbx/multipolar/regression/tst_multipolar.py", line 70
    print atom_type
                  ^
SyntaxError: Missing parentheses in call to 'print'. Did you mean print(int atom_type)?

*** Error compiling 'cctbx/neutron/__init__.py'...
  File "cctbx/neutron/__init__.py", line 113
    print "WARNING: RESULTS NOT VERIFIED" # XXX
                                        ^
SyntaxError: Missing parentheses in call to 'print'. Did you mean print(int "WARNING: RESULTS NOT VERIFIED" # XXX)?

*** Error compiling 'cctbx/omz/cif_refine.py'...
  File "cctbx/omz/cif_refine.py", line 7
    print obs.info()
            ^
SyntaxError: invalid syntax

*** Error compiling 'cctbx/omz/cod_refine.py'...
  File "cctbx/omz/cod_refine.py", line 128
    print "%-12s cc, r1: %.4f %.4f" % (label, cc, r1)
                                  ^
SyntaxError: invalid syntax

*** Error compiling 'cctbx/omz/cod_select_and_pickle.py'...
  File "cctbx/omz/cod_select_and_pickle.py", line 17
    print "refl_file:", refl_file
                     ^
SyntaxError: Missing parentheses in call to 'print'. Did you mean print(int "refl_file:", refl_file)?

*** Error compiling 'cctbx/omz/dev.py'...
  File "cctbx/omz/dev.py", line 99
    if (0): print "CHECK Wolfe decr curv", decr_cond, curv_cond
                                        ^
SyntaxError: invalid syntax

*** Error compiling 'cctbx/omz/eval_iso_vs_refined.py'...
  File "cctbx/omz/eval_iso_vs_refined.py", line 99
    print "WARNING: more missing results than expected."
                                                       ^
SyntaxError: Missing parentheses in call to 'print'. Did you mean print(int "WARNING: more missing results than expected.")?

*** Error compiling 'cctbx/omz/pdb_dev.py'...
  File "cctbx/omz/pdb_dev.py", line 22
    print ma.info()
           ^
SyntaxError: invalid syntax

*** Error compiling 'cctbx/omz/tardy_adaptor.py'...
  File "cctbx/omz/tardy_adaptor.py", line 34
    print "NO_TARDY: no edge_list"
                                 ^
SyntaxError: Missing parentheses in call to 'print'. Did you mean print(int "NO_TARDY: no edge_list")?

*** Error compiling 'cctbx/omz/tst_bfgs.py'...
  File "cctbx/omz/tst_bfgs.py", line 124
    print "OK"
             ^
SyntaxError: Missing parentheses in call to 'print'. Did you mean print(t "OK")?

*** Error compiling 'cctbx/omz/tst_dev.py'...
  File "cctbx/omz/tst_dev.py", line 29
    print "R1: %.4f" % r1
                   ^
SyntaxError: Missing parentheses in call to 'print'. Did you mean print(t "R1: %.4f" % r1)?

*** Error compiling 'cctbx/regression/tst_adp_aniso_restraints.py'...
  File "cctbx/regression/tst_adp_aniso_restraints.py", line 98
    print "Skipping exercise(): mmtbx module not available"
                                                          ^
SyntaxError: invalid syntax

*** Error compiling 'cctbx/regression/tst_adp_constraints_cartesian.py'...
  File "cctbx/regression/tst_adp_constraints_cartesian.py", line 32
    print "%s," % wyckoff_pos.letter(),
              ^
SyntaxError: invalid syntax

*** Error compiling 'cctbx/regression/tst_amplitude_normalisation.py'...
  File "cctbx/regression/tst_amplitude_normalisation.py", line 109
    print "OK"
             ^
SyntaxError: Missing parentheses in call to 'print'. Did you mean print(t "OK")?

*** Error compiling 'cctbx/regression/tst_change_basis.py'...
  File "cctbx/regression/tst_change_basis.py", line 57
    print "n_special_positions:", \
                               ^
SyntaxError: Missing parentheses in call to 'print'. Did you mean print(int "n_special_positions:", \)?

*** Error compiling 'cctbx/regression/tst_connectivity.py'...
  File "cctbx/regression/tst_connectivity.py", line 256
    print "volumes    :",  list(co.regions())
                       ^
SyntaxError: invalid syntax

*** Error compiling 'cctbx/regression/tst_coordination_sequences.py'...
  File "cctbx/regression/tst_coordination_sequences.py", line 30
    print "term_table_slow:"
                           ^
SyntaxError: Missing parentheses in call to 'print'. Did you mean print(int "term_table_slow:")?

*** Error compiling 'cctbx/regression/tst_crystal.py'...
  File "cctbx/regression/tst_crystal.py", line 178
    except AssertionError ,e :
                          ^
SyntaxError: invalid syntax

*** Error compiling 'cctbx/regression/tst_crystal_asu_clusters.py'...
  File "cctbx/regression/tst_crystal_asu_clusters.py", line 105
    print "OK"
             ^
SyntaxError: Missing parentheses in call to 'print'. Did you mean print(t "OK")?

*** Error compiling 'cctbx/regression/tst_crystal_close_packing.py'...
  File "cctbx/regression/tst_crystal_close_packing.py", line 168
    print n_dict
               ^
SyntaxError: Missing parentheses in call to 'print'. Did you mean print(int n_dict)?

*** Error compiling 'cctbx/regression/tst_diffuse.py'...
  File "cctbx/regression/tst_diffuse.py", line 114
    if 0: print cmd
                  ^
SyntaxError: Missing parentheses in call to 'print'. Did you mean print(: print cmd)?

*** Error compiling 'cctbx/regression/tst_direct_scaling.py'...
  File "cctbx/regression/tst_direct_scaling.py", line 29
    print table_utils.format(table_data,has_header=True,justify="left",
                    ^
SyntaxError: invalid syntax

*** Error compiling 'cctbx/regression/tst_direct_space_asu.py'...
  File "cctbx/regression/tst_direct_space_asu.py", line 331
    print format_cpu_times()
                         ^
SyntaxError: invalid syntax

*** Error compiling 'cctbx/regression/tst_emma.py'...
  File "cctbx/regression/tst_emma.py", line 205
    print "total matches:", len(refined_matches)
                         ^
SyntaxError: invalid syntax

*** Error compiling 'cctbx/regression/tst_expand_to_p1.py'...
  File "cctbx/regression/tst_expand_to_p1.py", line 30
    print "n_special_positions:", \
                               ^
SyntaxError: Missing parentheses in call to 'print'. Did you mean print(int "n_special_positions:", \)?

*** Error compiling 'cctbx/regression/tst_f_model.py'...
  File "cctbx/regression/tst_f_model.py", line 253
    print "OK"
             ^
SyntaxError: Missing parentheses in call to 'print'. Did you mean print(t "OK")?

*** Error compiling 'cctbx/regression/tst_fast_nv1995.py'...
  File "cctbx/regression/tst_fast_nv1995.py", line 108
    print "gridding:", gridding
                    ^
SyntaxError: Missing parentheses in call to 'print'. Did you mean print(int "gridding:", gridding)?

*** Error compiling 'cctbx/regression/tst_find_best_cell.py'...
  File "cctbx/regression/tst_find_best_cell.py", line 64
    print "OK"
             ^
SyntaxError: Missing parentheses in call to 'print'. Did you mean print(t "OK")?

*** Error compiling 'cctbx/regression/tst_fourier_transform_real_part_at_x.py'...
  File "cctbx/regression/tst_fourier_transform_real_part_at_x.py", line 48
    print numstr(scatterer.site), "%.3f" % rf, "%.3f" % rc
               ^
SyntaxError: invalid syntax

*** Error compiling 'cctbx/regression/tst_french_wilson.py'...
  File "cctbx/regression/tst_french_wilson.py", line 62
    print "OK"
             ^
SyntaxError: Missing parentheses in call to 'print'. Did you mean print(t "OK")?

*** Error compiling 'cctbx/regression/tst_geometry_restraints.py'...
  File "cctbx/regression/tst_geometry_restraints.py", line 155
    print finite
               ^
SyntaxError: Missing parentheses in call to 'print'. Did you mean print(print finite)?

*** Error compiling 'cctbx/regression/tst_geometry_restraints_2.py'...
  File "cctbx/regression/tst_geometry_restraints_2.py", line 22
    print "Skipping exercise_with_zeolite(): iotbx not available"
                                                                ^
SyntaxError: invalid syntax

*** Error compiling 'cctbx/regression/tst_geometry_restraints_lbfgs.py'...
  File "cctbx/regression/tst_geometry_restraints_lbfgs.py", line 100
    print "bond:", proxy.i_seqs, delta
                ^
SyntaxError: Missing parentheses in call to 'print'. Did you mean print(print "bond:", proxy.i_seqs, delta)?

*** Error compiling 'cctbx/regression/tst_grm.py'...
  File "cctbx/regression/tst_grm.py", line 140
    print "Can not initialize monomer_library, skipping test."
                                                             ^
SyntaxError: Missing parentheses in call to 'print'. Did you mean print(int "Can not initialize monomer_library, skipping test.")?

*** Error compiling 'cctbx/regression/tst_grm_modifications.py'...
  File "cctbx/regression/tst_grm_modifications.py", line 314
    print "Can not initialize monomer_library, skipping test."
                                                             ^
SyntaxError: Missing parentheses in call to 'print'. Did you mean print(int "Can not initialize monomer_library, skipping test.")?

*** Error compiling 'cctbx/regression/tst_grm_pickling.py'...
  File "cctbx/regression/tst_grm_pickling.py", line 173
    print "Time pickling/unpickling: %.4f, %.4f" % (t1-t0, t2-t1)
                                               ^
SyntaxError: invalid syntax

*** Error compiling 'cctbx/regression/tst_grouped_data.py'...
  File "cctbx/regression/tst_grouped_data.py", line 47
    print "OK"
             ^
SyntaxError: Missing parentheses in call to 'print'. Did you mean print(t "OK")?

*** Error compiling 'cctbx/regression/tst_itvb_2001_table_a1427_hall_symbols.py'...
  File "cctbx/regression/tst_itvb_2001_table_a1427_hall_symbols.py", line 14
    print "Skipping exercise(): input file not available"
                                                        ^
SyntaxError: invalid syntax

*** Error compiling 'cctbx/regression/tst_krivy_gruber.py'...
  File "cctbx/regression/tst_krivy_gruber.py", line 164
    print inp
            ^
SyntaxError: Missing parentheses in call to 'print'. Did you mean print(print inp)?

*** Error compiling 'cctbx/regression/tst_loc_res.py'...
  File "cctbx/regression/tst_loc_res.py", line 408
    print "\nBvalues (resolutions): for %s: %s" %(method,str(b_values))
                                              ^
SyntaxError: invalid syntax

*** Error compiling 'cctbx/regression/tst_maptbx_structure_factors.py'...
  File "cctbx/regression/tst_maptbx_structure_factors.py", line 261
    print real_map.all(), n_complex
                 ^
SyntaxError: invalid syntax

*** Error compiling 'cctbx/regression/tst_math_module.py'...
  File "cctbx/regression/tst_math_module.py", line 23
    print 'OK'
             ^
SyntaxError: Missing parentheses in call to 'print'. Did you mean print(t 'OK')?

*** Error compiling 'cctbx/regression/tst_mem.py'...
  File "cctbx/regression/tst_mem.py", line 62
    print "Initial dist: %6.3f"%R, cc
                              ^
SyntaxError: Missing parentheses in call to 'print'. Did you mean print(t "Initial dist: %6.3f"%R, cc)?

*** Error compiling 'cctbx/regression/tst_mem_2.py'...
  File "cctbx/regression/tst_mem_2.py", line 31
    print "OK"
             ^
SyntaxError: Missing parentheses in call to 'print'. Did you mean print(int "OK")?

*** Error compiling 'cctbx/regression/tst_miller.py'...
  File "cctbx/regression/tst_miller.py", line 279
    print "r_free_flags_accumulation:", \
                                     ^
SyntaxError: Missing parentheses in call to 'print'. Did you mean print(print "r_free_flags_accumulation:", \)?

*** Error compiling 'cctbx/regression/tst_miller_data_manipulation.py'...
  File "cctbx/regression/tst_miller_data_manipulation.py", line 29
    print f_obs.unit_cell()
              ^
SyntaxError: invalid syntax

*** Error compiling 'cctbx/regression/tst_miller_double_step_filtration.py'...
  File "cctbx/regression/tst_miller_double_step_filtration.py", line 32
    print "remove_fraction:", remove_fraction
                           ^
SyntaxError: Missing parentheses in call to 'print'. Did you mean print(int "remove_fraction:", remove_fraction)?

*** Error compiling 'cctbx/regression/tst_miller_fft_map.py'...
  File "cctbx/regression/tst_miller_fft_map.py", line 137
    print "emma rms grid, interpolated: %.2f %.2f" % tuple(rms)
                                                 ^
SyntaxError: invalid syntax

*** Error compiling 'cctbx/regression/tst_miller_lookup_utils.py'...
  File "cctbx/regression/tst_miller_lookup_utils.py", line 459
    print "OK"
             ^
SyntaxError: Missing parentheses in call to 'print'. Did you mean print(int "OK")?

*** Error compiling 'cctbx/regression/tst_miller_merge_equivalents.py'...
  File "cctbx/regression/tst_miller_merge_equivalents.py", line 88
    except Sorry, e: assert "merge_equivalents_exact: incompatible flags" in str(e)
                ^
SyntaxError: invalid syntax

*** Error compiling 'cctbx/regression/tst_miller_statistics.py'...
  File "cctbx/regression/tst_miller_statistics.py", line 17
    print "phenix_examples/p9-sad/p9.sca not available, skipping test"
                                                                     ^
SyntaxError: Missing parentheses in call to 'print'. Did you mean print(int "phenix_examples/p9-sad/p9.sca not available, skipping test")?

*** Error compiling 'cctbx/regression/tst_pair_asu_table.py'...
  File "cctbx/regression/tst_pair_asu_table.py", line 19
    print "level:", level
                 ^
SyntaxError: Missing parentheses in call to 'print'. Did you mean print(print "level:", level)?

*** Error compiling 'cctbx/regression/tst_pointgroup_tools.py'...
  File "cctbx/regression/tst_pointgroup_tools.py", line 146
    print "Testing : ",\
                     ^
SyntaxError: Missing parentheses in call to 'print'. Did you mean print(print "Testing : ",\)?

*** Error compiling 'cctbx/regression/tst_r_free_utils.py'...
  File "cctbx/regression/tst_r_free_utils.py", line 91
    print "OK"
             ^
SyntaxError: Missing parentheses in call to 'print'. Did you mean print(t "OK")?

*** Error compiling 'cctbx/regression/tst_reciprocal_space_asu.py'...
  File "cctbx/regression/tst_reciprocal_space_asu.py", line 27
    if (verbose): print cond
                           ^
SyntaxError: invalid syntax

*** Error compiling 'cctbx/regression/tst_refine_xray_curvs.py'...
  File "cctbx/regression/tst_refine_xray_curvs.py", line 99
    print "curv site below limit: %d of %d" % (
                                          ^
SyntaxError: invalid syntax

*** Error compiling 'cctbx/regression/tst_reflection_statistics.py'...
  File "cctbx/regression/tst_reflection_statistics.py", line 97
    print "blurred_array expected_correlation:", expected_correlation
                                              ^
SyntaxError: Missing parentheses in call to 'print'. Did you mean print(print "blurred_array expected_correlation:", expected_correlation)?

*** Error compiling 'cctbx/regression/tst_sampled_model_density.py'...
  File "cctbx/regression/tst_sampled_model_density.py", line 132
    print "const_gaussian:", const_gaussian
                          ^
SyntaxError: Missing parentheses in call to 'print'. Did you mean print(int "const_gaussian:", const_gaussian)?

*** Error compiling 'cctbx/regression/tst_sgtbx.py'...
  File "cctbx/regression/tst_sgtbx.py", line 299
    if (0 or verbose): print hm, q, cb_all.c()
                              ^
SyntaxError: invalid syntax

*** Error compiling 'cctbx/regression/tst_sgtbx_denominators.py'...
  File "cctbx/regression/tst_sgtbx_denominators.py", line 25
    print "OK"
             ^
SyntaxError: Missing parentheses in call to 'print'. Did you mean print(t "OK")?

*** Error compiling 'cctbx/regression/tst_sgtbx_harker.py'...
  File "cctbx/regression/tst_sgtbx_harker.py", line 52
    print "OK"
             ^
SyntaxError: Missing parentheses in call to 'print'. Did you mean print(t "OK")?

*** Error compiling 'cctbx/regression/tst_sgtbx_lattice_symmetry.py'...
  File "cctbx/regression/tst_sgtbx_lattice_symmetry.py", line 74
    print "bravais type:", symbol
                        ^
SyntaxError: Missing parentheses in call to 'print'. Did you mean print(int "bravais type:", symbol)?

*** Error compiling 'cctbx/regression/tst_sgtbx_site_constraints.py'...
  File "cctbx/regression/tst_sgtbx_site_constraints.py", line 155
    except RuntimeError, e:
                       ^
SyntaxError: invalid syntax

*** Error compiling 'cctbx/regression/tst_sgtbx_special_op_simplifier.py'...
  File "cctbx/regression/tst_sgtbx_special_op_simplifier.py", line 243
    print "OK"
             ^
SyntaxError: Missing parentheses in call to 'print'. Did you mean print(t "OK")?

*** Error compiling 'cctbx/regression/tst_sgtbx_subgroups.py'...
  File "cctbx/regression/tst_sgtbx_subgroups.py", line 47
    print "OK"
             ^
SyntaxError: Missing parentheses in call to 'print'. Did you mean print(t "OK")?

*** Error compiling 'cctbx/regression/tst_sgtbx_tidy_pickling.py'...
  File "cctbx/regression/tst_sgtbx_tidy_pickling.py", line 49
    print "OK"
             ^
SyntaxError: Missing parentheses in call to 'print'. Did you mean print(t "OK")?

*** Error compiling 'cctbx/regression/tst_show_cosets.py'...
  File "cctbx/regression/tst_show_cosets.py", line 54
    print "OK"
             ^
SyntaxError: Missing parentheses in call to 'print'. Did you mean print(t "OK")?

*** Error compiling 'cctbx/regression/tst_space_group_type_tidy_cb_op_t.py'...
  File "cctbx/regression/tst_space_group_type_tidy_cb_op_t.py", line 39
    print "  cb_op=%s -> %s" % (
                           ^
SyntaxError: invalid syntax

*** Error compiling 'cctbx/regression/tst_sphericity.py'...
  File "cctbx/regression/tst_sphericity.py", line 128
    print "#%2d: answer: %5.3f sphericity: %5.3f" % (i+1, a, s[0])
                                                ^
SyntaxError: invalid syntax

*** Error compiling 'cctbx/regression/tst_statistics_graphs.py'...
  File "cctbx/regression/tst_statistics_graphs.py", line 127
    print "OK"
             ^
SyntaxError: Missing parentheses in call to 'print'. Did you mean print(t "OK")?

*** Error compiling 'cctbx/regression/tst_triplet_generator.py'...
  File "cctbx/regression/tst_triplet_generator.py", line 57
    print relation.format(start.indices(), ih),
                 ^
SyntaxError: invalid syntax

*** Error compiling 'cctbx/regression/tst_twin_target.py'...
  File "cctbx/regression/tst_twin_target.py", line 405
    print x,y, twin_lik.log_p(x,y)-twin_lik.log_p(fm1,fm2)
          ^
SyntaxError: invalid syntax

*** Error compiling 'cctbx/regression/tst_web_change_basis.py'...
  File "cctbx/regression/tst_web_change_basis.py", line 23
    except Sorry, e:
                ^
SyntaxError: invalid syntax

*** Error compiling 'cctbx/regression/tst_weighting_schemes.py'...
  File "cctbx/regression/tst_weighting_schemes.py", line 29
    print 'OK'
             ^
SyntaxError: Missing parentheses in call to 'print'. Did you mean print(t 'OK')?

*** Error compiling 'cctbx/regression/tst_wilson_plot.py'...
  File "cctbx/regression/tst_wilson_plot.py", line 43
    print "wilson_k, wilson_b:", wp.wilson_k, wp.wilson_b
                              ^
SyntaxError: Missing parentheses in call to 'print'. Did you mean print(print "wilson_k, wilson_b:", wp.wilson_k, wp.wilson_b)?

*** Error compiling 'cctbx/regression/tst_xray.py'...
  File "cctbx/regression/tst_xray.py", line 85
    except RuntimeError, e:
                       ^
SyntaxError: invalid syntax

*** Error compiling 'cctbx/regression/tst_xray_derivatives.py'...
  File "cctbx/regression/tst_xray_derivatives.py", line 114
    print "analytical:", tuple(d_analytical)
                      ^
SyntaxError: invalid syntax

*** Error compiling 'cctbx/regression/tst_xray_fast_gradients.py'...
  File "cctbx/regression/tst_xray_fast_gradients.py", line 171
    print "u_base:", result.u_base()
                  ^
SyntaxError: invalid syntax

*** Error compiling 'cctbx/regression/tst_xray_minimization.py'...
  File "cctbx/regression/tst_xray_minimization.py", line 52
    print sc.flags.use_u_iso(),sc.flags.grad_u_iso(),sc.flags.use_u_aniso(),\
           ^
SyntaxError: invalid syntax

*** Error compiling 'cctbx/regression/tst_xray_minimization_failure.py'...
  File "cctbx/regression/tst_xray_minimization_failure.py", line 66
    print 'OK'
             ^
SyntaxError: Missing parentheses in call to 'print'. Did you mean print(t 'OK')?

*** Error compiling 'cctbx/regression/tst_xray_target_functors.py'...
  File "cctbx/regression/tst_xray_target_functors.py", line 49
    print "OK"
             ^
SyntaxError: Missing parentheses in call to 'print'. Did you mean print(t "OK")?

*** Error compiling 'cctbx/sgtbx/boost_python/tst_N_fold_rot.py'...
  File "cctbx/sgtbx/boost_python/tst_N_fold_rot.py", line 87
    print "OK"
             ^
SyntaxError: Missing parentheses in call to 'print'. Did you mean print(t "OK")?

*** Error compiling 'cctbx/sgtbx/boost_python/tst_sgtbx.py'...
  File "cctbx/sgtbx/boost_python/tst_sgtbx.py", line 134
    print "Skipping checks based on %s: file not available" % symbols_cpp
                                                          ^
SyntaxError: Missing parentheses in call to 'print'. Did you mean print(int "Skipping checks based on %s: file not available" % symbols_cpp)?

*** Error compiling 'cctbx/sgtbx/bravais_types.py'...
  File "cctbx/sgtbx/bravais_types.py", line 100
    print str(GC), GC.crystal_system
            ^
SyntaxError: invalid syntax

*** Error compiling 'cctbx/sgtbx/cosets.py'...
  File "cctbx/sgtbx/cosets.py", line 449
    print "OK"
             ^
SyntaxError: Missing parentheses in call to 'print'. Did you mean print(t "OK")?

*** Error compiling 'cctbx/sgtbx/direct_space_asu/check_redundancies.py'...
  File "cctbx/sgtbx/direct_space_asu/check_redundancies.py", line 54
    print "Redundancy at" , (i,j,k), (i_pr,j_pr,k_pr)
                        ^
SyntaxError: invalid syntax

*** Error compiling 'cctbx/sgtbx/direct_space_asu/facet_analysis.py'...
  File "cctbx/sgtbx/direct_space_asu/facet_analysis.py", line 245
    print "end points:", self.end_points
                      ^
SyntaxError: Missing parentheses in call to 'print'. Did you mean print(int "end points:", self.end_points)?

*** Error compiling 'cctbx/sgtbx/direct_space_asu/proto/generate_cpp_asu_table.py'...
  File "cctbx/sgtbx/direct_space_asu/proto/generate_cpp_asu_table.py", line 116
    print s1md5, '\n', s2md5, '\n', s3md5
              ^
SyntaxError: Missing parentheses in call to 'print'. Did you mean print(t s1md5, '\n', s2md5, '\n', s3md5)?

*** Error compiling 'cctbx/sgtbx/direct_space_asu/proto/tst_asu.py'...
  File "cctbx/sgtbx/direct_space_asu/proto/tst_asu.py", line 94
    print cout.getvalue()
             ^
SyntaxError: invalid syntax

*** Error compiling 'cctbx/sgtbx/harker.py'...
  File "cctbx/sgtbx/harker.py", line 112
    print plane.s, plane.algebraic(), plane.n, plane.c, plane.p
              ^
SyntaxError: invalid syntax

*** Error compiling 'cctbx/sgtbx/lattice_symmetry.py'...
  File "cctbx/sgtbx/lattice_symmetry.py", line 98
    except RuntimeError, e:
                       ^
SyntaxError: invalid syntax

*** Error compiling 'cctbx/sgtbx/rational_matrices_point_groups.py'...
  File "cctbx/sgtbx/rational_matrices_point_groups.py", line 72
    print pno, op, new_op
            ^
SyntaxError: Missing parentheses in call to 'print'. Did you mean print(print pno, op, new_op)?

*** Error compiling 'cctbx/sgtbx/reticular_pg_tools.py'...
  File "cctbx/sgtbx/reticular_pg_tools.py", line 82
    print pno, op, new_op
            ^
SyntaxError: Missing parentheses in call to 'print'. Did you mean print(print pno, op, new_op)?

*** Error compiling 'cctbx/sgtbx/reticular_twin_laws.py'...
  File "cctbx/sgtbx/reticular_twin_laws.py", line 85
    print self.m
             ^
SyntaxError: Missing parentheses in call to 'print'. Did you mean print(int self.m)?

*** Error compiling 'cctbx/sgtbx/sub_lattice_tools.py'...
  File "cctbx/sgtbx/sub_lattice_tools.py", line 554
    print format_cpu_times()
                         ^
SyntaxError: invalid syntax

*** Error compiling 'cctbx/sgtbx/subgroups.py'...
  File "cctbx/sgtbx/subgroups.py", line 58
    print "number of subgroups:", len(subgrs)
                               ^
SyntaxError: invalid syntax

*** Error compiling 'cctbx/sgtbx/symbol_confidence.py'...
  File "cctbx/sgtbx/symbol_confidence.py", line 70
    print "OK"
             ^
SyntaxError: Missing parentheses in call to 'print'. Did you mean print(t "OK")?

*** Error compiling 'cctbx/symmetry_search/tests/tst_from_map.py'...
  File "cctbx/symmetry_search/tests/tst_from_map.py", line 28
    print elements
                 ^
SyntaxError: Missing parentheses in call to 'print'. Did you mean print(int elements)?

*** Error compiling 'cctbx/symmetry_search/tests/tst_goodness_of_symmetry.py'...
  File "cctbx/symmetry_search/tests/tst_goodness_of_symmetry.py", line 71
    print symbol,
               ^
SyntaxError: Missing parentheses in call to 'print'. Did you mean print(t symbol, end=" ")?

*** Error compiling 'cctbx/symmetry_search.py'...
  File "cctbx/symmetry_search.py", line 159
    except RuntimeError, e:
                       ^
SyntaxError: invalid syntax

*** Error compiling 'cctbx/translation_search/boost_python/tst_translation_search.py'...
  File "cctbx/translation_search/boost_python/tst_translation_search.py", line 53
    print "OK"
             ^
SyntaxError: Missing parentheses in call to 'print'. Did you mean print(t "OK")?

*** Error compiling 'cctbx/translation_search/timing.py'...
  File "cctbx/translation_search/timing.py", line 18
    print "shift to be found: (%.3f, %.3f, %.3f)" % shift
                                                ^
SyntaxError: invalid syntax

*** Error compiling 'cctbx/uctbx/boost_python/tst_crystal_orientation.py'...
  File "cctbx/uctbx/boost_python/tst_crystal_orientation.py", line 127
    print "OK"
             ^
SyntaxError: Missing parentheses in call to 'print'. Did you mean print(t "OK")?

*** Error compiling 'cctbx/uctbx/boost_python/tst_uctbx.py'...
  File "cctbx/uctbx/boost_python/tst_uctbx.py", line 399
    except RuntimeError, e:
                       ^
SyntaxError: invalid syntax

*** Error compiling 'cctbx/uctbx/determine_unit_cell/__init__.py'...
  File "cctbx/uctbx/determine_unit_cell/__init__.py", line 6
    print  "Cannot import the boost-bound NCDist module. Are you sure that NCDist.h is in the source tree, and that you have rebuilt?"
                                                                                                                                     ^
SyntaxError: Missing parentheses in call to 'print'. Did you mean print(int  "Cannot import the boost-bound NCDist module. Are you sure that NCDist.h is in the source tree, and that you have rebuilt?")?

*** Error compiling 'cctbx/uctbx/gruber_1973_table_1.py'...
  File "cctbx/uctbx/gruber_1973_table_1.py", line 122
    raise RuntimeError, "Corrupt internal table."
                      ^
SyntaxError: invalid syntax

*** Error compiling 'cctbx/web/all_axes.py'...
  File "cctbx/web/all_axes.py", line 13
    print "<pre>"
                ^
SyntaxError: Missing parentheses in call to 'print'. Did you mean print(t "<pre>")?

*** Error compiling 'cctbx/web/asu_gallery/jv_asu.py'...
  File "cctbx/web/asu_gallery/jv_asu.py", line 357
    print "Plane group number:", group_type_number
                              ^
SyntaxError: Missing parentheses in call to 'print'. Did you mean print(print "Plane group number:", group_type_number)?

*** Error compiling 'cctbx/web/browse_settings.py'...
  File "cctbx/web/browse_settings.py", line 27
    print "<table border=2 cellpadding=2>"
                                         ^
SyntaxError: Missing parentheses in call to 'print'. Did you mean print(t "<table border=2 cellpadding=2>")?

*** Error compiling 'cctbx/web/change_basis.py'...
  File "cctbx/web/change_basis.py", line 32
    except ValueError, e:
                     ^
SyntaxError: invalid syntax

*** Error compiling 'cctbx/web/change_hand.py'...
  File "cctbx/web/change_hand.py", line 21
    print "<pre>"
                ^
SyntaxError: Missing parentheses in call to 'print'. Did you mean print(t "<pre>")?

*** Error compiling 'cctbx/web/change_setting.py'...
  File "cctbx/web/change_setting.py", line 34
    print "<pre>"
                ^
SyntaxError: Missing parentheses in call to 'print'. Did you mean print(t "<pre>")?

*** Error compiling 'cctbx/web/dispatcher.py'...
  File "cctbx/web/dispatcher.py", line 17
    print "Content-type: text/html"
                                  ^
SyntaxError: Missing parentheses in call to 'print'. Did you mean print(t "Content-type: text/html")?

*** Error compiling 'cctbx/web/emma.py'...
  File "cctbx/web/emma.py", line 35
    except Exception: raise RuntimeError, "FormatError: " + line
                                        ^
SyntaxError: invalid syntax

*** Error compiling 'cctbx/web/explore_symmetry.py'...
  File "cctbx/web/explore_symmetry.py", line 37
    print "<tr>"
               ^
SyntaxError: Missing parentheses in call to 'print'. Did you mean print(t "<tr>")?

*** Error compiling 'cctbx/web/frac_cart.py'...
  File "cctbx/web/frac_cart.py", line 17
    print "<pre>"
                ^
SyntaxError: Missing parentheses in call to 'print'. Did you mean print(t "<pre>")?

*** Error compiling 'cctbx/web/io_utils.py'...
  File "cctbx/web/io_utils.py", line 14
    print label, "space group symbol:", sgsymbol
              ^
SyntaxError: Missing parentheses in call to 'print'. Did you mean print(int label, "space group symbol:", sgsymbol)?

*** Error compiling 'cctbx/web/iotbx_cif_validate.py'...
  File "cctbx/web/iotbx_cif_validate.py", line 30
    print "Errors encountered during parsing"
                                            ^
SyntaxError: Missing parentheses in call to 'print'. Did you mean print(int "Errors encountered during parsing")?

*** Error compiling 'cctbx/web/libtbx_help.py'...
  File "cctbx/web/libtbx_help.py", line 14
    print "<pre>"
                ^
SyntaxError: Missing parentheses in call to 'print'. Did you mean print(t "<pre>")?

*** Error compiling 'cctbx/web/multiple_cell.py'...
  File "cctbx/web/multiple_cell.py", line 244
    print r"""<html>
<head>
<title>cctbx - Multiple cell C or F and triple cell H settings</title>
</head>
<body bgcolor=#ffffff>
<hr>
<h1>cctbx - Multiple cell C or F and triple cell H settings</h1>
<hr>
The Hermann-Mauguin symbols listed in the tables below are
not recognized by the class sgtbx::space_group_symbols,
but you may click on the Hall symbols in the right
columns to explore the symmetries.
<p>
The multiple cell and triple cell symbols were first
introduced in "Internationale Tabellen zur Bestimmung von
Kristallstrukturen" in 1935 (IT-1935). They were dropped in
the International Tables for Crystallography, Volume I from
1952 (IT-I1952) but kept in the comparative tables. In the
International Tables for Crystallography, Volume A from
1983 (IT-A1983), the multiple cell and triple cell symbols
reappear in the sub- and supergroup data, and are also
included in the <i>Synoptic Tables of Space-Group Symbols</i>
(Table 4.3.1).
<p>
IT-A1983 defines two transformation matrices for
transforming from a P- or I-representation in the
tetragonal system to C or F respectively. The matrices are
shown in the table headers below. For most settings the
choice of the transformation matrix does not effect the
result of the transformation. However, there are a number
of settings where the result of the transformation depends
on the choice of the matrix. For these settings IT-A1983
does not unambiguously define a specific space group
representation for the given Hermann-Mauguin symbol (see
e.g. F41 below). The situation is similar for the
transformation from a primitive trigonal or hexagonal
setting to a triple cell H setting. Unfortunately there is
no established notation for resolving these ambigous
definitions of IT-1983.
<p>
IT-1935 defines unambigous transformations for the multiple
cell and triple cell settings (p. 30):
<p>
<i>The equation for transforming from a P- or I-representation
(in the tetragonal system) to C or F respectively are:</i>
<ul>
<li><b>a</b>(C,F) = <b>a</b>(P,I) + <b>b</b>(P,I);
    <b>b</b>(C,F) = -<b>a</b>(P,I) + <b>b</b>(P,I)
</ul>
<p>
<i>For the change from C to H in the hexagonal system we have:</i>
<ul>
<li><b>a</b>(H) = <b>a</b>(C) + 2<b>b</b>(C);
    <b>b</b>(H) = -2<b>a</b>(C) - <b>b</b>(C)
</ul>
<p>
<b>c</b>(C,F) = <b>c</b>(P,I) and <b>c</b>(H) = <b>c</b>(C) are implied.<br>
<b>Note that IT-1935 uses the symbol C for the <i>primitive</i>
settings in the trigonal and hexagonal systems.</b>
<p>
Unfortunately, some primitive C settings in IT-1935 are
different from the primitive settings in IT-I1952 and
IT-A1983 (Schoenflies symbols D3^3 and D3^5). Therefore it
is not possible to derive all triple cell H settings of
IT-1935 by applying a consistent transformation to the
primitive settings in IT-A1983. It is currently not known
to me (rwgk) if a similar problem exists for the tetragonal
space groups.
<p>
It is beyond the scope of the sgtbx to provide a table of
historic space group symbols that are only referred to in
very old papers. A related problem is that the Protein Data
Bank (PDB) sometimes uses the symbol H to distinguish
between the hexagonal and the rhombohedral setting of
trigonal space groups (e.g. the symbol <i>H 3</i> in the
PDB corresponds to <i>R 3 with hexagonal axes</i> in
IT-A1983). It could therefore cause significant confusion
if the sgtbx interprets the PDB symbols according to the
IT-1935 conventions.
<p>
Considering the ambiguities and conflicting definitions, a
direct support for multiple cell and triple cell settings
is not included in the sgtbx. The tables below are
provided for the rare cases where information about these
symbols is required.
"""
                    
      
                                                                      
       
                      
    
                                                                
    
                                                          
                                                       
                                                  
                                  
   
                                                    
                                                         
                                                           
                                                           
                                                          
                                                       
                                                          
                                                      
                                                             
              
   
                                                
                                                 
                                                          
                                                       
                                                       
                                                         
                                                          
                                                        
                                                    
                                                        
                                                 
                                                     
                                                          
                                                    
                       
   
                                                           
                                      
   
                                                              
                                                          
    
                                                  
                                                  
     
   
                                                                  
    
                                             
                                             
     
   
                                                                            
                                                               
                                                   
   
                                                       
                                                     
                                                          
                                                       
                                                      
                                                         
                                                           
             
   
                                                         
                                                         
                                                           
                                                     
                                                     
                                                        
                                                    
                                                         
                                                        
                    
   
                                                          
                                                         
                                                  
                                                         
                    
  ^
SyntaxError: invalid syntax

*** Error compiling 'cctbx/web/phase_o_phrenia.py'...
  File "cctbx/web/phase_o_phrenia.py", line 50
    print "<pre>"
                ^
SyntaxError: Missing parentheses in call to 'print'. Did you mean print(t "<pre>")?

*** Error compiling 'cctbx/web/replay.py'...
  File "cctbx/web/replay.py", line 8
    print "Replaying:", file_name
                     ^
SyntaxError: Missing parentheses in call to 'print'. Did you mean print(int "Replaying:", file_name)?

*** Error compiling 'cctbx/web/shelx.py'...
  File "cctbx/web/shelx.py", line 16
    print "<pre>"
                ^
SyntaxError: Missing parentheses in call to 'print'. Did you mean print(t "<pre>")?

*** Error compiling 'cctbx/web/structure_factors.py'...
  File "cctbx/web/structure_factors.py", line 19
    print "<pre>"
                ^
SyntaxError: Missing parentheses in call to 'print'. Did you mean print(t "<pre>")?

*** Error compiling 'cctbx/web/structure_factors_pdb.py'...
  File "cctbx/web/structure_factors_pdb.py", line 21
    print 'Please provide a number for Minimum d-spacing.'
                                                         ^
SyntaxError: Missing parentheses in call to 'print'. Did you mean print(int 'Please provide a number for Minimum d-spacing.')?

*** Error compiling 'cctbx/web/wyckoff.py'...
  File "cctbx/web/wyckoff.py", line 24
    print "<pre>"
                ^
SyntaxError: Missing parentheses in call to 'print'. Did you mean print(t "<pre>")?

*** Error compiling 'cctbx/xray/boost_python/tst_f_model.py'...
  File "cctbx/xray/boost_python/tst_f_model.py", line 251
    print "OK"
             ^
SyntaxError: Missing parentheses in call to 'print'. Did you mean print(t "OK")?

*** Error compiling 'cctbx/xray/boost_python/tst_targets_fd.py'...
  File "cctbx/xray/boost_python/tst_targets_fd.py", line 158
    print "OK"
             ^
SyntaxError: Missing parentheses in call to 'print'. Did you mean print(t "OK")?

*** Error compiling 'cctbx/xray/boost_python/tst_xray.py'...
  File "cctbx/xray/boost_python/tst_xray.py", line 134
    except RuntimeError, e:
                       ^
SyntaxError: invalid syntax

*** Error compiling 'cctbx/xray/minimization.py'...
  File "cctbx/xray/minimization.py", line 180
    print "xray.minimization line search: f,rms(g):",
                                                   ^
SyntaxError: invalid syntax

*** Error compiling 'cctbx/xray/observations/tst_observations.py'...
  File "cctbx/xray/observations/tst_observations.py", line 73
    print "OK"
             ^
SyntaxError: Missing parentheses in call to 'print'. Did you mean print(t "OK")?

*** Error compiling 'cctbx/xray/structure.py'...
  File "cctbx/xray/structure.py", line 2481
    print "%6s: (%.6f, %.6f, %.6f)" % ((lbl,) + diff)
                                  ^
SyntaxError: invalid syntax

*** Error compiling 'cctbx/xray/structure_factors/from_scatterers_direct_parallel.py'...
  File "cctbx/xray/structure_factors/from_scatterers_direct_parallel.py", line 52
    print scatterer
                  ^
SyntaxError: Missing parentheses in call to 'print'. Did you mean print(print scatterer)?

*** Error compiling 'cctbx/xray/targets/tst_r1.py'...
  File "cctbx/xray/targets/tst_r1.py", line 95
    print "OK"
             ^
SyntaxError: Missing parentheses in call to 'print'. Did you mean print(t "OK")?

*** Error compiling 'cctbx/xray/targets/tst_shelxl_wght_ls.py'...
  File "cctbx/xray/targets/tst_shelxl_wght_ls.py", line 145
    print "OK"
             ^
SyntaxError: Missing parentheses in call to 'print'. Did you mean print(t "OK")?

