*** Error compiling 'mmtbx/building/alternate_conformations/conformer_generation.py'...
  File "mmtbx/building/alternate_conformations/conformer_generation.py", line 243
    print "TODO set shear_rotate i_seqs automatically if not provided"
                                                                     ^
SyntaxError: Missing parentheses in call to 'print'. Did you mean print(int "TODO set shear_rotate i_seqs automatically if not provided")?

*** Error compiling 'mmtbx/building/alternate_conformations/scripts/anneal_CypA_phe113.py'...
  File "mmtbx/building/alternate_conformations/scripts/anneal_CypA_phe113.py", line 55
    print "wrote anneal.pdb and omit.mtz"
                                        ^
SyntaxError: Missing parentheses in call to 'print'. Did you mean print(t "wrote anneal.pdb and omit.mtz")?

*** Error compiling 'mmtbx/building/alternate_conformations/scripts/extract_from_pdb.py'...
  File "mmtbx/building/alternate_conformations/scripts/extract_from_pdb.py", line 30
    print "n_alts:", n_alts
                  ^
SyntaxError: Missing parentheses in call to 'print'. Did you mean print(t "n_alts:", n_alts)?

*** Error compiling 'mmtbx/building/alternate_conformations/scripts/flatten_map_outside_selection.py'...
  File "mmtbx/building/alternate_conformations/scripts/flatten_map_outside_selection.py", line 88
    print "wrote %s" % file_name
                   ^
SyntaxError: Missing parentheses in call to 'print'. Did you mean print(print "wrote %s" % file_name)?

*** Error compiling 'mmtbx/building/alternate_conformations/scripts/refine_into_difference_density.py'...
  File "mmtbx/building/alternate_conformations/scripts/refine_into_difference_density.py", line 55
    print "wrote %s" % params.output_file_name
                   ^
SyntaxError: Missing parentheses in call to 'print'. Did you mean print(int "wrote %s" % params.output_file_name)?

*** Error compiling 'mmtbx/building/alternate_conformations/scripts/screen_conformations.py'...
  File "mmtbx/building/alternate_conformations/scripts/screen_conformations.py", line 94
    print "wrote ensemble_%d.pdb" % (i_ens+1)
                                ^
SyntaxError: invalid syntax

*** Error compiling 'mmtbx/building/alternate_conformations/tst_backrub_conformers.py'...
  File "mmtbx/building/alternate_conformations/tst_backrub_conformers.py", line 93
    print len(confs)
            ^
SyntaxError: invalid syntax

*** Error compiling 'mmtbx/building/alternate_conformations/tst_partial_omit_map.py'...
  File "mmtbx/building/alternate_conformations/tst_partial_omit_map.py", line 21
    print "OK"
             ^
SyntaxError: Missing parentheses in call to 'print'. Did you mean print(t "OK")?

*** Error compiling 'mmtbx/building/alternate_conformations/tst_shear_conformers.py'...
  File "mmtbx/building/alternate_conformations/tst_shear_conformers.py", line 171
    print "OK"
             ^
SyntaxError: Missing parentheses in call to 'print'. Did you mean print(t "OK")?

*** Error compiling 'mmtbx/building/loop_closure/berkeley_ramalyze.py'...
  File "mmtbx/building/loop_closure/berkeley_ramalyze.py", line 13
    print outp
             ^
SyntaxError: Missing parentheses in call to 'print'. Did you mean print(t outp)?

*** Error compiling 'mmtbx/building/loop_closure/ccd.py'...
  File "mmtbx/building/loop_closure/ccd.py", line 77
    print "i", i
            ^
SyntaxError: Missing parentheses in call to 'print'. Did you mean print(print "i", i)?

*** Error compiling 'mmtbx/building/loop_closure/custom_gm.py'...
  File "mmtbx/building/loop_closure/custom_gm.py", line 10
    print args
             ^
SyntaxError: Missing parentheses in call to 'print'. Did you mean print(t args)?

*** Error compiling 'mmtbx/building/loop_closure/starting_conformations.py'...
  File "mmtbx/building/loop_closure/starting_conformations.py", line 103
    print "Strange input to starting conformations!!!"
                                                     ^
SyntaxError: Missing parentheses in call to 'print'. Did you mean print(int "Strange input to starting conformations!!!")?

*** Error compiling 'mmtbx/building/loop_idealization.py'...
  File "mmtbx/building/loop_idealization.py", line 146
    print "n_bad_omegas", n_bad_omegas
                       ^
SyntaxError: Missing parentheses in call to 'print'. Did you mean print(int "n_bad_omegas", n_bad_omegas)?

*** Error compiling 'mmtbx/building/make_library.py'...
  File "mmtbx/building/make_library.py", line 92
    except Exception, e :
                    ^
SyntaxError: invalid syntax

*** Error compiling 'mmtbx/building/merge_models.py'...
  File "mmtbx/building/merge_models.py", line 471
    print "Crossover pairs:",
                           ^
SyntaxError: Missing parentheses in call to 'print'. Did you mean print(print "Crossover pairs:", end=" ")?

*** Error compiling 'mmtbx/building/tst_extend_sidechains.py'...
  File "mmtbx/building/tst_extend_sidechains.py", line 104
    print "OK"
             ^
SyntaxError: Missing parentheses in call to 'print'. Did you mean print(t "OK")?

*** Error compiling 'mmtbx/building/tst_extend_sidechains_2.py'...
  File "mmtbx/building/tst_extend_sidechains_2.py", line 320
    print flex.max(flex.sqrt((xyz_a - xyz_r).dot()))
             ^
SyntaxError: invalid syntax

*** Error compiling 'mmtbx/building/tst_make_library.py'...
  File "mmtbx/building/tst_make_library.py", line 45
    print "OK"
             ^
SyntaxError: Missing parentheses in call to 'print'. Did you mean print(t "OK")?

*** Error compiling 'mmtbx/bulk_solvent/kbu_refinery.py'...
  File "mmtbx/bulk_solvent/kbu_refinery.py", line 61
    except RuntimeError, e:
                       ^
SyntaxError: invalid syntax

*** Error compiling 'mmtbx/bulk_solvent/tst_aniso_scaler.py'...
  File "mmtbx/bulk_solvent/tst_aniso_scaler.py", line 73
    print "Time (aniso_u_scaler only): %6.4f"%time_aniso_u_scaler
                                            ^
SyntaxError: invalid syntax

*** Error compiling 'mmtbx/bulk_solvent/tst_bulk_solvent_and_scaling.py'...
  File "mmtbx/bulk_solvent/tst_bulk_solvent_and_scaling.py", line 383
    print 'Solvent content: ', msk.solvent_content_via_mask
                            ^
SyntaxError: Missing parentheses in call to 'print'. Did you mean print(t 'Solvent content: ', msk.solvent_content_via_mask)?

*** Error compiling 'mmtbx/bulk_solvent/tst_fit_kexpb_to_ktotal.py'...
  File "mmtbx/bulk_solvent/tst_fit_kexpb_to_ktotal.py", line 26
    print r
          ^
SyntaxError: Missing parentheses in call to 'print'. Did you mean print(int r)?

*** Error compiling 'mmtbx/bulk_solvent/tst_flat_nonuniform.py'...
  File "mmtbx/bulk_solvent/tst_flat_nonuniform.py", line 50
    print "C anal k:", c_k_sols_anal
                    ^
SyntaxError: Missing parentheses in call to 'print'. Did you mean print(t "C anal k:", c_k_sols_anal)?

*** Error compiling 'mmtbx/bulk_solvent/tst_kb_sol_u_star_fd.py'...
  File "mmtbx/bulk_solvent/tst_kb_sol_u_star_fd.py", line 129
    print "\n=="
               ^
SyntaxError: Missing parentheses in call to 'print'. Did you mean print(t "\n==")?

*** Error compiling 'mmtbx/bulk_solvent/tst_scaler.py'...
  File "mmtbx/bulk_solvent/tst_scaler.py", line 75
    print aso.r_final
            ^
SyntaxError: Missing parentheses in call to 'print'. Did you mean print(t aso.r_final)?

*** Error compiling 'mmtbx/cablam/cablam_fingerprints.py'...
  File "mmtbx/cablam/cablam_fingerprints.py", line 156
    if debug==True: print failed
                               ^
SyntaxError: Missing parentheses in call to 'print'. Did you mean print(if debug==True: print failed)?

*** Error compiling 'mmtbx/cablam/cablam_validate.py'...
  File "mmtbx/cablam/cablam_validate.py", line 721
    print "bad CIS at ", pdbid, residue.id_with_resname(), "value:%.3f" %cislevel
                      ^
SyntaxError: invalid syntax

*** Error compiling 'mmtbx/cablam/rebuild_cablam_cache.py'...
  File "mmtbx/cablam/rebuild_cablam_cache.py", line 51
    print format_cpu_times()
                         ^
SyntaxError: invalid syntax

*** Error compiling 'mmtbx/chemical_components/__init__.py'...
  File "mmtbx/chemical_components/__init__.py", line 186
    print '\nSMILES'
                   ^
SyntaxError: Missing parentheses in call to 'print'. Did you mean print(t '\nSMILES')?

*** Error compiling 'mmtbx/chemical_components/cif_parser.py'...
  File "mmtbx/chemical_components/cif_parser.py", line 200
    print 'Problem with CIF line parsing'
                                        ^
SyntaxError: Missing parentheses in call to 'print'. Did you mean print(print 'Problem with CIF line parsing')?

*** Error compiling 'mmtbx/chemical_components/tst.py'...
  File "mmtbx/chemical_components/tst.py", line 7
    print '\nAtom names'
                       ^
SyntaxError: Missing parentheses in call to 'print'. Did you mean print(t '\nAtom names')?

*** Error compiling 'mmtbx/command_line/__init__.py'...
  File "mmtbx/command_line/__init__.py", line 484
    except ValueError, e :
                     ^
SyntaxError: invalid syntax

*** Error compiling 'mmtbx/command_line/afitt.py'...
  File "mmtbx/command_line/afitt.py", line 20
    print '''
usage: mmtbx.afitt [-h] [-ff FF] pdb_file cif_file ligand_names

positional arguments:
  pdb_file      pdb file
  cif_file      cif file
  ligand_names  3-letter ligand names separated by commas

optional arguments:
  -h, --help    show this help message and exit
  -ff FF        afitt theory: mmff94, mmff94s pm3 or am1
    '''
             
                                                               

                     
                        
                        
                                                         

                   
                                               
                                                        
      ^
SyntaxError: Missing parentheses in call to 'print'. Did you mean print(int '''
usage: mmtbx.afitt [-h] [-ff FF] pdb_file cif_file ligand_names

positional arguments:
  pdb_file      pdb file
  cif_file      cif file
  ligand_names  3-letter ligand names separated by commas

optional arguments:
  -h, --help    show this help message and exit
  -ff FF        afitt theory: mmff94, mmff94s pm3 or am1
    ''')?

*** Error compiling 'mmtbx/command_line/altloc_remediate.py'...
  File "mmtbx/command_line/altloc_remediate.py", line 53
    print '-'*80
            ^
SyntaxError: Missing parentheses in call to 'print'. Did you mean print(t '-'*80)?

*** Error compiling 'mmtbx/command_line/cdl_lookup.py'...
  File "mmtbx/command_line/cdl_lookup.py", line 58
    print "\nPeptide triplet class : %s" % working_params.cdl_lookup.residue_group_class
                                       ^
SyntaxError: Missing parentheses in call to 'print'. Did you mean print(int "\nPeptide triplet class : %s" % working_params.cdl_lookup.residue_group_class)?

*** Error compiling 'mmtbx/command_line/cif_as_mtz.py'...
  File "mmtbx/command_line/cif_as_mtz.py", line 102
    except Exception, e:
                    ^
SyntaxError: invalid syntax

*** Error compiling 'mmtbx/command_line/density_modification.py'...
  File "mmtbx/command_line/density_modification.py", line 221
    print cns_result.modified_map.all()
                   ^
SyntaxError: invalid syntax

*** Error compiling 'mmtbx/command_line/development_fem.py'...
  File "mmtbx/command_line/development_fem.py", line 121
    print "Time: %6.4f"%(time.time()-t0)
                      ^
SyntaxError: invalid syntax

*** Error compiling 'mmtbx/command_line/distance_difference.py'...
  File "mmtbx/command_line/distance_difference.py", line 106
    except Exception, e :
                    ^
SyntaxError: invalid syntax

*** Error compiling 'mmtbx/command_line/emringer_score.py'...
  File "mmtbx/command_line/emringer_score.py", line 28
    except ImportError, e :
                      ^
SyntaxError: invalid syntax

*** Error compiling 'mmtbx/command_line/fake_f_obs.py'...
  File "mmtbx/command_line/fake_f_obs.py", line 112
    print "  %s err=%8.3f rmsd: bonds=%6.3f angles=%6.3f"%(prefix, self.error,
                                                        ^
SyntaxError: invalid syntax

*** Error compiling 'mmtbx/command_line/find_tls_groups.py'...
  File "mmtbx/command_line/find_tls_groups.py", line 432
    print "Minimization:", xxx.f
                        ^
SyntaxError: Missing parentheses in call to 'print'. Did you mean print(print "Minimization:", xxx.f)?

*** Error compiling 'mmtbx/command_line/fix_rotamer_outliers.py'...
  File "mmtbx/command_line/fix_rotamer_outliers.py", line 44
    print help_msg
                 ^
SyntaxError: Missing parentheses in call to 'print'. Did you mean print(t help_msg)?

*** Error compiling 'mmtbx/command_line/map_box.py'...
  File "mmtbx/command_line/map_box.py", line 156
    print default_message
                        ^
SyntaxError: Missing parentheses in call to 'print'. Did you mean print(int default_message)?

*** Error compiling 'mmtbx/command_line/map_to_model_histogram.py'...
  File "mmtbx/command_line/map_to_model_histogram.py", line 48
    print flex.min(data), flex.max(data), flex.mean(data)
             ^
SyntaxError: invalid syntax

*** Error compiling 'mmtbx/command_line/map_to_structure_factors.py'...
  File "mmtbx/command_line/map_to_structure_factors.py", line 125
    except Exception, e:
                    ^
SyntaxError: invalid syntax

*** Error compiling 'mmtbx/command_line/map_value_at_point.py'...
  File "mmtbx/command_line/map_value_at_point.py", line 84
    print "Input reflection data (Fourier map coefficients):"
                                                            ^
SyntaxError: invalid syntax

*** Error compiling 'mmtbx/command_line/maps.py'...
  File "mmtbx/command_line/maps.py", line 234
    except AssertionError, e :
                         ^
SyntaxError: invalid syntax

*** Error compiling 'mmtbx/command_line/model_idealization.py'...
  File "mmtbx/command_line/model_idealization.py", line 857
    print map_cs.space_group().type().number()
               ^
SyntaxError: invalid syntax

*** Error compiling 'mmtbx/command_line/model_map.py'...
  File "mmtbx/command_line/model_map.py", line 49
    print "Atoms with B=0:"
                          ^
SyntaxError: Missing parentheses in call to 'print'. Did you mean print(int "Atoms with B=0:")?

*** Error compiling 'mmtbx/command_line/model_vs_map.py'...
  File "mmtbx/command_line/model_vs_map.py", line 371
    print "Time:", round(time.time()-t0, 3)
                ^
SyntaxError: invalid syntax

*** Error compiling 'mmtbx/command_line/model_vs_sequence.py'...
  File "mmtbx/command_line/model_vs_sequence.py", line 42
    except Sorry, e :
                ^
SyntaxError: invalid syntax

*** Error compiling 'mmtbx/command_line/molprobity.py'...
  File "mmtbx/command_line/molprobity.py", line 270
    except ImportError, e :
                      ^
SyntaxError: invalid syntax

*** Error compiling 'mmtbx/command_line/mon_lib_cif_triage.py'...
  File "mmtbx/command_line/mon_lib_cif_triage.py", line 15
    print "OK"
             ^
SyntaxError: Missing parentheses in call to 'print'. Did you mean print(t "OK")?

*** Error compiling 'mmtbx/command_line/pdb_interpretation.py'...
  File "mmtbx/command_line/pdb_interpretation.py", line 50
    print "Processing CIF file: %s" % show_string(file_name)
                                  ^
SyntaxError: invalid syntax

*** Error compiling 'mmtbx/command_line/pdb_view_ad_hoc.py'...
  File "mmtbx/command_line/pdb_view_ad_hoc.py", line 103
    print file_name
                  ^
SyntaxError: Missing parentheses in call to 'print'. Did you mean print(int file_name)?

*** Error compiling 'mmtbx/command_line/perigee.py'...
  File "mmtbx/command_line/perigee.py", line 56
    print '-'*80
            ^
SyntaxError: Missing parentheses in call to 'print'. Did you mean print(t '-'*80)?

*** Error compiling 'mmtbx/command_line/polder.py'...
  File "mmtbx/command_line/polder.py", line 320
    print params.model_file_name
               ^
SyntaxError: Missing parentheses in call to 'print'. Did you mean print(t params.model_file_name)?

*** Error compiling 'mmtbx/command_line/prune_model.py'...
  File "mmtbx/command_line/prune_model.py", line 312
    print "candidate:", resseq
                     ^
SyntaxError: Missing parentheses in call to 'print'. Did you mean print(print "candidate:", resseq)?

*** Error compiling 'mmtbx/command_line/r_factor_statistics.py'...
  File "mmtbx/command_line/r_factor_statistics.py", line 16
    print "%10.3f - %-10.3f : %d" % (lc_1, hc_1, n_1)
                                ^
SyntaxError: invalid syntax

*** Error compiling 'mmtbx/command_line/ramalyze.py'...
  File "mmtbx/command_line/ramalyze.py", line 70
    print '\nmodel  : %s' % model
                        ^
SyntaxError: Missing parentheses in call to 'print'. Did you mean print(print '\nmodel  : %s' % model)?

*** Error compiling 'mmtbx/command_line/rank_scale_map.py'...
  File "mmtbx/command_line/rank_scale_map.py", line 13
    print header
               ^
SyntaxError: Missing parentheses in call to 'print'. Did you mean print(t header)?

*** Error compiling 'mmtbx/command_line/rebuild_rotarama_cache.py'...
  File "mmtbx/command_line/rebuild_rotarama_cache.py", line 15
    print '  Rebuilding rotarama library skipped. Needs rotamer library.'
                                                                        ^
SyntaxError: Missing parentheses in call to 'print'. Did you mean print(int '  Rebuilding rotarama library skipped. Needs rotamer library.')?

*** Error compiling 'mmtbx/command_line/reciprocal_space_arrays.py'...
  File "mmtbx/command_line/reciprocal_space_arrays.py", line 178
    print "Input data:"
                      ^
SyntaxError: Missing parentheses in call to 'print'. Did you mean print(t "Input data:")?

*** Error compiling 'mmtbx/command_line/rotalyze.py'...
  File "mmtbx/command_line/rotalyze.py", line 58
    except ImportError, e :
                      ^
SyntaxError: invalid syntax

*** Error compiling 'mmtbx/command_line/secondary_structure_restraints.py'...
  File "mmtbx/command_line/secondary_structure_restraints.py", line 62
    print help_msg
                 ^
SyntaxError: Missing parentheses in call to 'print'. Did you mean print(t help_msg)?

*** Error compiling 'mmtbx/command_line/show_suspicious_residues.py'...
  File "mmtbx/command_line/show_suspicious_residues.py", line 86
    print "Wrote maps to %s" % map_file
                           ^
SyntaxError: Missing parentheses in call to 'print'. Did you mean print(int "Wrote maps to %s" % map_file)?

*** Error compiling 'mmtbx/command_line/sisa.py'...
  File "mmtbx/command_line/sisa.py", line 49
    print txt_out_format
                       ^
SyntaxError: Missing parentheses in call to 'print'. Did you mean print(t txt_out_format)?

*** Error compiling 'mmtbx/command_line/ss_idealization.py'...
  File "mmtbx/command_line/ss_idealization.py", line 27
    print "File saved: %s" % out_fname
                         ^
SyntaxError: Missing parentheses in call to 'print'. Did you mean print(t "File saved: %s" % out_fname)?

*** Error compiling 'mmtbx/command_line/ssm_rmsd_for_chains.py'...
  File "mmtbx/command_line/ssm_rmsd_for_chains.py", line 42
    print "### SSM RMSD for chains"
                                  ^
SyntaxError: Missing parentheses in call to 'print'. Did you mean print(t "### SSM RMSD for chains")?

*** Error compiling 'mmtbx/command_line/super.py'...
  File "mmtbx/command_line/super.py", line 57
    print "usage: %s fixed.pdb moving.pdb [parameter=value ...]" % command_name
                                                               ^
SyntaxError: Missing parentheses in call to 'print'. Did you mean print(int "usage: %s fixed.pdb moving.pdb [parameter=value ...]" % command_name)?

*** Error compiling 'mmtbx/command_line/tls_analysis.py'...
  File "mmtbx/command_line/tls_analysis.py", line 24
    print "-"*79
            ^
SyntaxError: Missing parentheses in call to 'print'. Did you mean print(t "-"*79)?

*** Error compiling 'mmtbx/command_line/verify_mon_lib_data.py'...
  File "mmtbx/command_line/verify_mon_lib_data.py", line 17
    print "OK"
             ^
SyntaxError: Missing parentheses in call to 'print'. Did you mean print(int "OK")?

*** Error compiling 'mmtbx/conformation_dependent_library/__init__.py'...
  File "mmtbx/conformation_dependent_library/__init__.py", line 76
    if verbose: print 'model: "%s"' % model.id
                                  ^
SyntaxError: Missing parentheses in call to 'print'. Did you mean print(verbose: print 'model: "%s"' % model.id)?

*** Error compiling 'mmtbx/conformation_dependent_library/altloc_weighting.py'...
  File "mmtbx/conformation_dependent_library/altloc_weighting.py", line 21
    print 'min_occ',min_occ
                  ^
SyntaxError: Missing parentheses in call to 'print'. Did you mean print(int 'min_occ',min_occ)?

*** Error compiling 'mmtbx/conformation_dependent_library/cdl_database.py'...
  File "mmtbx/conformation_dependent_library/cdl_database.py", line 10471
    print cdl_database["Pro_nonxpro"][(-180,-180)]
                     ^
SyntaxError: invalid syntax

*** Error compiling 'mmtbx/conformation_dependent_library/check_cdl_database.py'...
  File "mmtbx/conformation_dependent_library/check_cdl_database.py", line 20
    print res_group_type, len(cdl_database[res_group_type])
                       ^
SyntaxError: invalid syntax

*** Error compiling 'mmtbx/conformation_dependent_library/histidines.py'...
  File "mmtbx/conformation_dependent_library/histidines.py", line 204
    print atom.quote()
             ^
SyntaxError: invalid syntax

*** Error compiling 'mmtbx/conformation_dependent_library/hpdl_database.py'...
  File "mmtbx/conformation_dependent_library/hpdl_database.py", line 111
    print hpdl_database["Only ND1 protonated"]
                      ^
SyntaxError: Missing parentheses in call to 'print'. Did you mean print(t hpdl_database["Only ND1 protonated"])?

*** Error compiling 'mmtbx/conformation_dependent_library/hydrogen_bonding.py'...
  File "mmtbx/conformation_dependent_library/hydrogen_bonding.py", line 13
    print hb_database
                    ^
SyntaxError: Missing parentheses in call to 'print'. Did you mean print(t hb_database)?

*** Error compiling 'mmtbx/conformation_dependent_library/investigate_rotamer_space.py'...
  File "mmtbx/conformation_dependent_library/investigate_rotamer_space.py", line 175
    print 'WARNING',i, sym_chis
                  ^
SyntaxError: Missing parentheses in call to 'print'. Did you mean print(int 'WARNING',i, sym_chis)?

*** Error compiling 'mmtbx/conformation_dependent_library/mcl_sf4_coordination.py'...
  File "mmtbx/conformation_dependent_library/mcl_sf4_coordination.py", line 59
    if verbose: print '%s-aa' % resname,sf4.quote(),aa.quote(),dist
                            ^
SyntaxError: invalid syntax

*** Error compiling 'mmtbx/conformation_dependent_library/multi_residue_class.py'...
  File "mmtbx/conformation_dependent_library/multi_residue_class.py", line 117
    print 'cis peptide bond', cis_peptide_bond, omega
                           ^
SyntaxError: Missing parentheses in call to 'print'. Did you mean print(print 'cis peptide bond', cis_peptide_bond, omega)?

*** Error compiling 'mmtbx/conformation_dependent_library/omega.py'...
  File "mmtbx/conformation_dependent_library/omega.py", line 65
    print restraint_values
                         ^
SyntaxError: Missing parentheses in call to 'print'. Did you mean print(print restraint_values)?

*** Error compiling 'mmtbx/conformation_dependent_library/omega_database.py'...
  File "mmtbx/conformation_dependent_library/omega_database.py", line 2847
    print omega_database["Pro_nonxpro"][(-180,-180)]
                       ^
SyntaxError: invalid syntax

*** Error compiling 'mmtbx/conformation_dependent_library/rdl_database.py'...
  File "mmtbx/conformation_dependent_library/rdl_database.py", line 3651
    if verbose: print "RDL update",resname, rotamer, dihedral, restraint
                                 ^
SyntaxError: Missing parentheses in call to 'print'. Did you mean print(if verbose: print "RDL update",resname, rotamer, dihedral, restraint)?

*** Error compiling 'mmtbx/conformation_dependent_library/rotamers.py'...
  File "mmtbx/conformation_dependent_library/rotamers.py", line 85
    print "resn %s chain %s id %s altloc %s rotamer %s" % (resname,
                                                      ^
SyntaxError: invalid syntax

*** Error compiling 'mmtbx/conformation_dependent_library/sf4_restraints.py'...
  File "mmtbx/conformation_dependent_library/sf4_restraints.py", line 13
    print atom_group
                   ^
SyntaxError: Missing parentheses in call to 'print'. Did you mean print(print atom_group)?

*** Error compiling 'mmtbx/conformation_dependent_library/test_cdl.py'...
  File "mmtbx/conformation_dependent_library/test_cdl.py", line 829
    print threes.show(),
               ^
SyntaxError: invalid syntax

*** Error compiling 'mmtbx/conformation_dependent_library/test_cdl_esd.py'...
  File "mmtbx/conformation_dependent_library/test_cdl_esd.py", line 49
    print 'OK'
             ^
SyntaxError: Missing parentheses in call to 'print'. Did you mean print(t 'OK')?

*** Error compiling 'mmtbx/conformation_dependent_library/test_hpdl.py'...
  File "mmtbx/conformation_dependent_library/test_hpdl.py", line 8
    except ImportError, e:
                      ^
SyntaxError: invalid syntax

*** Error compiling 'mmtbx/conformation_dependent_library/test_omega_cdl.py'...
  File "mmtbx/conformation_dependent_library/test_omega_cdl.py", line 112
    print key, filenames[filename][1]
            ^
SyntaxError: Missing parentheses in call to 'print'. Did you mean print(int key, filenames[filename][1])?

*** Error compiling 'mmtbx/conformation_dependent_library/test_rdl.py'...
  File "mmtbx/conformation_dependent_library/test_rdl.py", line 116
    print 'time',time.time()-t0
               ^
SyntaxError: invalid syntax

*** Error compiling 'mmtbx/conformation_dependent_library/tst_pH_mechanism.py'...
  File "mmtbx/conformation_dependent_library/tst_pH_mechanism.py", line 66
    print line
             ^
SyntaxError: Missing parentheses in call to 'print'. Did you mean print(print line)?

*** Error compiling 'mmtbx/conformation_dependent_library/utils.py'...
  File "mmtbx/conformation_dependent_library/utils.py", line 51
    print outl
             ^
SyntaxError: Missing parentheses in call to 'print'. Did you mean print(t outl)?

*** Error compiling 'mmtbx/density_modification/tst_density_modification.py'...
  File "mmtbx/density_modification/tst_density_modification.py", line 61
    print "Skipping exercise_density_modification(): phenix_regression is not available"
                                                                                       ^
SyntaxError: invalid syntax

*** Error compiling 'mmtbx/disorder/analyze_model.py'...
  File "mmtbx/disorder/analyze_model.py", line 562
    print "  %s (%s)" % (rg_id, ",".join(resnames))
                    ^
SyntaxError: invalid syntax

*** Error compiling 'mmtbx/disorder/tst.py'...
  File "mmtbx/disorder/tst.py", line 80
    print "OK"
             ^
SyntaxError: Missing parentheses in call to 'print'. Did you mean print(t "OK")?

*** Error compiling 'mmtbx/disorder/tst_analyze_model.py'...
  File "mmtbx/disorder/tst_analyze_model.py", line 60
    print "Probe not configured, skipping test"
                                              ^
SyntaxError: Missing parentheses in call to 'print'. Did you mean print(int "Probe not configured, skipping test")?

*** Error compiling 'mmtbx/disorder/tst_backbone.py'...
  File "mmtbx/disorder/tst_backbone.py", line 118
    print "OK"
             ^
SyntaxError: Missing parentheses in call to 'print'. Did you mean print(t "OK")?

*** Error compiling 'mmtbx/dynamics/tst_cartesian_dynamics.py'...
  File "mmtbx/dynamics/tst_cartesian_dynamics.py", line 75
    print "Skipping exercise_00(): input file not available"
                                                           ^
SyntaxError: invalid syntax

*** Error compiling 'mmtbx/dynamics/tst_sa.py'...
  File "mmtbx/dynamics/tst_sa.py", line 178
    print "start r_work:", fmodel.r_work()
                        ^
SyntaxError: invalid syntax

*** Error compiling 'mmtbx/examples/f_model_manager.py'...
  File "mmtbx/examples/f_model_manager.py", line 61
    print "r_work:", fmodel.r_work()
                  ^
SyntaxError: invalid syntax

*** Error compiling 'mmtbx/examples/refine_uaniso_data_only.py'...
  File "mmtbx/examples/refine_uaniso_data_only.py", line 152
    print "start r_factor: %6.4f" % fmodel.r_work()
                                ^
SyntaxError: invalid syntax

*** Error compiling 'mmtbx/examples/refine_xyz_biso_data_only.py'...
  File "mmtbx/examples/refine_xyz_biso_data_only.py", line 141
    print "start r_factor: %6.4f" % fmodel.r_work()
                                ^
SyntaxError: invalid syntax

*** Error compiling 'mmtbx/examples/refine_xyz_no_data.py'...
  File "mmtbx/examples/refine_xyz_no_data.py", line 79
    print "refinement.minimization step: f,iter,nfun:",
                                                     ^
SyntaxError: Missing parentheses in call to 'print'. Did you mean print(print "refinement.minimization step: f,iter,nfun:", end=" ")?

*** Error compiling 'mmtbx/examples/reindex.py'...
  File "mmtbx/examples/reindex.py", line 80
    print """
mmtbx.reindex:

Allows one to quickly reindex a dataset and apply the effect on the
atomic coordinates as well.

The keywords are sumarized below:
"""
             
              

                                                                   
                           

                                 
  ^
SyntaxError: Missing parentheses in call to 'print'. Did you mean print(t """
mmtbx.reindex:

Allows one to quickly reindex a dataset and apply the effect on the
atomic coordinates as well.

The keywords are sumarized below:
""")?

*** Error compiling 'mmtbx/examples/sfcalc.py'...
  File "mmtbx/examples/sfcalc.py", line 71
    print """
No help
  """
             
       
    ^
SyntaxError: Missing parentheses in call to 'print'. Did you mean print(t """
No help
  """)?

*** Error compiling 'mmtbx/examples/simulate_experimental_data.py'...
  File "mmtbx/examples/simulate_experimental_data.py", line 278
    print """
mmtbx.simulate_data:

Allows one to quickly simulate data 'experimental' data with similar
Fobs-Fcalc distribution as in the given model/data pair.

The keywords are sumarized below and should be self explanatory:

simul_utils{
  input{
    unit_cell=None
    space_group=None
    xray_data{
      file_name=None
      labels=None
    }
    model{
      file_name=None
    }
    mock_model{
      file_name=None
    }
  }
  output{
    logfile=simul.log
    hklout=simul.mtz
  }
}

The main purpose of this file is to generate data with errors that look real.
This is what is done:
1. The pdb file 'model.file_name' is scaled to the observed data 'xray_data.file_name'
   (Fcalc and Fobs are now available and on the same scale)
2. Structure factors are computed for 'mock_model.file_name' with same bulk solvent
   parameters as 'model.file_name' (call this Fmock)
3a. For each resolution bin, generate about 20 E value bins.
3b. In each E value bin, compute ratio=Fobs/Fcalc (or log Fobs - log Fcalc so you will)
3c. make a random permuation of these ratios log differences (call this array random_ratio)
3d. Fmockobs = F_mock*random_ratio
4.  Write out Fmockobs

The data generated in this manner has similar F/sigF (the sigmas are permuted along with the ratios)
and R value properties.

If no mock model is supplied, the model will be the mock model.
The mock model is supposed to be in the same unit cell/spacegroup (this is enforced).

  """
             
                    

                                                                    
                                                        

                                                                

            
        
                  
                    
              
                    
                 
     
          
                    
     
               
                    
     
   
         
                     
                    
   
 

                                                                             
                     
                                                                                      
                                                           
                                                                                   
                                                    
                                                            
                                                                                       
                                                                                           
                                  
                      

                                                                                                    
                       

                                                               
                                                                                     

    ^
SyntaxError: invalid syntax

*** Error compiling 'mmtbx/geometry/topology.py'...
  File "mmtbx/geometry/topology.py", line 136
    raise ValueError, "Unknown atom: %s" % atom
                    ^
SyntaxError: invalid syntax

*** Error compiling 'mmtbx/geometry_restraints/afitt.py'...
  File "mmtbx/geometry_restraints/afitt.py", line 472
    print "AFITT energy call exited with errors printed above."
                                                              ^
SyntaxError: Missing parentheses in call to 'print'. Did you mean print(int "AFITT energy call exited with errors printed above.")?

*** Error compiling 'mmtbx/geometry_restraints/external.py'...
  File "mmtbx/geometry_restraints/external.py", line 18
    except ImportError, e: sander = False
                      ^
SyntaxError: invalid syntax

*** Error compiling 'mmtbx/geometry_restraints/torsion_restraints/tst_reference_model.py'...
  File "mmtbx/geometry_restraints/torsion_restraints/tst_reference_model.py", line 249
    print "Skipping KSDSSP tests: ksdssp module not available."
                                                              ^
SyntaxError: Missing parentheses in call to 'print'. Did you mean print(int "Skipping KSDSSP tests: ksdssp module not available.")?

*** Error compiling 'mmtbx/geometry_restraints/torsion_restraints/tst_torsion_ncs.py'...
  File "mmtbx/geometry_restraints/torsion_restraints/tst_torsion_ncs.py", line 172
    print "OK"
             ^
SyntaxError: Missing parentheses in call to 'print'. Did you mean print(t "OK")?

*** Error compiling 'mmtbx/geometry_restraints/tst_c_beta_restraints.py'...
  File "mmtbx/geometry_restraints/tst_c_beta_restraints.py", line 218
    print "OK"
             ^
SyntaxError: Missing parentheses in call to 'print'. Did you mean print(t "OK")?

*** Error compiling 'mmtbx/geometry_restraints/tst_manager.py'...
  File "mmtbx/geometry_restraints/tst_manager.py", line 102
    print "OK"
             ^
SyntaxError: Missing parentheses in call to 'print'. Did you mean print(int "OK")?

*** Error compiling 'mmtbx/geometry_restraints/tst_ramachandran.py'...
  File "mmtbx/geometry_restraints/tst_ramachandran.py", line 181
    print ""
           ^
SyntaxError: Missing parentheses in call to 'print'. Did you mean print(int "")?

*** Error compiling 'mmtbx/geometry_restraints/tst_reference_coordinate.py'...
  File "mmtbx/geometry_restraints/tst_reference_coordinate.py", line 201
    print "distance start (use_reference: %s): %6.4f"%(str(use_reference), d1)
                                                    ^
SyntaxError: invalid syntax

*** Error compiling 'mmtbx/geometry_restraints/tst_reference_coordinate2.py'...
  File "mmtbx/geometry_restraints/tst_reference_coordinate2.py", line 153
    print "%s: overall CC: %6.4f rmsd_bonds=%6.3f rmsd_angles=%6.3f"%(
                                                                   ^
SyntaxError: invalid syntax

*** Error compiling 'mmtbx/grow_density.py'...
  File "mmtbx/grow_density.py", line 194
    print "Using external DA..."
                               ^
SyntaxError: Missing parentheses in call to 'print'. Did you mean print(print "Using external DA...")?

*** Error compiling 'mmtbx/hydrogens/build_hydrogens.py'...
  File "mmtbx/hydrogens/build_hydrogens.py", line 281
    print "@@@@@@@@@@@@@@@@@@@@@@@@@@@@@@@@@@@@@@@@@@@@@@@@@@@@@@@@@@@@@@@@@@@@@"
                                                                                ^
SyntaxError: Missing parentheses in call to 'print'. Did you mean print(t "@@@@@@@@@@@@@@@@@@@@@@@@@@@@@@@@@@@@@@@@@@@@@@@@@@@@@@@@@@@@@@@@@@@@@")?

*** Error compiling 'mmtbx/hydrogens/tst.py'...
  File "mmtbx/hydrogens/tst.py", line 582
    if(debug): print "-"*70, i
                       ^
SyntaxError: invalid syntax

*** Error compiling 'mmtbx/hydrogens/tst_parameterization_1.py'...
  File "mmtbx/hydrogens/tst_parameterization_1.py", line 419
    print "OK. Time: %8.3f"%(time.time()-t0)
                          ^
SyntaxError: invalid syntax

*** Error compiling 'mmtbx/hydrogens/tst_parameterization_2.py'...
  File "mmtbx/hydrogens/tst_parameterization_2.py", line 340
    print "OK. Time: %8.3f"%(time.time()-t0)
                          ^
SyntaxError: invalid syntax

*** Error compiling 'mmtbx/hydrogens/tst_parameterization_3.py'...
  File "mmtbx/hydrogens/tst_parameterization_3.py", line 208
    print "OK. Time: %8.3f"%(time.time()-t0)
                          ^
SyntaxError: invalid syntax

*** Error compiling 'mmtbx/hydrogens/tst_parameterization_4.py'...
  File "mmtbx/hydrogens/tst_parameterization_4.py", line 182
    print 'use_ideal_bonds_angles =', use_ideal_bonds_angles
                                   ^
SyntaxError: Missing parentheses in call to 'print'. Did you mean print(int 'use_ideal_bonds_angles =', use_ideal_bonds_angles)?

*** Error compiling 'mmtbx/hydrogens/tst_parameterization_5.py'...
  File "mmtbx/hydrogens/tst_parameterization_5.py", line 416
    print "OK. Time: %8.3f"%(time.time()-t0)
                          ^
SyntaxError: invalid syntax

*** Error compiling 'mmtbx/hydrogens/tst_parameterization_6.py'...
  File "mmtbx/hydrogens/tst_parameterization_6.py", line 184
    print "OK. Time: %8.3f"%(time.time()-t0)
                          ^
SyntaxError: invalid syntax

*** Error compiling 'mmtbx/hydrogens/tst_parameterization_7.py'...
  File "mmtbx/hydrogens/tst_parameterization_7.py", line 354
    print "OK. Time: %8.3f"%(time.time()-t0)
                          ^
SyntaxError: invalid syntax

*** Error compiling 'mmtbx/hydrogens/tst_parameterization_8.py'...
  File "mmtbx/hydrogens/tst_parameterization_8.py", line 394
    print "OK. Time: %8.3f"%(time.time()-t0)
                          ^
SyntaxError: invalid syntax

*** Error compiling 'mmtbx/hydrogens/tst_riding_coefficients.py'...
  File "mmtbx/hydrogens/tst_riding_coefficients.py", line 124
    print "OK. Time: %8.3f"%(time.time()-t0)
                          ^
SyntaxError: invalid syntax

*** Error compiling 'mmtbx/hydrogens/tst_riding_fd_1.py'...
  File "mmtbx/hydrogens/tst_riding_fd_1.py", line 258
    print "OK. Time:", round(time.time()-t0, 2), "seconds"
                    ^
SyntaxError: invalid syntax

*** Error compiling 'mmtbx/hydrogens/tst_riding_fd_2.py'...
  File "mmtbx/hydrogens/tst_riding_fd_2.py", line 550
    print "OK. Time:", round(time.time()-t0, 2), "seconds"
                    ^
SyntaxError: invalid syntax

*** Error compiling 'mmtbx/hydrogens/tst_riding_fd_3.py'...
  File "mmtbx/hydrogens/tst_riding_fd_3.py", line 403
    print "OK. Time:", round(time.time()-t0, 2), "seconds"
                    ^
SyntaxError: invalid syntax

*** Error compiling 'mmtbx/hydrogens/tst_riding_fd_4.py'...
  File "mmtbx/hydrogens/tst_riding_fd_4.py", line 343
    print "OK. Time:", round(time.time()-t0, 2), "seconds"
                    ^
SyntaxError: invalid syntax

*** Error compiling 'mmtbx/hydrogens/tst_riding_fd_5.py'...
  File "mmtbx/hydrogens/tst_riding_fd_5.py", line 312
    print "OK. Time:", round(time.time()-t0, 2), "seconds"
                    ^
SyntaxError: invalid syntax

*** Error compiling 'mmtbx/hydrogens/tst_riding_manager.py'...
  File "mmtbx/hydrogens/tst_riding_manager.py", line 194
    print "OK. Time: %8.3f"%(time.time()-t0)
                          ^
SyntaxError: invalid syntax

*** Error compiling 'mmtbx/hydrogens/tst_riding_minimize.py'...
  File "mmtbx/hydrogens/tst_riding_minimize.py", line 103
    print "refinement.minimization step: f,iter,nfun:",
                                                     ^
SyntaxError: Missing parentheses in call to 'print'. Did you mean print(print "refinement.minimization step: f,iter,nfun:", end=" ")?

*** Error compiling 'mmtbx/hydrogens/tst_validate_H.py'...
  File "mmtbx/hydrogens/tst_validate_H.py", line 1011
    print "OK. Time: %8.3f"%(time.time()-t0)
                          ^
SyntaxError: invalid syntax

*** Error compiling 'mmtbx/ias/tst_ias.py'...
  File "mmtbx/ias/tst_ias.py", line 80
    print "OK"
             ^
SyntaxError: Missing parentheses in call to 'print'. Did you mean print(t "OK")?

*** Error compiling 'mmtbx/idealized_aa_residues/sample_rotamers.py'...
  File "mmtbx/idealized_aa_residues/sample_rotamers.py", line 124
    print "file_name, n_clusters, n_good_angles, total:", file_name, \
                                                       ^
SyntaxError: Missing parentheses in call to 'print'. Did you mean print(t "file_name, n_clusters, n_good_angles, total:", file_name, \)?

*** Error compiling 'mmtbx/idealized_aa_residues/tst.py'...
  File "mmtbx/idealized_aa_residues/tst.py", line 42
    print residue.resname, len(chi_angles)
                ^
SyntaxError: invalid syntax

*** Error compiling 'mmtbx/invariant_domain.py'...
  File "mmtbx/invariant_domain.py", line 45
    print "Change settings in improve results."
                                              ^
SyntaxError: Missing parentheses in call to 'print'. Did you mean print(print "Change settings in improve results.")?

*** Error compiling 'mmtbx/ions/svm/tst_classifier.py'...
  File "mmtbx/ions/svm/tst_classifier.py", line 93
    print "Could not load SVM classifier"
                                        ^
SyntaxError: Missing parentheses in call to 'print'. Did you mean print(print "Could not load SVM classifier")?

*** Error compiling 'mmtbx/ions/tst_environment.py'...
  File "mmtbx/ions/tst_environment.py", line 21
    print "Skipping {}".format(os.path.split(__file__)[1])
                      ^
SyntaxError: invalid syntax

*** Error compiling 'mmtbx/ions/tst_geometries.py'...
  File "mmtbx/ions/tst_geometries.py", line 15
    print "Skipping {}".format(os.path.split(__file__)[1])
                      ^
SyntaxError: invalid syntax

*** Error compiling 'mmtbx/ions/tst_parameters.py'...
  File "mmtbx/ions/tst_parameters.py", line 79
    print "OK"
             ^
SyntaxError: Missing parentheses in call to 'print'. Did you mean print(t "OK")?

*** Error compiling 'mmtbx/ions/tst_pick_approx_zn.py'...
  File "mmtbx/ions/tst_pick_approx_zn.py", line 21
    print "\n".join(result.stdout_lines)
             ^
SyntaxError: invalid syntax

*** Error compiling 'mmtbx/ions/tst_pick_ca.py'...
  File "mmtbx/ions/tst_pick_ca.py", line 21
    print "\n".join(result.stdout_lines)
             ^
SyntaxError: invalid syntax

*** Error compiling 'mmtbx/ions/tst_pick_ca_svm.py'...
  File "mmtbx/ions/tst_pick_ca_svm.py", line 11
    print "libsvm not available, skipping this test"
                                                   ^
SyntaxError: Missing parentheses in call to 'print'. Did you mean print(int "libsvm not available, skipping this test")?

*** Error compiling 'mmtbx/ions/tst_pick_k.py'...
  File "mmtbx/ions/tst_pick_k.py", line 9
    print "Temporarily disabled, skipping"
                                         ^
SyntaxError: Missing parentheses in call to 'print'. Did you mean print(t "Temporarily disabled, skipping")?

*** Error compiling 'mmtbx/ions/tst_pick_mg.py'...
  File "mmtbx/ions/tst_pick_mg.py", line 21
    print "\n".join(result.stdout_lines)
             ^
SyntaxError: invalid syntax

*** Error compiling 'mmtbx/ions/tst_pickle.py'...
  File "mmtbx/ions/tst_pickle.py", line 90
    print "OK"
             ^
SyntaxError: Missing parentheses in call to 'print'. Did you mean print(t "OK")?

*** Error compiling 'mmtbx/ions/tst_symmetry_axis.py'...
  File "mmtbx/ions/tst_symmetry_axis.py", line 147
    print "OK"
             ^
SyntaxError: Missing parentheses in call to 'print'. Did you mean print(t "OK")?

*** Error compiling 'mmtbx/ions/tst_utils.py'...
  File "mmtbx/ions/tst_utils.py", line 60
    print "OK"
             ^
SyntaxError: Missing parentheses in call to 'print'. Did you mean print(t "OK")?

*** Error compiling 'mmtbx/ions/tst_validate_ca.py'...
  File "mmtbx/ions/tst_validate_ca.py", line 25
    print "OK"
             ^
SyntaxError: Missing parentheses in call to 'print'. Did you mean print(t "OK")?

*** Error compiling 'mmtbx/ions/tst_validate_mg.py'...
  File "mmtbx/ions/tst_validate_mg.py", line 24
    print "OK"
             ^
SyntaxError: Missing parentheses in call to 'print'. Did you mean print(t "OK")?

*** Error compiling 'mmtbx/ions/utils.py'...
  File "mmtbx/ions/utils.py", line 305
    print err
            ^
SyntaxError: Missing parentheses in call to 'print'. Did you mean print(int err)?

*** Error compiling 'mmtbx/lattice.py'...
  File "mmtbx/lattice.py", line 130
    print "%s %s %5.2f %s" % (fmt_i,fmt_j,distance,str(sym_op))
                         ^
SyntaxError: invalid syntax

*** Error compiling 'mmtbx/ligands/tst_xtal_screens.py'...
  File "mmtbx/ligands/tst_xtal_screens.py", line 48
    print "OK"
             ^
SyntaxError: Missing parentheses in call to 'print'. Did you mean print(t "OK")?

*** Error compiling 'mmtbx/map_tools.py'...
  File "mmtbx/map_tools.py", line 548
    print "b_sharp:", b_sharp_best, t
                   ^
SyntaxError: Missing parentheses in call to 'print'. Did you mean print(int "b_sharp:", b_sharp_best, t)?

*** Error compiling 'mmtbx/maps/__init__.py'...
  File "mmtbx/maps/__init__.py", line 535
    print "b_sharp: %6.1f skewness: %6.4f kurtosis: %6.4f"%(b_sharp,
                                                         ^
SyntaxError: invalid syntax

*** Error compiling 'mmtbx/maps/composite_omit_map.py'...
  File "mmtbx/maps/composite_omit_map.py", line 334
    print site_cart
                  ^
SyntaxError: Missing parentheses in call to 'print'. Did you mean print(print site_cart)?

*** Error compiling 'mmtbx/maps/kick.py'...
  File "mmtbx/maps/kick.py", line 145
    print "  %d"%it
               ^
SyntaxError: Missing parentheses in call to 'print'. Did you mean print(int "  %d"%it)?

*** Error compiling 'mmtbx/maps/mtriage.py'...
  File "mmtbx/maps/mtriage.py", line 128
    print "%6.2f %8.2f %15s:"%(delta, self.time_cumulative, sa), msg
                            ^
SyntaxError: invalid syntax

*** Error compiling 'mmtbx/maps/superpose.py'...
  File "mmtbx/maps/superpose.py", line 231
    print "OK"
             ^
SyntaxError: Missing parentheses in call to 'print'. Did you mean print(t "OK")?

*** Error compiling 'mmtbx/maps/tst_composite_omit_map.py'...
  File "mmtbx/maps/tst_composite_omit_map.py", line 273
    print abs(r1.map_coefficients).data().min_max_mean().as_tuple()
            ^
SyntaxError: invalid syntax

*** Error compiling 'mmtbx/maps/tst_composite_omit_map_2.py'...
  File "mmtbx/maps/tst_composite_omit_map_2.py", line 100
    print get_cc(mc1=mc, mc2=F,  xrs=xrs1), get_cc(mc1=mc, mc2=F,  xrs=xrs2)
               ^
SyntaxError: invalid syntax

*** Error compiling 'mmtbx/maps/tst_composite_omit_map_3.py'...
  File "mmtbx/maps/tst_composite_omit_map_3.py", line 82
    print "  CC(min/max,mean)",ccs.min_max_mean().as_tuple()
                             ^
SyntaxError: invalid syntax

*** Error compiling 'mmtbx/masks/tst_asu_mask.py'...
  File "mmtbx/masks/tst_asu_mask.py", line 161
    print "NNN = ", ltrs.__class__
                 ^
SyntaxError: Missing parentheses in call to 'print'. Did you mean print(t "NNN = ", ltrs.__class__)?

*** Error compiling 'mmtbx/max_lik/maxlik.py'...
  File "mmtbx/max_lik/maxlik.py", line 379
    print "    Resolution           Estimated and calculated alpha, beta and model error"
                                                                                        ^
SyntaxError: Missing parentheses in call to 'print'. Did you mean print(print "    Resolution           Estimated and calculated alpha, beta and model error")?

*** Error compiling 'mmtbx/max_lik/tst_max_lik.py'...
  File "mmtbx/max_lik/tst_max_lik.py", line 135
    print "OK"
             ^
SyntaxError: Missing parentheses in call to 'print'. Did you mean print(t "OK")?

*** Error compiling 'mmtbx/max_lik/tst_maxlik.py'...
  File "mmtbx/max_lik/tst_maxlik.py", line 451
    print format_cpu_times()
                         ^
SyntaxError: invalid syntax

*** Error compiling 'mmtbx/model/model.py'...
  File "mmtbx/model/model.py", line 1262
    except ValueError, e :
                     ^
SyntaxError: invalid syntax

*** Error compiling 'mmtbx/model_vs_data.py'...
  File "mmtbx/model_vs_data.py", line 134
    except ValueError, e :
                     ^
SyntaxError: invalid syntax

*** Error compiling 'mmtbx/monomer_library/bondlength_defaults.py'...
  File "mmtbx/monomer_library/bondlength_defaults.py", line 3434
    print "-"*80
            ^
SyntaxError: Missing parentheses in call to 'print'. Did you mean print(print "-"*80)?

*** Error compiling 'mmtbx/monomer_library/cif_triage.py'...
  File "mmtbx/monomer_library/cif_triage.py", line 8
    print "file name:", file_name
                     ^
SyntaxError: Missing parentheses in call to 'print'. Did you mean print(t "file name:", file_name)?

*** Error compiling 'mmtbx/monomer_library/conv_v2_v3.py'...
  File "mmtbx/monomer_library/conv_v2_v3.py", line 26
    print line
             ^
SyntaxError: Missing parentheses in call to 'print'. Did you mean print(print line)?

*** Error compiling 'mmtbx/monomer_library/correct_hydrogen_geometries.py'...
  File "mmtbx/monomer_library/correct_hydrogen_geometries.py", line 43
    if verbose: print 'not bonded: %s' % atom.format_atom_record()
                                     ^
SyntaxError: invalid syntax

*** Error compiling 'mmtbx/monomer_library/glyco_chiral_values.py'...
  File "mmtbx/monomer_library/glyco_chiral_values.py", line 605
    print code, alpha_beta.get(code, None),volumes.get(code, None)
             ^
SyntaxError: invalid syntax

*** Error compiling 'mmtbx/monomer_library/glyco_utils.py'...
  File "mmtbx/monomer_library/glyco_utils.py", line 126
    print '''
  self.anomeric_carbon %s
  self.link_oxygen     %s
  self.ring_carbon     %s
  self.link_carbon     %s
''' % (self.anomeric_carbon.quote(),
             
                         
                         
                         
                         
  ^
SyntaxError: invalid syntax

*** Error compiling 'mmtbx/monomer_library/hydrogen_restrictions.py'...
  File "mmtbx/monomer_library/hydrogen_restrictions.py", line 13
    print comp_comp_id.chem_comp.id.strip(),
                     ^
SyntaxError: invalid syntax

*** Error compiling 'mmtbx/monomer_library/linking_mixins.py'...
  File "mmtbx/monomer_library/linking_mixins.py", line 222
    print atom1.quote(),atom2.quote()
              ^
SyntaxError: invalid syntax

*** Error compiling 'mmtbx/monomer_library/linking_setup.py'...
  File "mmtbx/monomer_library/linking_setup.py", line 151
    print skip_if_both
                     ^
SyntaxError: Missing parentheses in call to 'print'. Did you mean print(t skip_if_both)?

*** Error compiling 'mmtbx/monomer_library/linking_utils.py'...
  File "mmtbx/monomer_library/linking_utils.py", line 59
    print " !!! %-78s !!!" % s
                         ^
SyntaxError: Missing parentheses in call to 'print'. Did you mean print(t " !!! %-78s !!!" % s)?

*** Error compiling 'mmtbx/monomer_library/pdb_interpretation.py'...
  File "mmtbx/monomer_library/pdb_interpretation.py", line 718
    except ValueError, e :
                     ^
SyntaxError: invalid syntax

*** Error compiling 'mmtbx/monomer_library/server.py'...
  File "mmtbx/monomer_library/server.py", line 80
    except MonomerLibraryServerError, e:
                                    ^
SyntaxError: invalid syntax

*** Error compiling 'mmtbx/monomer_library/tst_all_cif_files.py'...
  File "mmtbx/monomer_library/tst_all_cif_files.py", line 14
    print "unknown type_energy:", comp_id, n_unknown_type_energy, \
                               ^
SyntaxError: Missing parentheses in call to 'print'. Did you mean print(int "unknown type_energy:", comp_id, n_unknown_type_energy, \)?

*** Error compiling 'mmtbx/monomer_library/tst_chg.py'...
  File "mmtbx/monomer_library/tst_chg.py", line 310
    print "phenix not configured, skipping"
                                          ^
SyntaxError: Missing parentheses in call to 'print'. Did you mean print(int "phenix not configured, skipping")?

*** Error compiling 'mmtbx/monomer_library/tst_cif_triage.py'...
  File "mmtbx/monomer_library/tst_cif_triage.py", line 18
    print "OK"
             ^
SyntaxError: Missing parentheses in call to 'print'. Did you mean print(t "OK")?

*** Error compiling 'mmtbx/monomer_library/tst_cif_types.py'...
  File "mmtbx/monomer_library/tst_cif_types.py", line 136
    print "OK"
             ^
SyntaxError: Missing parentheses in call to 'print'. Did you mean print(t "OK")?

*** Error compiling 'mmtbx/monomer_library/tst_correct_hydrogens.py'...
  File "mmtbx/monomer_library/tst_correct_hydrogens.py", line 46
    print cmd
            ^
SyntaxError: Missing parentheses in call to 'print'. Did you mean print(t cmd)?

*** Error compiling 'mmtbx/monomer_library/tst_geo_reduce_for_tardy.py'...
  File "mmtbx/monomer_library/tst_geo_reduce_for_tardy.py", line 20
    print 'Skipping exercise_geo_reduce_for_tardy("%s"):' \
                                                        ^
SyntaxError: invalid syntax

*** Error compiling 'mmtbx/monomer_library/tst_idealized_aa.py'...
  File "mmtbx/monomer_library/tst_idealized_aa.py", line 36
    print "%5s"%aac_, "bonds     : %5.3f %5.3f %5.3f"%b, \
              ^
SyntaxError: Missing parentheses in call to 'print'. Did you mean print(print "%5s"%aac_, "bonds     : %5.3f %5.3f %5.3f"%b, \)?

*** Error compiling 'mmtbx/monomer_library/tst_linking.py'...
  File "mmtbx/monomer_library/tst_linking.py", line 2347
    print "OK"
             ^
SyntaxError: Missing parentheses in call to 'print'. Did you mean print(t "OK")?

*** Error compiling 'mmtbx/monomer_library/tst_metal_coordination.py'...
  File "mmtbx/monomer_library/tst_metal_coordination.py", line 99
    print "OK"
             ^
SyntaxError: Missing parentheses in call to 'print'. Did you mean print(t "OK")?

*** Error compiling 'mmtbx/monomer_library/tst_motif.py'...
  File "mmtbx/monomer_library/tst_motif.py", line 476
    print "OK"
             ^
SyntaxError: Missing parentheses in call to 'print'. Did you mean print(t "OK")?

*** Error compiling 'mmtbx/monomer_library/tst_neutron_distance.py'...
  File "mmtbx/monomer_library/tst_neutron_distance.py", line 129
    print format_cpu_times()
                         ^
SyntaxError: invalid syntax

*** Error compiling 'mmtbx/monomer_library/tst_pdb_interpretation.py'...
  File "mmtbx/monomer_library/tst_pdb_interpretation.py", line 883
    print 'Skipping exercise_rna("%s"): input file not available' % file_name
                                                                ^
SyntaxError: invalid syntax

*** Error compiling 'mmtbx/monomer_library/tst_rna_dna_interpretation.py'...
  File "mmtbx/monomer_library/tst_rna_dna_interpretation.py", line 15
    print "Skipping tst_%s_interpretation: input files not available" \
                                                                    ^
SyntaxError: Missing parentheses in call to 'print'. Did you mean print(int "Skipping tst_%s_interpretation: input files not available" \)?

*** Error compiling 'mmtbx/monomer_library/tst_rna_sugar_pucker_analysis.py'...
  File "mmtbx/monomer_library/tst_rna_sugar_pucker_analysis.py", line 100
    print "OK"
             ^
SyntaxError: Missing parentheses in call to 'print'. Did you mean print(t "OK")?

*** Error compiling 'mmtbx/monomer_library/tst_rotamer_utils.py'...
  File "mmtbx/monomer_library/tst_rotamer_utils.py", line 75
    if (verbose): print tor_id, atom_ids, angle_model, annotation
                             ^
SyntaxError: invalid syntax

*** Error compiling 'mmtbx/monomer_library/tst_selection.py'...
  File "mmtbx/monomer_library/tst_selection.py", line 149
    print "Skipping exercise_atom_selections(): monomer library not available."
                                                                              ^
SyntaxError: invalid syntax

*** Error compiling 'mmtbx/monomer_library/tst_server.py'...
  File "mmtbx/monomer_library/tst_server.py", line 12
    print "Missing file:", chem_comp_from_list_file.id
                        ^
SyntaxError: Missing parentheses in call to 'print'. Did you mean print(int "Missing file:", chem_comp_from_list_file.id)?

*** Error compiling 'mmtbx/monomer_library/tst_superpose_ideal.py'...
  File "mmtbx/monomer_library/tst_superpose_ideal.py", line 65
    print cmd
            ^
SyntaxError: Missing parentheses in call to 'print'. Did you mean print(int cmd)?

*** Error compiling 'mmtbx/monomer_library/tst_tyr_from_gly_and_bnz.py'...
  File "mmtbx/monomer_library/tst_tyr_from_gly_and_bnz.py", line 817
    print "geo_tyr"
                  ^
SyntaxError: Missing parentheses in call to 'print'. Did you mean print(t "geo_tyr")?

*** Error compiling 'mmtbx/msa.py'...
  File "mmtbx/msa.py", line 215
    except KeyError, e :
                   ^
SyntaxError: invalid syntax

*** Error compiling 'mmtbx/ncs/ncs.py'...
  File "mmtbx/ncs/ncs.py", line 1632
    except Exception,e:
                    ^
SyntaxError: invalid syntax

*** Error compiling 'mmtbx/ncs/ncs_restraints_group_list.py'...
  File "mmtbx/ncs/ncs_restraints_group_list.py", line 422
    print "debugging output of ncs_restraints_group_list"
                                                        ^
SyntaxError: Missing parentheses in call to 'print'. Did you mean print(int "debugging output of ncs_restraints_group_list")?

*** Error compiling 'mmtbx/ncs/tncs.py'...
  File "mmtbx/ncs/tncs.py", line 38
    print "Find groups of chains related by translational NCS"
                                                             ^
SyntaxError: Missing parentheses in call to 'print'. Did you mean print(print "Find groups of chains related by translational NCS")?

*** Error compiling 'mmtbx/pdb_distances.py'...
  File "mmtbx/pdb_distances.py", line 954
    print "\n##################################################\n##### SEQUENTIAL OUTPUT READOUT        BEGINNING"
                                                                                                                 ^
SyntaxError: Missing parentheses in call to 'print'. Did you mean print(int "\n##################################################\n##### SEQUENTIAL OUTPUT READOUT        BEGINNING")?

*** Error compiling 'mmtbx/pdb_symmetry.py'...
  File "mmtbx/pdb_symmetry.py", line 30
    except RuntimeError, e :
                       ^
SyntaxError: invalid syntax

*** Error compiling 'mmtbx/polygon/__init__.py'...
  File "mmtbx/polygon/__init__.py", line 107
    print "%8.4f %8.4f %d" % (l, r, s)
                         ^
SyntaxError: invalid syntax

*** Error compiling 'mmtbx/polygon/output.py'...
  File "mmtbx/polygon/output.py", line 32
    print stat_name, value
                  ^
SyntaxError: Missing parentheses in call to 'print'. Did you mean print(print stat_name, value)?

*** Error compiling 'mmtbx/polygon/tst.py'...
  File "mmtbx/polygon/tst.py", line 43
    print "Skip POLYGON test: database file is not available."
                                                             ^
SyntaxError: Missing parentheses in call to 'print'. Did you mean print(int "Skip POLYGON test: database file is not available.")?

*** Error compiling 'mmtbx/polygon/tst_gui.py'...
  File "mmtbx/polygon/tst_gui.py", line 39
    print "OK"
             ^
SyntaxError: Missing parentheses in call to 'print'. Did you mean print(t "OK")?

*** Error compiling 'mmtbx/proq2.py'...
  File "mmtbx/proq2.py", line 58
    raise JobFolderParseError, "Could not find job folder text"
                             ^
SyntaxError: invalid syntax

*** Error compiling 'mmtbx/real_space/tst.py'...
  File "mmtbx/real_space/tst.py", line 356
    print r
          ^
SyntaxError: Missing parentheses in call to 'print'. Did you mean print(int r)?

*** Error compiling 'mmtbx/real_space_correlation.py'...
  File "mmtbx/real_space_correlation.py", line 285
    except RuntimeError, e:
                       ^
SyntaxError: invalid syntax

*** Error compiling 'mmtbx/refinement/anomalous_scatterer_groups.py'...
  File "mmtbx/refinement/anomalous_scatterer_groups.py", line 136
    except RuntimeError, e :
                       ^
SyntaxError: invalid syntax

*** Error compiling 'mmtbx/refinement/ensemble_refinement/ensemble_probability.py'...
  File "mmtbx/refinement/ensemble_refinement/ensemble_probability.py", line 126
    if 0: print i_seq, list(residue.selection) # DEBUG
                    ^
SyntaxError: invalid syntax

*** Error compiling 'mmtbx/refinement/ensemble_refinement/scripts/ens_pdb.py'...
  File "mmtbx/refinement/ensemble_refinement/scripts/ens_pdb.py", line 9
    print "Removing HOH..."
                          ^
SyntaxError: Missing parentheses in call to 'print'. Did you mean print(t "Removing HOH...")?

*** Error compiling 'mmtbx/refinement/ensemble_refinement/scripts/ens_tools.py'...
  File "mmtbx/refinement/ensemble_refinement/scripts/ens_tools.py", line 69
    print '\nERROR: Please supply at least 2 seletions'
                                                      ^
SyntaxError: Missing parentheses in call to 'print'. Did you mean print(print '\nERROR: Please supply at least 2 seletions')?

*** Error compiling 'mmtbx/refinement/group.py'...
  File "mmtbx/refinement/group.py", line 301
    print a, f
          ^
SyntaxError: Missing parentheses in call to 'print'. Did you mean print(print a, f)?

*** Error compiling 'mmtbx/refinement/inspect_tardy_trajectory.py'...
  File "mmtbx/refinement/inspect_tardy_trajectory.py", line 26
    print "rms difference start vs. final: %.3f" % \
                                               ^
SyntaxError: Missing parentheses in call to 'print'. Did you mean print(t "rms difference start vs. final: %.3f" % \)?

*** Error compiling 'mmtbx/refinement/minimization.py'...
  File "mmtbx/refinement/minimization.py", line 151
    except Exception, e:
                    ^
SyntaxError: invalid syntax

*** Error compiling 'mmtbx/refinement/occupancies.py'...
  File "mmtbx/refinement/occupancies.py", line 592
    print "%s (group %d):" % (pdb_atoms[i_seq].id_str(), k+1)
                         ^
SyntaxError: invalid syntax

*** Error compiling 'mmtbx/refinement/orca.py'...
  File "mmtbx/refinement/orca.py", line 180
    print "sites_cart.size():", sites_cart.size()
                             ^
SyntaxError: invalid syntax

*** Error compiling 'mmtbx/refinement/real_space/__init__.py'...
  File "mmtbx/refinement/real_space/__init__.py", line 225
    print cl.axis, ",".join([an[i].strip() for i in cl.axis]), \
           ^
SyntaxError: invalid syntax

*** Error compiling 'mmtbx/refinement/real_space/fit_residues.py'...
  File "mmtbx/refinement/real_space/fit_residues.py", line 160
    print r.residue.resseq, i_res
          ^
SyntaxError: Missing parentheses in call to 'print'. Did you mean print(print r.residue.resseq, i_res)?

*** Error compiling 'mmtbx/refinement/real_space/flipbase.py'...
  File "mmtbx/refinement/real_space/flipbase.py", line 64
    print s;sys.exit()
          ^
SyntaxError: invalid syntax

*** Error compiling 'mmtbx/refinement/real_space/rigid_body.py'...
  File "mmtbx/refinement/real_space/rigid_body.py", line 289
    print "chain:", chain.id
                 ^
SyntaxError: Missing parentheses in call to 'print'. Did you mean print(print "chain:", chain.id)?

*** Error compiling 'mmtbx/refinement/real_space/tst_aa_residue_axes_and_clusters.py'...
  File "mmtbx/refinement/real_space/tst_aa_residue_axes_and_clusters.py", line 48
    print time.time()-t0
             ^
SyntaxError: invalid syntax

*** Error compiling 'mmtbx/refinement/real_space/tst_fit_residue_0.py'...
  File "mmtbx/refinement/real_space/tst_fit_residue_0.py", line 95
    print "Time: %6.4f"%(time.time()-t0)
                      ^
SyntaxError: invalid syntax

*** Error compiling 'mmtbx/refinement/real_space/tst_fit_residue_1.py'...
  File "mmtbx/refinement/real_space/tst_fit_residue_1.py", line 149
    print dist
             ^
SyntaxError: Missing parentheses in call to 'print'. Did you mean print(t dist)?

*** Error compiling 'mmtbx/refinement/real_space/tst_fit_residue_2.py'...
  File "mmtbx/refinement/real_space/tst_fit_residue_2.py", line 143
    print "Time: %6.4f"%(time.time()-t0)
                      ^
SyntaxError: invalid syntax

*** Error compiling 'mmtbx/refinement/real_space/tst_fit_residue_3.py'...
  File "mmtbx/refinement/real_space/tst_fit_residue_3.py", line 113
    print "Test disabled since current protocol cannot do what test asks for."
                                                                             ^
SyntaxError: Missing parentheses in call to 'print'. Did you mean print(t "Test disabled since current protocol cannot do what test asks for.")?

*** Error compiling 'mmtbx/refinement/real_space/tst_fit_residue_4.py'...
  File "mmtbx/refinement/real_space/tst_fit_residue_4.py", line 98
    print "Test disabled since current protocol cannot do what test asks for."
                                                                             ^
SyntaxError: Missing parentheses in call to 'print'. Did you mean print(t "Test disabled since current protocol cannot do what test asks for.")?

*** Error compiling 'mmtbx/refinement/real_space/tst_fit_residue_6.py'...
  File "mmtbx/refinement/real_space/tst_fit_residue_6.py", line 121
    print dist
             ^
SyntaxError: Missing parentheses in call to 'print'. Did you mean print(t dist)?

*** Error compiling 'mmtbx/refinement/real_space/tst_fit_residue_7.py'...
  File "mmtbx/refinement/real_space/tst_fit_residue_7.py", line 109
    print dist
             ^
SyntaxError: Missing parentheses in call to 'print'. Did you mean print(t dist)?

*** Error compiling 'mmtbx/refinement/real_space/tst_fit_residues_1.py'...
  File "mmtbx/refinement/real_space/tst_fit_residues_1.py", line 802
    print "start:", dist
                 ^
SyntaxError: Missing parentheses in call to 'print'. Did you mean print(t "start:", dist)?

*** Error compiling 'mmtbx/refinement/real_space/tst_fit_residues_2.py'...
  File "mmtbx/refinement/real_space/tst_fit_residues_2.py", line 127
    print "-"*10
            ^
SyntaxError: Missing parentheses in call to 'print'. Did you mean print(int "-"*10)?

*** Error compiling 'mmtbx/refinement/real_space/tst_fit_residues_3.py'...
  File "mmtbx/refinement/real_space/tst_fit_residues_3.py", line 155
    print "-"*10
            ^
SyntaxError: Missing parentheses in call to 'print'. Did you mean print(int "-"*10)?

*** Error compiling 'mmtbx/refinement/real_space/tst_fit_residues_4.py'...
  File "mmtbx/refinement/real_space/tst_fit_residues_4.py", line 199
    print "Time: %6.4f"%(time.time()-t0)
                      ^
SyntaxError: invalid syntax

*** Error compiling 'mmtbx/refinement/real_space/tst_fit_water.py'...
  File "mmtbx/refinement/real_space/tst_fit_water.py", line 204
    print "Time: %6.4f"%(time.time()-t0)
                      ^
SyntaxError: invalid syntax

*** Error compiling 'mmtbx/refinement/real_space/tst_flipbase.py'...
  File "mmtbx/refinement/real_space/tst_flipbase.py", line 101
    print d.min_max_mean().as_tuple()
          ^
SyntaxError: invalid syntax

*** Error compiling 'mmtbx/refinement/real_space/tst_individual_sites_1.py'...
  File "mmtbx/refinement/real_space/tst_individual_sites_1.py", line 101
    print "d_min:", d_min
                 ^
SyntaxError: Missing parentheses in call to 'print'. Did you mean print(int "d_min:", d_min)?

*** Error compiling 'mmtbx/refinement/real_space/tst_individual_sites_2.py'...
  File "mmtbx/refinement/real_space/tst_individual_sites_2.py", line 1776
    print "Time: %6.2f" % timer.elapsed()
                      ^
SyntaxError: invalid syntax

*** Error compiling 'mmtbx/refinement/real_space/tst_individual_sites_3.py'...
  File "mmtbx/refinement/real_space/tst_individual_sites_3.py", line 536
    print d.min_max_mean().as_tuple()
          ^
SyntaxError: invalid syntax

*** Error compiling 'mmtbx/refinement/real_space/tst_monitor.py'...
  File "mmtbx/refinement/real_space/tst_monitor.py", line 225
    print "Time: %6.4f"%(time.time()-t0)
                      ^
SyntaxError: invalid syntax

*** Error compiling 'mmtbx/refinement/real_space/tst_rigid_body.py'...
  File "mmtbx/refinement/real_space/tst_rigid_body.py", line 113
    print "Time: %6.2f" % (time.time()-t0)
                      ^
SyntaxError: invalid syntax

*** Error compiling 'mmtbx/refinement/real_space/tst_weight.py'...
  File "mmtbx/refinement/real_space/tst_weight.py", line 1733
    print d_min, "-"*69
              ^
SyntaxError: Missing parentheses in call to 'print'. Did you mean print(int d_min, "-"*69)?

*** Error compiling 'mmtbx/refinement/tst_fit_rotamers.py'...
  File "mmtbx/refinement/tst_fit_rotamers.py", line 24
    print "OK"
             ^
SyntaxError: Missing parentheses in call to 'print'. Did you mean print(t "OK")?

*** Error compiling 'mmtbx/refinement/tst_group.py'...
  File "mmtbx/refinement/tst_group.py", line 222
    print "Initial r_work=%6.4f r_free=%6.4f"%(fmodel.r_work(), fmodel.r_free())
                                            ^
SyntaxError: invalid syntax

*** Error compiling 'mmtbx/refinement/tst_group_2.py'...
  File "mmtbx/refinement/tst_group_2.py", line 186
    print "Initial r_work=%6.4f r_free=%6.4f"%(fmodel.r_work(), fmodel.r_free())
                                            ^
SyntaxError: invalid syntax

*** Error compiling 'mmtbx/refinement/tst_misc.py'...
  File "mmtbx/refinement/tst_misc.py", line 68
    print "OK"
             ^
SyntaxError: Missing parentheses in call to 'print'. Did you mean print(t "OK")?

*** Error compiling 'mmtbx/refinement/tst_occupancy_selections.py'...
  File "mmtbx/refinement/tst_occupancy_selections.py", line 314
    except Exception, e: pass
                    ^
SyntaxError: invalid syntax

*** Error compiling 'mmtbx/refinement/tst_real_space_simple.py'...
  File "mmtbx/refinement/tst_real_space_simple.py", line 99
    print "d_min:", d_min
                 ^
SyntaxError: Missing parentheses in call to 'print'. Did you mean print(int "d_min:", d_min)?

*** Error compiling 'mmtbx/refinement/tst_refinement_flags.py'...
  File "mmtbx/refinement/tst_refinement_flags.py", line 126
    print "-"*80
            ^
SyntaxError: Missing parentheses in call to 'print'. Did you mean print(int "-"*80)?

*** Error compiling 'mmtbx/refinement/tst_rigid_body.py'...
  File "mmtbx/refinement/tst_rigid_body.py", line 216
    print "test 1: ", convention
                   ^
SyntaxError: Missing parentheses in call to 'print'. Did you mean print(int "test 1: ", convention)?

*** Error compiling 'mmtbx/refinement/tst_rigid_body_groups_from_pdb_chains.py'...
  File "mmtbx/refinement/tst_rigid_body_groups_from_pdb_chains.py", line 260
    print "OK"
             ^
SyntaxError: Missing parentheses in call to 'print'. Did you mean print(t "OK")?

*** Error compiling 'mmtbx/refinement/tst_select_best_starting_model.py'...
  File "mmtbx/refinement/tst_select_best_starting_model.py", line 419
    print "OK"
             ^
SyntaxError: Missing parentheses in call to 'print'. Did you mean print(t "OK")?

*** Error compiling 'mmtbx/refinement/wx_tardy_pdb.py'...
  File "mmtbx/refinement/wx_tardy_pdb.py", line 32
    print "New iso-level: %.2f" % O.iso_level
                              ^
SyntaxError: Missing parentheses in call to 'print'. Did you mean print(int "New iso-level: %.2f" % O.iso_level)?

*** Error compiling 'mmtbx/regression/fix_cablam/tst_basic_cl_operations.py'...
  File "mmtbx/regression/fix_cablam/tst_basic_cl_operations.py", line 32
    print "checking %s" % (in_fname[:-4]+prfx+'.pdb')
                      ^
SyntaxError: invalid syntax

*** Error compiling 'mmtbx/regression/model_idealization/tst_ext_map_01.py'...
  File "mmtbx/regression/model_idealization/tst_ext_map_01.py", line 137
    print fmodel_cmd
                   ^
SyntaxError: Missing parentheses in call to 'print'. Did you mean print(t fmodel_cmd)?

*** Error compiling 'mmtbx/regression/model_idealization/tst_ligands.py'...
  File "mmtbx/regression/model_idealization/tst_ligands.py", line 181
    print cmd
            ^
SyntaxError: Missing parentheses in call to 'print'. Did you mean print(t cmd)?

*** Error compiling 'mmtbx/regression/model_idealization/tst_nomap_01.py'...
  File "mmtbx/regression/model_idealization/tst_nomap_01.py", line 25
    print cmd
            ^
SyntaxError: Missing parentheses in call to 'print'. Did you mean print(t cmd)?

*** Error compiling 'mmtbx/regression/model_idealization/tst_nomap_02.py'...
  File "mmtbx/regression/model_idealization/tst_nomap_02.py", line 28
    print cmd
            ^
SyntaxError: Missing parentheses in call to 'print'. Did you mean print(t cmd)?

*** Error compiling 'mmtbx/regression/model_idealization/tst_nomap_03.py'...
  File "mmtbx/regression/model_idealization/tst_nomap_03.py", line 243
    print cmd
            ^
SyntaxError: Missing parentheses in call to 'print'. Did you mean print(t cmd)?

*** Error compiling 'mmtbx/regression/model_idealization/tst_nomap_04.py'...
  File "mmtbx/regression/model_idealization/tst_nomap_04.py", line 236
    print cmd
            ^
SyntaxError: Missing parentheses in call to 'print'. Did you mean print(t cmd)?

*** Error compiling 'mmtbx/regression/model_idealization/tst_with_mtz.py'...
  File "mmtbx/regression/model_idealization/tst_with_mtz.py", line 50
    print cmd
            ^
SyntaxError: Missing parentheses in call to 'print'. Did you mean print(t cmd)?

*** Error compiling 'mmtbx/regression/model_idealization/tst_withmap_01.py'...
  File "mmtbx/regression/model_idealization/tst_withmap_01.py", line 25
    print cmd
            ^
SyntaxError: Missing parentheses in call to 'print'. Did you mean print(t cmd)?

*** Error compiling 'mmtbx/regression/model_idealization/tst_withmap_02.py'...
  File "mmtbx/regression/model_idealization/tst_withmap_02.py", line 29
    print cmd
            ^
SyntaxError: Missing parentheses in call to 'print'. Did you mean print(t cmd)?

*** Error compiling 'mmtbx/regression/model_idealization/tst_withmap_03.py'...
  File "mmtbx/regression/model_idealization/tst_withmap_03.py", line 248
    print cmd
            ^
SyntaxError: Missing parentheses in call to 'print'. Did you mean print(t cmd)?

*** Error compiling 'mmtbx/regression/model_idealization/tst_withmap_04.py'...
  File "mmtbx/regression/model_idealization/tst_withmap_04.py", line 241
    print cmd
            ^
SyntaxError: Missing parentheses in call to 'print'. Did you mean print(t cmd)?

*** Error compiling 'mmtbx/regression/model_idealization/tst_withmap_05.py'...
  File "mmtbx/regression/model_idealization/tst_withmap_05.py", line 118
    print cmd
            ^
SyntaxError: Missing parentheses in call to 'print'. Did you mean print(t cmd)?

*** Error compiling 'mmtbx/regression/model_idealization/tst_withmap_06.py'...
  File "mmtbx/regression/model_idealization/tst_withmap_06.py", line 178
    print cmd
            ^
SyntaxError: Missing parentheses in call to 'print'. Did you mean print(t cmd)?

*** Error compiling 'mmtbx/regression/ncs/tst_minimization_ncs_constraints.py'...
  File "mmtbx/regression/ncs/tst_minimization_ncs_constraints.py", line 156
    print "start r_factor: %6.4f" % r_start
                                ^
SyntaxError: Missing parentheses in call to 'print'. Did you mean print(int "start r_factor: %6.4f" % r_start)?

*** Error compiling 'mmtbx/regression/ncs/tst_minimization_ncs_constraints2.py'...
  File "mmtbx/regression/ncs/tst_minimization_ncs_constraints2.py", line 275
    if(1): print "d_min:", d_min
                        ^
SyntaxError: invalid syntax

*** Error compiling 'mmtbx/regression/ncs/tst_minimization_ncs_constraints_real_space.py'...
  File "mmtbx/regression/ncs/tst_minimization_ncs_constraints_real_space.py", line 162
    print "Time: %6.4f"%(time.time()-t0)
                      ^
SyntaxError: invalid syntax

*** Error compiling 'mmtbx/regression/ncs/tst_ncs_restraints_group_list.py'...
  File "mmtbx/regression/ncs/tst_ncs_restraints_group_list.py", line 308
    print "OK. Time: %8.3f"%(time()-t0)
                          ^
SyntaxError: invalid syntax

*** Error compiling 'mmtbx/regression/ncs/tst_ncs_search_flips.py'...
  File "mmtbx/regression/ncs/tst_ncs_search_flips.py", line 579
    print rmsd_smart
                   ^
SyntaxError: Missing parentheses in call to 'print'. Did you mean print(t rmsd_smart)?

*** Error compiling 'mmtbx/regression/ncs/tst_restraints.py'...
  File "mmtbx/regression/ncs/tst_restraints.py", line 124
    except RuntimeError, e:
                       ^
SyntaxError: invalid syntax

*** Error compiling 'mmtbx/regression/real_space_refine_chain/tst_00.py'...
  File "mmtbx/regression/real_space_refine_chain/tst_00.py", line 211
    print self.target, target # XXX for debugging
             ^
SyntaxError: Missing parentheses in call to 'print'. Did you mean print(int self.target, target # XXX for debugging)?

*** Error compiling 'mmtbx/regression/real_space_refine_chain/tst_01.py'...
  File "mmtbx/regression/real_space_refine_chain/tst_01.py", line 95
    print "Time: %6.4f"%(time.time()-t0)
                      ^
SyntaxError: invalid syntax

*** Error compiling 'mmtbx/regression/tls/tst_formula_t_S_10_vs_11_2igd.py'...
  File "mmtbx/regression/tls/tst_formula_t_S_10_vs_11_2igd.py", line 403
    print "formula:", formula
                   ^
SyntaxError: Missing parentheses in call to 'print'. Did you mean print(int "formula:", formula)?

*** Error compiling 'mmtbx/regression/tls/tst_formula_t_S_10_vs_11_4muy.py'...
  File "mmtbx/regression/tls/tst_formula_t_S_10_vs_11_4muy.py", line 277
    print "formula:", formula
                   ^
SyntaxError: Missing parentheses in call to 'print'. Did you mean print(int "formula:", formula)?

*** Error compiling 'mmtbx/regression/tls/tst_get_t_scheme.py'...
  File "mmtbx/regression/tls/tst_get_t_scheme.py", line 183
    print "."*30
            ^
SyntaxError: Missing parentheses in call to 'print'. Did you mean print(print "."*30)?

*** Error compiling 'mmtbx/regression/tls/tst_tls.py'...
  File "mmtbx/regression/tls/tst_tls.py", line 71
    print "\nTLS from Uaniso:\n"
                               ^
SyntaxError: Missing parentheses in call to 'print'. Did you mean print(t "\nTLS from Uaniso:\n")?

*** Error compiling 'mmtbx/regression/tls/tst_tls_analysis.py'...
  File "mmtbx/regression/tls/tst_tls_analysis.py", line 93
    print fn, "OK"
           ^
SyntaxError: Missing parentheses in call to 'print'. Did you mean print(print fn, "OK")?

*** Error compiling 'mmtbx/regression/tls/tst_tls_as_xyz.py'...
  File "mmtbx/regression/tls/tst_tls_as_xyz.py", line 183
    print "%5d %6.4f %6.4f"%(n, cc, r)
                          ^
SyntaxError: invalid syntax

*** Error compiling 'mmtbx/regression/tls/tst_tls_refinement_fft.py'...
  File "mmtbx/regression/tls/tst_tls_refinement_fft.py", line 114
    print "*"*80
            ^
SyntaxError: Missing parentheses in call to 'print'. Did you mean print(t "*"*80)?

*** Error compiling 'mmtbx/regression/tls/tst_u_tls_vs_u_ens_00.py'...
  File "mmtbx/regression/tls/tst_u_tls_vs_u_ens_00.py", line 34
    print pdb_str
                ^
SyntaxError: Missing parentheses in call to 'print'. Did you mean print(int pdb_str)?

*** Error compiling 'mmtbx/regression/tls/tst_u_tls_vs_u_ens_01.py'...
  File "mmtbx/regression/tls/tst_u_tls_vs_u_ens_01.py", line 40
    print lx,ly,lz
           ^
SyntaxError: Missing parentheses in call to 'print'. Did you mean print(print lx,ly,lz)?

*** Error compiling 'mmtbx/regression/tls/tst_u_tls_vs_u_ens_02.py'...
  File "mmtbx/regression/tls/tst_u_tls_vs_u_ens_02.py", line 34
    print pdb_str
                ^
SyntaxError: Missing parentheses in call to 'print'. Did you mean print(int pdb_str)?

*** Error compiling 'mmtbx/regression/tls/tst_u_tls_vs_u_ens_03.py'...
  File "mmtbx/regression/tls/tst_u_tls_vs_u_ens_03.py", line 40
    print vx,vy,vz
           ^
SyntaxError: Missing parentheses in call to 'print'. Did you mean print(print vx,vy,vz)?

*** Error compiling 'mmtbx/regression/tls/tst_u_tls_vs_u_ens_04.py'...
  File "mmtbx/regression/tls/tst_u_tls_vs_u_ens_04.py", line 43
    print lx,ly,lz
           ^
SyntaxError: Missing parentheses in call to 'print'. Did you mean print(print lx,ly,lz)?

*** Error compiling 'mmtbx/regression/tncs/tst_epsfac_and_radius.py'...
  File "mmtbx/regression/tncs/tst_epsfac_and_radius.py", line 21
    print "B: %5.1f"%b
                   ^
SyntaxError: Missing parentheses in call to 'print'. Did you mean print(int "B: %5.1f"%b)?

*** Error compiling 'mmtbx/regression/tncs/tst_fd.py'...
  File "mmtbx/regression/tncs/tst_fd.py", line 22
    print f_obs.binner().n_bins_used()
              ^
SyntaxError: invalid syntax

*** Error compiling 'mmtbx/regression/tncs/tst_moments.py'...
  File "mmtbx/regression/tncs/tst_moments.py", line 33
    print "%s %4.2f"%M2[0], "%s %4.2f"%M2_corr[0]
                   ^
SyntaxError: Missing parentheses in call to 'print'. Did you mean print(t "%s %4.2f"%M2[0], "%s %4.2f"%M2_corr[0])?

*** Error compiling 'mmtbx/regression/tst_add_h_to_water.py'...
  File "mmtbx/regression/tst_add_h_to_water.py", line 89
    print "Reduce not installed, needed for model.add_hydrogens(). skipping"
                                                                           ^
SyntaxError: invalid syntax

*** Error compiling 'mmtbx/regression/tst_adp_restraints.py'...
  File "mmtbx/regression/tst_adp_restraints.py", line 46
    print format_cpu_times()
                         ^
SyntaxError: invalid syntax

*** Error compiling 'mmtbx/regression/tst_alignment.py'...
  File "mmtbx/regression/tst_alignment.py", line 65
    print "score=%.1f" % obj.score()
                     ^
SyntaxError: invalid syntax

*** Error compiling 'mmtbx/regression/tst_altloc_chain_break.py'...
  File "mmtbx/regression/tst_altloc_chain_break.py", line 67
    print target_values
                      ^
SyntaxError: Missing parentheses in call to 'print'. Did you mean print(t target_values)?

*** Error compiling 'mmtbx/regression/tst_altloc_remediate.py'...
  File "mmtbx/regression/tst_altloc_remediate.py", line 508
    print l1
           ^
SyntaxError: Missing parentheses in call to 'print'. Did you mean print(print l1)?

*** Error compiling 'mmtbx/regression/tst_angle.py'...
  File "mmtbx/regression/tst_angle.py", line 802
    print cmd
            ^
SyntaxError: Missing parentheses in call to 'print'. Did you mean print(print cmd)?

*** Error compiling 'mmtbx/regression/tst_anomalous_substructure.py'...
  File "mmtbx/regression/tst_anomalous_substructure.py", line 16
    print "OK"
             ^
SyntaxError: Missing parentheses in call to 'print'. Did you mean print(t "OK")?

*** Error compiling 'mmtbx/regression/tst_apply_cif_restraints.py'...
  File "mmtbx/regression/tst_apply_cif_restraints.py", line 241
    print cmd
            ^
SyntaxError: Missing parentheses in call to 'print'. Did you mean print(t cmd)?

*** Error compiling 'mmtbx/regression/tst_cablam.py'...
  File "mmtbx/regression/tst_cablam.py", line 179
    print "Skipping exercise_cablam(): input pdb (pdb103l.ent) not available"
                                                                            ^
SyntaxError: invalid syntax

*** Error compiling 'mmtbx/regression/tst_cc_star.py'...
  File "mmtbx/regression/tst_cc_star.py", line 63
    except Sorry, s :
                ^
SyntaxError: invalid syntax

*** Error compiling 'mmtbx/regression/tst_chain_comparison.py'...
  File "mmtbx/regression/tst_chain_comparison.py", line 489
    print "Comparing mixed model with target..."
                                               ^
SyntaxError: Missing parentheses in call to 'print'. Did you mean print(t "Comparing mixed model with target...")?

*** Error compiling 'mmtbx/regression/tst_cif_as_mtz_wavelengths.py'...
  File "mmtbx/regression/tst_cif_as_mtz_wavelengths.py", line 205
    print "OK"
             ^
SyntaxError: Missing parentheses in call to 'print'. Did you mean print(t "OK")?

*** Error compiling 'mmtbx/regression/tst_cis_trans_peptide_link.py'...
  File "mmtbx/regression/tst_cis_trans_peptide_link.py", line 98
    print cmd
            ^
SyntaxError: Missing parentheses in call to 'print'. Did you mean print(print cmd)?

*** Error compiling 'mmtbx/regression/tst_clashes.py'...
  File "mmtbx/regression/tst_clashes.py", line 76
    print "\n","-"*79
             ^
SyntaxError: Missing parentheses in call to 'print'. Did you mean print(t "\n","-"*79)?

*** Error compiling 'mmtbx/regression/tst_command_line_input.py'...
  File "mmtbx/regression/tst_command_line_input.py", line 175
    except Sorry, s :
                ^
SyntaxError: invalid syntax

*** Error compiling 'mmtbx/regression/tst_dssp.py'...
  File "mmtbx/regression/tst_dssp.py", line 175
    print "phenix_regression not available, skipping test"
                                                         ^
SyntaxError: Missing parentheses in call to 'print'. Did you mean print(int "phenix_regression not available, skipping test")?

*** Error compiling 'mmtbx/regression/tst_dynamics_cli.py'...
  File "mmtbx/regression/tst_dynamics_cli.py", line 97
    print "OK"
             ^
SyntaxError: Missing parentheses in call to 'print'. Did you mean print(t "OK")?

*** Error compiling 'mmtbx/regression/tst_examples.py'...
  File "mmtbx/regression/tst_examples.py", line 19
    print "phenix_regression not found, skipping"
                                                ^
SyntaxError: Missing parentheses in call to 'print'. Did you mean print(int "phenix_regression not found, skipping")?

*** Error compiling 'mmtbx/regression/tst_find_ncs.py'...
  File "mmtbx/regression/tst_find_ncs.py", line 73
    print "Read ncs-spec file and write out text...",
                                                   ^
SyntaxError: Missing parentheses in call to 'print'. Did you mean print(t "Read ncs-spec file and write out text...", end=" ")?

*** Error compiling 'mmtbx/regression/tst_find_ss_structure.py'...
  File "mmtbx/regression/tst_find_ss_structure.py", line 465
    print "Finding sheets, splitting and merging...",
                                                   ^
SyntaxError: Missing parentheses in call to 'print'. Did you mean print(t "Finding sheets, splitting and merging...", end=" ")?

*** Error compiling 'mmtbx/regression/tst_fix_rotamer_outliers.py'...
  File "mmtbx/regression/tst_fix_rotamer_outliers.py", line 150
    print "OK"
             ^
SyntaxError: Missing parentheses in call to 'print'. Did you mean print(t "OK")?

*** Error compiling 'mmtbx/regression/tst_flip_symmetric.py'...
  File "mmtbx/regression/tst_flip_symmetric.py", line 252
    print line
             ^
SyntaxError: Missing parentheses in call to 'print'. Did you mean print(int line)?

*** Error compiling 'mmtbx/regression/tst_fmodel.py'...
  File "mmtbx/regression/tst_fmodel.py", line 213
    print sg
           ^
SyntaxError: Missing parentheses in call to 'print'. Did you mean print(int sg)?

*** Error compiling 'mmtbx/regression/tst_fmodel_2.py'...
  File "mmtbx/regression/tst_fmodel_2.py", line 1035
    print "d_min:", d_min
                 ^
SyntaxError: Missing parentheses in call to 'print'. Did you mean print(int "d_min:", d_min)?

*** Error compiling 'mmtbx/regression/tst_fmodel_fd.py'...
  File "mmtbx/regression/tst_fmodel_fd.py", line 107
    print "  ",target
             ^
SyntaxError: Missing parentheses in call to 'print'. Did you mean print(print "  ",target)?

*** Error compiling 'mmtbx/regression/tst_fmodel_misc.py'...
  File "mmtbx/regression/tst_fmodel_misc.py", line 39
    print "OK"
             ^
SyntaxError: Missing parentheses in call to 'print'. Did you mean print(t "OK")?

*** Error compiling 'mmtbx/regression/tst_fmodel_no_cryst1.py'...
  File "mmtbx/regression/tst_fmodel_no_cryst1.py", line 38
    print "OK"
             ^
SyntaxError: Missing parentheses in call to 'print'. Did you mean print(t "OK")?

*** Error compiling 'mmtbx/regression/tst_geo_min_restraints_phil.py'...
  File "mmtbx/regression/tst_geo_min_restraints_phil.py", line 265
    print "OK"
             ^
SyntaxError: Missing parentheses in call to 'print'. Did you mean print(t "OK")?

*** Error compiling 'mmtbx/regression/tst_geometry_minimization.py'...
  File "mmtbx/regression/tst_geometry_minimization.py", line 118
    print "Can not initialize monomer_library, skipping test."
                                                             ^
SyntaxError: Missing parentheses in call to 'print'. Did you mean print(int "Can not initialize monomer_library, skipping test.")?

*** Error compiling 'mmtbx/regression/tst_isomorphous_difference_misc.py'...
  File "mmtbx/regression/tst_isomorphous_difference_misc.py", line 142
    print " ".join(args_1)
            ^
SyntaxError: invalid syntax

*** Error compiling 'mmtbx/regression/tst_loop_closure.py'...
  File "mmtbx/regression/tst_loop_closure.py", line 221
    print "OK"
             ^
SyntaxError: Missing parentheses in call to 'print'. Did you mean print(t "OK")?

*** Error compiling 'mmtbx/regression/tst_map_coeffs_simple.py'...
  File "mmtbx/regression/tst_map_coeffs_simple.py", line 21
    print "OK"
             ^
SyntaxError: Missing parentheses in call to 'print'. Did you mean print(t "OK")?

*** Error compiling 'mmtbx/regression/tst_map_model_cc.py'...
  File "mmtbx/regression/tst_map_model_cc.py", line 90
    print cmd
            ^
SyntaxError: Missing parentheses in call to 'print'. Did you mean print(t cmd)?

*** Error compiling 'mmtbx/regression/tst_map_type_parser.py'...
  File "mmtbx/regression/tst_map_type_parser.py", line 105
    except Sorry, e:
                ^
SyntaxError: invalid syntax

*** Error compiling 'mmtbx/regression/tst_maps_misc.py'...
  File "mmtbx/regression/tst_maps_misc.py", line 72
    print "OK"
             ^
SyntaxError: Missing parentheses in call to 'print'. Did you mean print(t "OK")?

*** Error compiling 'mmtbx/regression/tst_metal_link_1.py'...
  File "mmtbx/regression/tst_metal_link_1.py", line 131
    print "Time: %6.3f"%(time.time()-t0)
                      ^
SyntaxError: invalid syntax

*** Error compiling 'mmtbx/regression/tst_minimize_chain.py'...
  File "mmtbx/regression/tst_minimize_chain.py", line 541
    print "\nTesting merge_model\n"
                                  ^
SyntaxError: Missing parentheses in call to 'print'. Did you mean print(t "\nTesting merge_model\n")?

*** Error compiling 'mmtbx/regression/tst_model.py'...
  File "mmtbx/regression/tst_model.py", line 1218
    print es1.residual_sum
            ^
SyntaxError: Missing parentheses in call to 'print'. Did you mean print(int es1.residual_sum)?

*** Error compiling 'mmtbx/regression/tst_model_2.py'...
  File "mmtbx/regression/tst_model_2.py", line 115
    print "Reduce not installed, needed for model.idealize_h(). skipping"
                                                                        ^
SyntaxError: invalid syntax

*** Error compiling 'mmtbx/regression/tst_model_biomt_mtrix.py'...
  File "mmtbx/regression/tst_model_biomt_mtrix.py", line 406
    print "Total time: %8.3f"%(time.time() - t0)
                            ^
SyntaxError: invalid syntax

*** Error compiling 'mmtbx/regression/tst_model_map.py'...
  File "mmtbx/regression/tst_model_map.py", line 111
    print cc1, cc2
            ^
SyntaxError: Missing parentheses in call to 'print'. Did you mean print(t cc1, cc2)?

*** Error compiling 'mmtbx/regression/tst_model_mtrix.py'...
  File "mmtbx/regression/tst_model_mtrix.py", line 132
    print format_cpu_times()
                         ^
SyntaxError: invalid syntax

*** Error compiling 'mmtbx/regression/tst_model_vs_map.py'...
  File "mmtbx/regression/tst_model_vs_map.py", line 136
    print cmd
            ^
SyntaxError: Missing parentheses in call to 'print'. Did you mean print(t cmd)?

*** Error compiling 'mmtbx/regression/tst_msa.py'...
  File "mmtbx/regression/tst_msa.py", line 10
    print "Skipping MUSCLE tests: muscle module not available."
                                                              ^
SyntaxError: Missing parentheses in call to 'print'. Did you mean print(int "Skipping MUSCLE tests: muscle module not available.")?

*** Error compiling 'mmtbx/regression/tst_mtz2map.py'...
  File "mmtbx/regression/tst_mtz2map.py", line 100
    except Sorry, s  :
                ^
SyntaxError: invalid syntax

*** Error compiling 'mmtbx/regression/tst_multi_residue_class.py'...
  File "mmtbx/regression/tst_multi_residue_class.py", line 98
    print threes
               ^
SyntaxError: Missing parentheses in call to 'print'. Did you mean print(int threes)?

*** Error compiling 'mmtbx/regression/tst_pdbtools.py'...
  File "mmtbx/regression/tst_pdbtools.py", line 125
    print cmd
            ^
SyntaxError: Missing parentheses in call to 'print'. Did you mean print(int cmd)?

*** Error compiling 'mmtbx/regression/tst_polder.py'...
  File "mmtbx/regression/tst_polder.py", line 185
    print cmd
            ^
SyntaxError: Missing parentheses in call to 'print'. Did you mean print(t cmd)?

*** Error compiling 'mmtbx/regression/tst_polder_1.py'...
  File "mmtbx/regression/tst_polder_1.py", line 186
    print cmd
            ^
SyntaxError: Missing parentheses in call to 'print'. Did you mean print(t cmd)?

*** Error compiling 'mmtbx/regression/tst_polder_2.py'...
  File "mmtbx/regression/tst_polder_2.py", line 87
    print cmd
            ^
SyntaxError: Missing parentheses in call to 'print'. Did you mean print(t cmd)?

*** Error compiling 'mmtbx/regression/tst_polder_3.py'...
  File "mmtbx/regression/tst_polder_3.py", line 188
    print cmd
            ^
SyntaxError: Missing parentheses in call to 'print'. Did you mean print(t cmd)?

*** Error compiling 'mmtbx/regression/tst_polder_box.py'...
  File "mmtbx/regression/tst_polder_box.py", line 154
    print cmd
            ^
SyntaxError: Missing parentheses in call to 'print'. Did you mean print(t cmd)?

*** Error compiling 'mmtbx/regression/tst_polder_ccs.py'...
  File "mmtbx/regression/tst_polder_ccs.py", line 138
    print cmd
            ^
SyntaxError: Missing parentheses in call to 'print'. Did you mean print(t cmd)?

*** Error compiling 'mmtbx/regression/tst_prune_model.py'...
  File "mmtbx/regression/tst_prune_model.py", line 15
    print "Input files not found, skipping test"
                                               ^
SyntaxError: Missing parentheses in call to 'print'. Did you mean print(int "Input files not found, skipping test")?

*** Error compiling 'mmtbx/regression/tst_psi_phi_extraction.py'...
  File "mmtbx/regression/tst_psi_phi_extraction.py", line 472
    print three,'ppp',len(ppp)
              ^
SyntaxError: invalid syntax

*** Error compiling 'mmtbx/regression/tst_rank_scale_map.py'...
  File "mmtbx/regression/tst_rank_scale_map.py", line 37
    print "OK"
             ^
SyntaxError: Missing parentheses in call to 'print'. Did you mean print(t "OK")?

*** Error compiling 'mmtbx/regression/tst_real_space_correlation.py'...
  File "mmtbx/regression/tst_real_space_correlation.py", line 22
    print "phenix_regression not found, skipping test"
                                                     ^
SyntaxError: Missing parentheses in call to 'print'. Did you mean print(int "phenix_regression not found, skipping test")?

*** Error compiling 'mmtbx/regression/tst_regularize_from_pdb.py'...
  File "mmtbx/regression/tst_regularize_from_pdb.py", line 41
    print "Regularizing allowing insertions...",
                                              ^
SyntaxError: Missing parentheses in call to 'print'. Did you mean print(t "Regularizing allowing insertions...", end=" ")?

*** Error compiling 'mmtbx/regression/tst_rigid_bond_test.py'...
  File "mmtbx/regression/tst_rigid_bond_test.py", line 33
    print "OK"
             ^
SyntaxError: Missing parentheses in call to 'print'. Did you mean print(t "OK")?

*** Error compiling 'mmtbx/regression/tst_ringer.py'...
  File "mmtbx/regression/tst_ringer.py", line 23
    print cmd
            ^
SyntaxError: Missing parentheses in call to 'print'. Did you mean print(t cmd)?

*** Error compiling 'mmtbx/regression/tst_sequence_validation.py'...
  File "mmtbx/regression/tst_sequence_validation.py", line 11
    print "multiprocessing not available, skipping this test"
                                                            ^
SyntaxError: Missing parentheses in call to 'print'. Did you mean print(int "multiprocessing not available, skipping this test")?

*** Error compiling 'mmtbx/regression/tst_sort_hetatms.py'...
  File "mmtbx/regression/tst_sort_hetatms.py", line 292
    print "OK"
             ^
SyntaxError: Missing parentheses in call to 'print'. Did you mean print(t "OK")?

*** Error compiling 'mmtbx/regression/tst_superpose.py'...
  File "mmtbx/regression/tst_superpose.py", line 79
    print "\t"+"\t".join(keys)
             ^
SyntaxError: invalid syntax

*** Error compiling 'mmtbx/regression/tst_table_one.py'...
  File "mmtbx/regression/tst_table_one.py", line 83
    print "OK"
             ^
SyntaxError: Missing parentheses in call to 'print'. Did you mean print(t "OK")?

*** Error compiling 'mmtbx/regression/tst_utils.py'...
  File "mmtbx/regression/tst_utils.py", line 41
    print "%s"%target_name, "-"*50
             ^
SyntaxError: Missing parentheses in call to 'print'. Did you mean print(print "%s"%target_name, "-"*50)?

*** Error compiling 'mmtbx/regression/tst_validation_summary.py'...
  File "mmtbx/regression/tst_validation_summary.py", line 12
    print "%s not available, skipping" % module
                                     ^
SyntaxError: Missing parentheses in call to 'print'. Did you mean print(print "%s not available, skipping" % module)?

*** Error compiling 'mmtbx/ringer/em_scoring.py'...
  File "mmtbx/ringer/em_scoring.py", line 78
    print "===== Loading Pickle: %s =====" % filename
                                         ^
SyntaxError: Missing parentheses in call to 'print'. Did you mean print(t "===== Loading Pickle: %s =====" % filename)?

*** Error compiling 'mmtbx/ringer/tst_em_rscc.py'...
  File "mmtbx/ringer/tst_em_rscc.py", line 30
    print i,j,k,s,f
          ^
SyntaxError: Missing parentheses in call to 'print'. Did you mean print(t i,j,k,s,f)?

*** Error compiling 'mmtbx/ringer/tst_emringer.py'...
  File "mmtbx/ringer/tst_emringer.py", line 93
    print list
             ^
SyntaxError: Missing parentheses in call to 'print'. Did you mean print(t list)?

*** Error compiling 'mmtbx/rotamer/graphics.py'...
  File "mmtbx/rotamer/graphics.py", line 33
    print extent
               ^
SyntaxError: Missing parentheses in call to 'print'. Did you mean print(int extent)?

*** Error compiling 'mmtbx/rotamer/rotamer_eval.py'...
  File "mmtbx/rotamer/rotamer_eval.py", line 357
    except ImportError, e:
                      ^
SyntaxError: invalid syntax

*** Error compiling 'mmtbx/rotamer/sidechain_angles.py'...
  File "mmtbx/rotamer/sidechain_angles.py", line 29
    except ImportError, e:
                      ^
SyntaxError: invalid syntax

*** Error compiling 'mmtbx/rotamer/tst_geostd_vs_sidechain_angles_props.py'...
  File "mmtbx/rotamer/tst_geostd_vs_sidechain_angles_props.py", line 31
    print resname, tor_id, atom_names, annotation
                ^
SyntaxError: Missing parentheses in call to 'print'. Did you mean print(int resname, tor_id, atom_names, annotation)?

*** Error compiling 'mmtbx/rotamer/tst_rotamer_eval.py'...
  File "mmtbx/rotamer/tst_rotamer_eval.py", line 129
    print residue.resname, residue.resseq, rotamer_name
                ^
SyntaxError: Missing parentheses in call to 'print'. Did you mean print(print residue.resname, residue.resseq, rotamer_name)?

*** Error compiling 'mmtbx/rsr/tst.py'...
  File "mmtbx/rsr/tst.py", line 35
    print "time: %10.4f" % (timer.elapsed())
                       ^
SyntaxError: invalid syntax

*** Error compiling 'mmtbx/scaling/absence_likelihood.py'...
  File "mmtbx/scaling/absence_likelihood.py", line 133
    print "OK"
             ^
SyntaxError: Missing parentheses in call to 'print'. Did you mean print(t "OK")?

*** Error compiling 'mmtbx/scaling/absences.py'...
  File "mmtbx/scaling/absences.py", line 874
    print "OK"
             ^
SyntaxError: Missing parentheses in call to 'print'. Did you mean print(t "OK")?

*** Error compiling 'mmtbx/scaling/basic_analyses.py'...
  File "mmtbx/scaling/basic_analyses.py", line 127
    except AttributeError, e:
                         ^
SyntaxError: invalid syntax

*** Error compiling 'mmtbx/scaling/bayesian_estimator.py'...
  File "mmtbx/scaling/bayesian_estimator.py", line 212
    except Exception, e:  # sets result to zero later if we do this...
                    ^
SyntaxError: invalid syntax

*** Error compiling 'mmtbx/scaling/fa_estimation.py'...
  File "mmtbx/scaling/fa_estimation.py", line 83
    print scaling_tasks
                      ^
SyntaxError: Missing parentheses in call to 'print'. Did you mean print(int scaling_tasks)?

*** Error compiling 'mmtbx/scaling/fest.py'...
  File "mmtbx/scaling/fest.py", line 14
    print hashes
               ^
SyntaxError: Missing parentheses in call to 'print'. Did you mean print(t hashes)?

*** Error compiling 'mmtbx/scaling/make_param.py'...
  File "mmtbx/scaling/make_param.py", line 386
    print "Example parameter files lego-ed together from several phil blocks"
                                                                            ^
SyntaxError: Missing parentheses in call to 'print'. Did you mean print(int "Example parameter files lego-ed together from several phil blocks")?

*** Error compiling 'mmtbx/scaling/matthews.py'...
  File "mmtbx/scaling/matthews.py", line 33
    raise ValueError, "solvent content out of range"
                    ^
SyntaxError: invalid syntax

*** Error compiling 'mmtbx/scaling/mean_f_rms_f.py'...
  File "mmtbx/scaling/mean_f_rms_f.py", line 30
    raise AssertionError,"test of mean_f_rms_f failed: Expected %7.3f got %7.3f: diff is %7.3f" %(
                        ^
SyntaxError: invalid syntax

*** Error compiling 'mmtbx/scaling/pair_analyses.py'...
  File "mmtbx/scaling/pair_analyses.py", line 127
    print self.file_name
             ^
SyntaxError: Missing parentheses in call to 'print'. Did you mean print(print self.file_name)?

*** Error compiling 'mmtbx/scaling/plan_sad_experiment.py'...
  File "mmtbx/scaling/plan_sad_experiment.py", line 660
    except AttributeError, e:
                         ^
SyntaxError: invalid syntax

*** Error compiling 'mmtbx/scaling/remove_outliers.py'...
  File "mmtbx/scaling/remove_outliers.py", line 165
    print """
usage: %(command_name)s <options>

Options are defined by the following phil scope:

outlier_utils{
  input{
    unit_cell=None                   << Unit cell. Needed for CNS and SHELX formatted Fobs/Iobs files
    space_group=None                 << space group.  Needed for CNS and SHELX formatted Fobs/Iobs files
    xray_data{
      file_name=None                 << reflection file in any format.
      obs_labels=None                << The labels of the the observed labels (CNS and MTZ)
      free_flags=None                << The labels of the Free Flags (CNS and MTZ)
    }
    model{
      file_name=None                 << A PDB file of the model corresponding to the provided xray data
    }
  }
  outlier_detection{
    protocol=basic *extreme beamstop model   << outlier protocol. See below.
    parameters{
      basic_wilson{
        level=1E-6                   << Outlier rejection level for protocol basic
      }
      extreme_wilson{
        level=0.01                   << Outlier rejection level for protocol extreme
      }
      model_based{
        level=0.01                   << outlier rejection level for protocol model
      }
    }
  }
  additional_parameters{
    free_flag_generation{            << If no free flags are provided, they will be generated
      fraction = 0.10                << Fraction of free flags
      max_number = 2000              << Maximum number of free flags
      lattice_symmetry_max_delta=5.0 << Lattice symmetry maximum delta (no need to touch this)
      use_lattice_symmetry=true      << whether or not to use the lattice symmetry in free flag generation
    }
  }

  output{
    logfile=outlier_tools.log        << The output logfile. Has a copy of the screen dump and (possibly) added plots
    hklout=None                      << an mtz file with observations that are not outliers according to the selected protocol
  }
}


A basic run looks like:

%(command_name)s data.file=my_precious_data.mtz \\
  data.obs=FOBS data.free=TEST \\
  model.file=my_baby.pdb proto=model hklout=new.mtz

A short description of the 3 outlier protocols are described below

1. protocol: basic
   Outliers are reflection for which 1 - P(E^2=>E_obs^2) < level
   For the default value, this results in (approximately) designating
   reflections with E value larger then 3.8 as an outlier.
    see Read, Acta Cryst. (1999). D55, 1759-1764 for details.

2. protocol: extreme
   Outliers are reflections for which 1 - [P(E^2=>E_obs^2)]^Nobs < level
   Nobs is the number of observations. In this manner, the size of the dataset
   is taken into account in the decision if something is an outlier.
   The basic and extrenme protocol usually result in similar outliers.

3. protocol: model
   Calculated amplitudes and estimated values of alpha and beta
   are used to compute the log-likelihood of the observed amplitude.
   The method is inspired by Read, Acta Cryst. (1999). D55, 1759-1764.
   Outliers are rejected on the basis of the assumption that the log
   likelihood differnce log[P(Fmode)]-log[P(Fobs)] is distributed
   according to a Chi-square distribution
   (see http://en.wikipedia.org/wiki/Likelihood-ratio_test ).
   The outlier threshold of relates to the p-value of the
   extreme value distribution of the chi-square distribution.

""" % vars()
             
                                 

                                                

              
        
                                                                                                     
                                                                                                        
              
                                                                      
                                                                                           
                                                                                  
     
          
                                                                                                       
     
   
                    
                                                                            
               
                   
                                                                                  
       
                     
                                                                                    
       
                  
                                                                                  
       
     
   
                        
                                                                                             
                                                              
                                                                    
                                                                                              
                                                                                                          
     
   

         
                                                                                                                    
                                                                                                                              
   
 


                       

                                                  
                                 
                                                   

                                                                  

                  
                                                                
                                                                     
                                                          
                                                             

                    
                                                                        
                                                                              
                                                                    
                                                                      

                  
                                                               
                                                                    
                                                                      
                                                                    
                                                                 
                                         
                                                             
                                                         
                                                             

  ^
SyntaxError: invalid syntax

*** Error compiling 'mmtbx/scaling/rip_scale.py'...
  File "mmtbx/scaling/rip_scale.py", line 26
    print "no help available"
                            ^
SyntaxError: Missing parentheses in call to 'print'. Did you mean print(int "no help available")?

*** Error compiling 'mmtbx/scaling/sad_scale.py'...
  File "mmtbx/scaling/sad_scale.py", line 29
    print "no help available as yet"
                                   ^
SyntaxError: Missing parentheses in call to 'print'. Did you mean print(int "no help available as yet")?

*** Error compiling 'mmtbx/scaling/sir_scale.py'...
  File "mmtbx/scaling/sir_scale.py", line 26
    print "no help available"
                            ^
SyntaxError: Missing parentheses in call to 'print'. Did you mean print(int "no help available")?

*** Error compiling 'mmtbx/scaling/siras_scale.py'...
  File "mmtbx/scaling/siras_scale.py", line 26
    print "no help available as yet"
                                   ^
SyntaxError: Missing parentheses in call to 'print'. Did you mean print(int "no help available as yet")?

*** Error compiling 'mmtbx/scaling/ta_alpha_beta_calc.py'...
  File "mmtbx/scaling/ta_alpha_beta_calc.py", line 253
    print "re calc a/b"
                      ^
SyntaxError: Missing parentheses in call to 'print'. Did you mean print(print "re calc a/b")?

*** Error compiling 'mmtbx/scaling/tst_absences.py'...
  File "mmtbx/scaling/tst_absences.py", line 117
    print group, n_pres_viol
              ^
SyntaxError: Missing parentheses in call to 'print'. Did you mean print(print group, n_pres_viol)?

*** Error compiling 'mmtbx/scaling/tst_bayesian_estimator.py'...
  File "mmtbx/scaling/tst_bayesian_estimator.py", line 13
    print "Running basic estimator....",
                                      ^
SyntaxError: Missing parentheses in call to 'print'. Did you mean print(t "Running basic estimator....", end=" ")?

*** Error compiling 'mmtbx/scaling/tst_massage_data.py'...
  File "mmtbx/scaling/tst_massage_data.py", line 75
    print "OK"
             ^
SyntaxError: Missing parentheses in call to 'print'. Did you mean print(t "OK")?

*** Error compiling 'mmtbx/scaling/tst_mean_f_rms_f.py'...
  File "mmtbx/scaling/tst_mean_f_rms_f.py", line 13
    print "Testing mean_f_rms_f....",
                                   ^
SyntaxError: Missing parentheses in call to 'print'. Did you mean print(t "Testing mean_f_rms_f....", end=" ")?

*** Error compiling 'mmtbx/scaling/tst_outlier.py'...
  File "mmtbx/scaling/tst_outlier.py", line 135
    print "OK"
             ^
SyntaxError: Missing parentheses in call to 'print'. Did you mean print(t "OK")?

*** Error compiling 'mmtbx/scaling/tst_plan_sad_experiment.py'...
  File "mmtbx/scaling/tst_plan_sad_experiment.py", line 72
    print "OK"
             ^
SyntaxError: Missing parentheses in call to 'print'. Did you mean print(t "OK")?

*** Error compiling 'mmtbx/scaling/tst_scaling.py'...
  File "mmtbx/scaling/tst_scaling.py", line 41
    print "very_quick_erf*%d optimized=%s: %.2f s" % (
                                                 ^
SyntaxError: invalid syntax

*** Error compiling 'mmtbx/scaling/tst_sigmaa.py'...
  File "mmtbx/scaling/tst_sigmaa.py", line 34
    print end-start
            ^
SyntaxError: Missing parentheses in call to 'print'. Did you mean print(t end-start)?

*** Error compiling 'mmtbx/scaling/tst_xtriage.py'...
  File "mmtbx/scaling/tst_xtriage.py", line 419
    print "result", len(result_pkl)
                 ^
SyntaxError: invalid syntax

*** Error compiling 'mmtbx/scaling/tst_xtriage_twin_analyses.py'...
  File "mmtbx/scaling/tst_xtriage_twin_analyses.py", line 132
    print out.getvalue()
            ^
SyntaxError: invalid syntax

*** Error compiling 'mmtbx/scaling/twin_analyses.py'...
  File "mmtbx/scaling/twin_analyses.py", line 1027
    except ValueError, e :
                     ^
SyntaxError: invalid syntax

*** Error compiling 'mmtbx/scaling/twmad_scale.py'...
  File "mmtbx/scaling/twmad_scale.py", line 27
    print "no help available"
                            ^
SyntaxError: Missing parentheses in call to 'print'. Did you mean print(int "no help available")?

*** Error compiling 'mmtbx/scaling/xtriage.py'...
  File "mmtbx/scaling/xtriage.py", line 408
    print """
--------------------------------------------------------------------------------
Usage: %(appl)s file_name=myfile.sca <options>

%(appl)s performs a variety of twinning and related test on the given
x-ray data set. See CCP4 newletter number 42, July 2005 for more information.
(http://www.ccp4.ac.uk/newsletters/newsletter42/newsletter42.pdf)


The program options are summarized below

1. scope: asu_contents
   keys: * n_residues :: Number of residues per monomer/unit
         * n_bases :: Number of nucleotides per monomer/unit
         * n_copies_per_asu :: Number of copies in the ASU.
         * n_sites :: Number of atoms in anomalous sub-structure

   These keywords control the determination of the absolute scale.
   If the number of residues/bases is not specified, a solvent content of 50%%
   is assumed.  n_sites is used in analysis of probability of
   finding the sub-structure


2a.scope: xray_data
   keys: * file_name :: file name with xray data.
         * obs_labels :: labels for observed data is format is mtz of XPLOR/CNS
         * calc_labels :: optional; labels for calculated data
         * unit_cell :: overrides unit cell in reflection file (if present)
         * space_group :: overrides space group in reflection file (if prersent)
         * high_resolution :: High resolution limit of the data
         * low_resolution :: Low resolution limit of the data

   Note that the matching of specified and present labels involves a sub-string
   matching algorithm. See 'Example usage'.


2b.scope: xray_data.reference : A reference data set or structure.
   keys:  data.file_name :: file name for xray data
          structure.file_name :: file name of a PDB.
                                 Specification of a reference structure
                                 triggers RvsR cacluations.

3. scope: parameters.misc_twin_parameters.missing_symmetry
   keys: * sigma_inflation :: Sigma inflation value in scoring function.

   sigma_intensity_in_scoring_function = sigma_intensity*sigma_inflation

   Larger values of sigma inflation will tend to result in the point group
   selection algorithm to favour higher symmetry. If data is processed
   reasonably, the default should be fine.

4. scope: parameters.misc_twin_parameters.twinning_with_ncs
   keys: * perform_test :: can be set to True or False
         * n_bins :: Number of bins in determination of D_ncs

   The perform_test is by default set to False. Setting it to True triggers the
   determination of the twin fraction while taking into account NCS parallel to
   the twin axis.


5. scope: parameters.misc_twin_parameters.twin_test_cuts
   keys: * high_resolution : high resolution for twin tests
         * low_resolution: low resolution for twin tests
         * isigi_cut: I/sig(I) threshold in automatic determination
                      of high resolution limit
         * completeness_cut: completeness threshold in automatic
                             determination of high resolution limit

   The automatic determination of the resolution limit for the twinning test
   is determined on the basis of the completeness after removing intensities for
   which I/sigI<isigi_cut. The lowest limit obtain in this way is 3.5A.
   The value determined by the automatic procedure can be overruled by
   specification of the high_resolution keyword. The low resolution is set to
   10A by default.


6. scope: parameters.reporting
   keys: * verbose :: verbosity level.
         * log :: log file name

7. scope: xray_data
   keys: * file_name :: file name with xray data.
         * obs_labels :: labels for observed data is format is mtz of XPLOR/CNS
         * calc_labels :: optional; labels for calculated data
         * unit_cell :: overrides unit cell in reflection file (if present)
         * space_group :: overrides space group in reflection file (if prersent)
         * high_resolution :: High resolution limit of the data
         * low_resolution :: Low resolution limit of the data

   Note that the matching of specified and present labels involves a sub-string
   matching algorithm. See 'Example usage'.


Example usage:

  The commands
    %(appl)s xray_data.file_name=my_refl.mtz
    %(appl)s my_refl.mtz
  are equivalent.

  The commands
    %(appl)s my_refl.mtz obs=F_HG,SIGF_HG data.high=2.0 log=log.log perform=True
    %(appl)s my_refl.mtz obs=HG data.high=2.0 log=log.log perform=True
  are equivalent if the substring 'HG' is unique in the mtz file. If the labels contain character such as
  '(', use quoation marks: obs='F_HG(+)'.


--------------------------------------------------------------------------------

""" % vars()
             
                                                                                
                                              

                                                                     
                                                                             
                                                                 


                                        

                      
                                                            
                                                            
                                                           
                                                                

                                                                  
                                                                              
                                                             
                            


                   
                                                 
                                                                               
                                                              
                                                                           
                                                                                
                                                               
                                                             

                                                                               
                                           


                                                                  
                                                   
                                                    
                                                                       
                                                           

                                                          
                                                                        

                                                                        

                                                                          
                                                                      
                                          

                                                           
                                                      
                                                             

                                                                               
                                                                               
                 


                                                        
                                                           
                                                        
                                                                   
                                              
                                                                
                                                                   

                                                                            
                                                                                
                                                                       
                                                                      
                                                                             
                  


                              
                                      
                               

                   
                                                 
                                                                               
                                                              
                                                                           
                                                                                
                                                               
                                                             

                                                                               
                                           


              

              
                                            
                        
                 

              
                                                                                
                                                                      
                                                                                                         
                                         


                                                                                

  ^
SyntaxError: invalid syntax

*** Error compiling 'mmtbx/secondary_structure/__init__.py'...
  File "mmtbx/secondary_structure/__init__.py", line 40
    for k, g in groupby(enumerate(ss_all), lambda (i, x): i-x):
                                                  ^
SyntaxError: invalid syntax

*** Error compiling 'mmtbx/secondary_structure/build/__init__.py'...
  File "mmtbx/secondary_structure/build/__init__.py", line 143
    print "min, max, mean, sd hbond lenghts", hbondlen.min_max_mean().as_tuple(),\
                                           ^
SyntaxError: invalid syntax

*** Error compiling 'mmtbx/secondary_structure/build/tst_1.py'...
  File "mmtbx/secondary_structure/build/tst_1.py", line 444
    except Exception, e:
                    ^
SyntaxError: invalid syntax

*** Error compiling 'mmtbx/secondary_structure/build/tst_2.py'...
  File "mmtbx/secondary_structure/build/tst_2.py", line 1079
    print "minmaxmean sd", dmmm, abs(d2-d1).standard_deviation_of_the_sample()
                        ^
SyntaxError: invalid syntax

*** Error compiling 'mmtbx/secondary_structure/build/tst_3.py'...
  File "mmtbx/secondary_structure/build/tst_3.py", line 114
    print "OK"
             ^
SyntaxError: Missing parentheses in call to 'print'. Did you mean print(t "OK")?

*** Error compiling 'mmtbx/secondary_structure/build/tst_io.py'...
  File "mmtbx/secondary_structure/build/tst_io.py", line 28
    print "Time: %6.4f"%(time.time()-t0)
                      ^
SyntaxError: invalid syntax

*** Error compiling 'mmtbx/secondary_structure/build/tst_ss_id_ncs.py'...
  File "mmtbx/secondary_structure/build/tst_ss_id_ncs.py", line 273
    print "OK"
             ^
SyntaxError: Missing parentheses in call to 'print'. Did you mean print(t "OK")?

*** Error compiling 'mmtbx/secondary_structure/find_ss_from_ca.py'...
  File "mmtbx/secondary_structure/find_ss_from_ca.py", line 680
    except Exception,e: # the helix needs to be deleted
                    ^
SyntaxError: invalid syntax

*** Error compiling 'mmtbx/secondary_structure/nucleic_acids.py'...
  File "mmtbx/secondary_structure/nucleic_acids.py", line 417
    print "Warning, Cannot make NA restraints for %s residue" % resname
                                                            ^
SyntaxError: Missing parentheses in call to 'print'. Did you mean print(int "Warning, Cannot make NA restraints for %s residue" % resname)?

*** Error compiling 'mmtbx/secondary_structure/proteins.py'...
  File "mmtbx/secondary_structure/proteins.py", line 243
    print "limit: %.2f" % limit
                      ^
SyntaxError: Missing parentheses in call to 'print'. Did you mean print(print "limit: %.2f" % limit)?

*** Error compiling 'mmtbx/secondary_structure/regularize_from_pdb.py'...
  File "mmtbx/secondary_structure/regularize_from_pdb.py", line 427
    print "Model numbers: %d  Segments: %d " %(
                                           ^
SyntaxError: invalid syntax

*** Error compiling 'mmtbx/secondary_structure/tst.py'...
  File "mmtbx/secondary_structure/tst.py", line 20
    print "Skipping exercise(): input file not available."
                                                         ^
SyntaxError: invalid syntax

*** Error compiling 'mmtbx/secondary_structure/tst_insertion_codes.py'...
  File "mmtbx/secondary_structure/tst_insertion_codes.py", line 178
    print n_hbonds, n_hangles
                 ^
SyntaxError: Missing parentheses in call to 'print'. Did you mean print(t n_hbonds, n_hangles)?

*** Error compiling 'mmtbx/secondary_structure/tst_segid.py'...
  File "mmtbx/secondary_structure/tst_segid.py", line 750
    print grm.get_n_hbond_proxies(), "want 30"  # 31 hbonds, with segids 30
            ^
SyntaxError: invalid syntax

*** Error compiling 'mmtbx/sisa/optimize/mod_input.py'...
  File "mmtbx/sisa/optimize/mod_input.py", line 173
    except RuntimeError, e :
                       ^
SyntaxError: invalid syntax

*** Error compiling 'mmtbx/sisa/optimize/mod_mtz.py'...
  File "mmtbx/sisa/optimize/mod_mtz.py", line 88
    print "couldn't find all required columns"
                                             ^
SyntaxError: Missing parentheses in call to 'print'. Did you mean print(print "couldn't find all required columns")?

*** Error compiling 'mmtbx/sisa/optimize/mod_optimize.py'...
  File "mmtbx/sisa/optimize/mod_optimize.py", line 150
    print txt_prn_out
                    ^
SyntaxError: Missing parentheses in call to 'print'. Did you mean print(int txt_prn_out)?

*** Error compiling 'mmtbx/superpose.py'...
  File "mmtbx/superpose.py", line 384
    except Exception, e:
                    ^
SyntaxError: invalid syntax

*** Error compiling 'mmtbx/tls/analysis.py'...
  File "mmtbx/tls/analysis.py", line 48
    except Exception, e:
                    ^
SyntaxError: invalid syntax

*** Error compiling 'mmtbx/tls/command_line.py'...
  File "mmtbx/tls/command_line.py", line 104
    except ValueError, e :
                     ^
SyntaxError: invalid syntax

*** Error compiling 'mmtbx/tls/tls_as_xyz.py'...
  File "mmtbx/tls/tls_as_xyz.py", line 77
    print "atom %d:"%i
                   ^
SyntaxError: Missing parentheses in call to 'print'. Did you mean print(print "atom %d:"%i)?

*** Error compiling 'mmtbx/tls/tools.py'...
  File "mmtbx/tls/tools.py", line 556
    print "T1=" + format % (m1[0],m1[1],m1[2],m1[3],m1[4],m1[5])
              ^
SyntaxError: invalid syntax

*** Error compiling 'mmtbx/twinning/probabalistic_detwinning.py'...
  File "mmtbx/twinning/probabalistic_detwinning.py", line 171
    print "OK"
             ^
SyntaxError: Missing parentheses in call to 'print'. Did you mean print(t "OK")?

*** Error compiling 'mmtbx/twinning/twin_map_utils.py'...
  File "mmtbx/twinning/twin_map_utils.py", line 106
    print """
%(command_name)s
%(command_under)s

A command line utility to compute map coefficients for twinned data.
Bulk solvent parameters and twin fractions are determined automatically.
If no twin law is specified, map coefficents for all twin laws will
be computed.

The keywords are sumarized below:

twin_utils{
  input{
    unit_cell=None
    space_group=None
    xray_data{
      file_name=None
      obs_labels=None
      free_flag=None
      }
    model{
      file_name=None
      }
  }
  parameters{
    twinning{
      twin_law=None
      max_delta=3.0
    }
  }
  output{
    logfile=twin_tools.log
    map_coeffs_root=MAP_COEFFS
  }
}

A typical run looks like this:

%(command_name)s data.file=mydata.mtz model.file=mymodel.pdb \\
  obs_labels=FP,SIGFP free_flag=TEST

If no unit cell is specified, the unit cell of the reflection
file or the model will be used.
""" % vars()
             
                
                 

                                                                    
                                                                        
                                                                   
            

                                 

           
        
                  
                    
              
                    
                     
                    
       
          
                    
       
   
             
             
                   
                   
     
   
         
                          
                              
   
 

                              

                                                               
                                    

                                                             
                               
  ^
SyntaxError: invalid syntax

*** Error compiling 'mmtbx/utils/__init__.py'...
  File "mmtbx/utils/__init__.py", line 369
    except reflection_file_utils.Sorry_No_array_of_the_required_type, e:
                                                                    ^
SyntaxError: invalid syntax

*** Error compiling 'mmtbx/utils/rotatable_bonds.py'...
  File "mmtbx/utils/rotatable_bonds.py", line 17
    if 0: print plane_atom_names
                               ^
SyntaxError: Missing parentheses in call to 'print'. Did you mean print(0: print plane_atom_names)?

*** Error compiling 'mmtbx/validation/chain_comparison.py'...
  File "mmtbx/validation/chain_comparison.py", line 388
    except Exception, e:
                    ^
SyntaxError: invalid syntax

*** Error compiling 'mmtbx/validation/clashscore.py'...
  File "mmtbx/validation/clashscore.py", line 93
    print "\nUsing electron cloud x-H distances and vdW radii"
                                                             ^
SyntaxError: Missing parentheses in call to 'print'. Did you mean print(print "\nUsing electron cloud x-H distances and vdW radii")?

*** Error compiling 'mmtbx/validation/comprehensive_residue.py'...
  File "mmtbx/validation/comprehensive_residue.py", line 72
    print self.rama_result
             ^
SyntaxError: Missing parentheses in call to 'print'. Did you mean print(print self.rama_result)?

*** Error compiling 'mmtbx/validation/convert_lists.py'...
  File "mmtbx/validation/convert_lists.py", line 9
    print 'filename',filename
                   ^
SyntaxError: Missing parentheses in call to 'print'. Did you mean print(t 'filename',filename)?

*** Error compiling 'mmtbx/validation/datasets.py'...
  File "mmtbx/validation/datasets.py", line 18
    print name
             ^
SyntaxError: Missing parentheses in call to 'print'. Did you mean print(print name)?

*** Error compiling 'mmtbx/validation/experimental.py'...
  File "mmtbx/validation/experimental.py", line 228
    except Exception, e :
                    ^
SyntaxError: invalid syntax

*** Error compiling 'mmtbx/validation/molprobity/__init__.py'...
  File "mmtbx/validation/molprobity/__init__.py", line 448
    except Exception, e :
                    ^
SyntaxError: invalid syntax

*** Error compiling 'mmtbx/validation/ramachandran/convert_from_text.py'...
  File "mmtbx/validation/ramachandran/convert_from_text.py", line 99
    print "converting file", os.path.join(path_to_files, fname)
                          ^
SyntaxError: invalid syntax

*** Error compiling 'mmtbx/validation/regression/tst_cablam.py'...
  File "mmtbx/validation/regression/tst_cablam.py", line 184
    print "Skipping exercise_cablam(): input pdb (pdb103l.ent) not available"
                                                                            ^
SyntaxError: invalid syntax

*** Error compiling 'mmtbx/validation/regression/tst_cbetadev.py'...
  File "mmtbx/validation/regression/tst_cbetadev.py", line 14
    print "Skipping exercise_cbetadev(): input pdb (pdb1jxt.ent) not available"
                                                                              ^
SyntaxError: invalid syntax

*** Error compiling 'mmtbx/validation/regression/tst_clashscore.py'...
  File "mmtbx/validation/regression/tst_clashscore.py", line 56
    print "Skipping exercise_clashscore(): probe not configured"
                                                               ^
SyntaxError: invalid syntax

*** Error compiling 'mmtbx/validation/regression/tst_experimental.py'...
  File "mmtbx/validation/regression/tst_experimental.py", line 57
    print "OK"
             ^
SyntaxError: Missing parentheses in call to 'print'. Did you mean print(t "OK")?

*** Error compiling 'mmtbx/validation/regression/tst_keep_hydrogens.py'...
  File "mmtbx/validation/regression/tst_keep_hydrogens.py", line 62
    print "keep_hydrogens=", str(keep)
                          ^
SyntaxError: invalid syntax

*** Error compiling 'mmtbx/validation/regression/tst_model_properties.py'...
  File "mmtbx/validation/regression/tst_model_properties.py", line 374
    print "OK"
             ^
SyntaxError: Missing parentheses in call to 'print'. Did you mean print(t "OK")?

*** Error compiling 'mmtbx/validation/regression/tst_molprobity_1.py'...
  File "mmtbx/validation/regression/tst_molprobity_1.py", line 137
    print "OK"
             ^
SyntaxError: Missing parentheses in call to 'print'. Did you mean print(t "OK")?

*** Error compiling 'mmtbx/validation/regression/tst_molprobity_2.py'...
  File "mmtbx/validation/regression/tst_molprobity_2.py", line 22
    print "phenix_regression not available, skipping."
                                                     ^
SyntaxError: Missing parentheses in call to 'print'. Did you mean print(int "phenix_regression not available, skipping.")?

*** Error compiling 'mmtbx/validation/regression/tst_molprobity_3.py'...
  File "mmtbx/validation/regression/tst_molprobity_3.py", line 89
    print "OK"
             ^
SyntaxError: Missing parentheses in call to 'print'. Did you mean print(int "OK")?

*** Error compiling 'mmtbx/validation/regression/tst_molprobity_4.py'...
  File "mmtbx/validation/regression/tst_molprobity_4.py", line 46
    print "OK"
             ^
SyntaxError: Missing parentheses in call to 'print'. Did you mean print(t "OK")?

*** Error compiling 'mmtbx/validation/regression/tst_molprobity_arguments.py'...
  File "mmtbx/validation/regression/tst_molprobity_arguments.py", line 27
    print line
             ^
SyntaxError: Missing parentheses in call to 'print'. Did you mean print(int line)?

*** Error compiling 'mmtbx/validation/regression/tst_mp_geo.py'...
  File "mmtbx/validation/regression/tst_mp_geo.py", line 180
    print "OK. Time: %8.3f"%(time.time()-t0)
                          ^
SyntaxError: invalid syntax

*** Error compiling 'mmtbx/validation/regression/tst_nqh_minimize.py'...
  File "mmtbx/validation/regression/tst_nqh_minimize.py", line 95
    print "OK. Time: %8.3f"%(time.time()-t0)
                          ^
SyntaxError: invalid syntax

*** Error compiling 'mmtbx/validation/regression/tst_omegalyze.py'...
  File "mmtbx/validation/regression/tst_omegalyze.py", line 38
    print "Skipping exercise_omegalyze(): input pdb (2hr0.pdb) not available"
                                                                            ^
SyntaxError: invalid syntax

*** Error compiling 'mmtbx/validation/regression/tst_ramalyze.py'...
  File "mmtbx/validation/regression/tst_ramalyze.py", line 18
    print "Skipping exercise_ramalyze(): input pdb (jcm.pdb) not available"
                                                                          ^
SyntaxError: invalid syntax

*** Error compiling 'mmtbx/validation/regression/tst_ramalyze2.py'...
  File "mmtbx/validation/regression/tst_ramalyze2.py", line 172
    print "OK. Time: %8.3f"%(time.time()-t0)
                          ^
SyntaxError: invalid syntax

*** Error compiling 'mmtbx/validation/regression/tst_restraints.py'...
  File "mmtbx/validation/regression/tst_restraints.py", line 115
    print "OK"
             ^
SyntaxError: Missing parentheses in call to 'print'. Did you mean print(t "OK")?

*** Error compiling 'mmtbx/validation/regression/tst_rna_validate.py'...
  File "mmtbx/validation/regression/tst_rna_validate.py", line 21
    print "Skipping exercise: input pdb (pdb2goz_refmac_tls.ent) not available"
                                                                              ^
SyntaxError: invalid syntax

*** Error compiling 'mmtbx/validation/regression/tst_rotalyze.py'...
  File "mmtbx/validation/regression/tst_rotalyze.py", line 19
    print "Skipping exercise_rotalyze(): input pdb (jcm.pdb) not available"
                                                                          ^
SyntaxError: invalid syntax

*** Error compiling 'mmtbx/validation/regression/tst_waters.py'...
  File "mmtbx/validation/regression/tst_waters.py", line 44
    print "OK"
             ^
SyntaxError: Missing parentheses in call to 'print'. Did you mean print(t "OK")?

*** Error compiling 'mmtbx/validation/sequence.py'...
  File "mmtbx/validation/sequence.py", line 162
    print "WARNING: can't find center of residue %s" % resid
                                                   ^
SyntaxError: Missing parentheses in call to 'print'. Did you mean print(print "WARNING: can't find center of residue %s" % resid)?

*** Error compiling 'mmtbx/validation/utils.py'...
  File "mmtbx/validation/utils.py", line 347
    print "Numpy not installed, will skip array conversion."
                                                           ^
SyntaxError: Missing parentheses in call to 'print'. Did you mean print(int "Numpy not installed, will skip array conversion.")?

*** Error compiling 'mmtbx/wwpdb/tst_rcsb_web_services.py'...
  File "mmtbx/wwpdb/tst_rcsb_web_services.py", line 17
    print "OK"
             ^
SyntaxError: Missing parentheses in call to 'print'. Did you mean print(t "OK")?

*** Error compiling 'mmtbx/wwpdb/tst_standard_geometry_cif.py'...
  File "mmtbx/wwpdb/tst_standard_geometry_cif.py", line 16
    print "OK"
             ^
SyntaxError: Missing parentheses in call to 'print'. Did you mean print(t "OK")?

*** Error compiling 'mmtbx/wwpdb/tst_utils.py'...
  File "mmtbx/wwpdb/tst_utils.py", line 17
    print "OK"
             ^
SyntaxError: Missing parentheses in call to 'print'. Did you mean print(t "OK")?

*** Error compiling 'mmtbx/xmanip.py'...
  File "mmtbx/xmanip.py", line 351
    print """
#phil __OFF__
\t\t%s

A program for the manipulation of xray data objects (coordinates and reflection files).

The keywords are sumarized below:

#phil __ON__
xmanip {
  input {
    unit_cell = None
    space_group = None
    xray_data {
      file_name = None
      labels = None
      label_appendix = None
      name = None
      write_out = None
    }
    model {
      file_name = None
    }
  }
  parameters {
    action = reindex manipulate_pdb *manipulate_miller
    reindex {
      standard_laws = niggli *reference_setting invert user_supplied
      user_supplied_law = "h,k,l"
    }
    manipulate_miller {
      task = get_dano get_diso lsq_scale sfcalc *custom None
      output_label_root = "FMODEL"
      get_dano {
        input_data = None
      }
      get_diso {
        native = None
        derivative = None
        use_intensities = True
        use_weights = True
        scale_weight = True
      }
      lsq_scale {
        input_data_1 = None
        input_data_2 = None
        use_intensities = True
        use_weights = True
        scale_weight = True
      }
      sfcalc {
        fobs = None
        output = *2mFo-DFc mFo-DFc complex_fcalc abs_fcalc intensities
        use_bulk_and_scale = *as_estimated user_upplied
        bulk_and_scale_parameters {
          d_min = 2
          overall {
            b_cart {
              b_11 = 0
              b_22 = 0
              b_33 = 0
              b_12 = 0
              b_13 = 0
              b_23 = 0
            }
            k_overall = 0.1
          }
          solvent {
            k_sol = 0.3
            b_sol = 56
          }
        }
      }
      custom{
        code = print >> out, "hello world"
      }
    }
    manipulate_pdb{
      task = apply_operator *set_b
      apply_operator{
        operator = "x,y,z"
        invert=False
        concatenate_model=False
        chain_id_increment=1
      }
      set_b{
        b_iso = 30
      }
    }
  }
  output {
    logfile = "xmanip.log"
    hklout = "xmanip.mtz"
    xyzout = "xmanip.pdb"
  }
}
#phil __END__


Further details can be found in the documentation.

  """%(command_name)
             
             
      

                                                                                       

                                 

            
        
         
                    
                      
               
                      
                   
                           
                 
                      
     
           
                      
     
   
              
                                                      
             
                                                                    
                                 
     
                       
                                                            
                                  
                
                         
       
                
                     
                         
                              
                          
                           
       
                 
                           
                           
                              
                          
                           
       
              
                   
                                                                      
                                                       
                                   
                   
                   
                    
                      
                      
                      
                      
                      
                      
             
                           
           
                   
                       
                      
           
         
       
             
                                          
       
     
                   
                                  
                     
                          
                    
                               
                            
       
            
                  
       
     
   
          
                          
                         
                         
   
 
             


                                                  

    ^
SyntaxError: invalid syntax

*** Error compiling 'mmtbx/xmanip_tasks.py'...
  File "mmtbx/xmanip_tasks.py", line 331
    exec instruction
                   ^
SyntaxError: Missing parentheses in call to 'exec'

